#
# A fatal error has been detected by the Java Runtime Environment:
#
#  EXCEPTION_ACCESS_VIOLATION (0xc0000005) at pc=0x00007ff9faf43004, pid=19952, tid=20284
#
# JRE version: OpenJDK Runtime Environment (24.0+36) (build 24+36-3646)
# Java VM: OpenJDK 64-Bit Server VM (24+36-3646, mixed mode, sharing, tiered, compressed oops, compressed class ptrs, g1 gc, windows-amd64)
# Problematic frame:
# C  0x00007ff9faf43004
#
# No core dump will be written. Minidumps are not enabled by default on client versions of Windows
#
# JFR recording file will be written. Location: C:\Users\Elouan\cours1\demo2\hs_err_pid19952.jfr
#
# If you would like to submit a bug report, please visit:
#   https://bugreport.java.com/bugreport/crash.jsp
# The crash happened outside the Java Virtual Machine in native code.
# See problematic frame for where to report the bug.
#

---------------  S U M M A R Y ------------

Command Line: -javaagent:C:\Program Files\JetBrains\IntelliJ IDEA 2024.3.5\lib\idea_rt.jar=54620 -Dfile.encoding=UTF-8 -Dsun.stdout.encoding=UTF-8 -Dsun.stderr.encoding=UTF-8 --module-path=C:\Users\Elouan\.m2\repository\org\openjfx\javafx-controls\17.0.6\javafx-controls-17.0.6-win.jar;C:\Users\Elouan\.m2\repository\org\openjfx\javafx-fxml\17.0.6\javafx-fxml-17.0.6-win.jar;C:\Users\Elouan\.m2\repository\org\openjfx\javafx-base\17.0.6\javafx-base-17.0.6-win.jar;C:\Users\Elouan\.m2\repository\org\openjfx\javafx-graphics\17.0.6\javafx-graphics-17.0.6-win.jar;C:\Users\Elouan\cours1\demo2\target\classes -Djdk.module.main=demo2 demo2/tp2.Main

Host: 12th Gen Intel(R) Core(TM) i5-12500H, 16 cores, 15G,  Windows 11 , 64 bit Build 26100 (10.0.26100.3624)
Time: Tue Apr  1 16:20:16 2025 Paris, Madrid (heure duild 26100 (10.0.26100.3624) elapsed time: 4.854383 seconds (0d 0h 0m 4s)

---------------  T H R E A D  ---------------

Current thread (0x000001b33766c920):  JavaThread "Attach Listener" daemon [_thread_in_native, id=20284, stack(0x0000005f7c400000,0x0000005f7c500000) (1024K)]

Stack: [0x0000005f7c400000,0x0000005f7c500000],  sp=0x0000005f7c4fee10,  free space=1019k
Native frames: (J=compiled Java code, j=interpreted, Vv=VM code, C=native code)
C  0x00007ff9faf43004  (no source info available)
C  0x00007ff9faf434db  (no source info available)
C  0x00007ff9faf42134  (no source info available)
C  0x00007ff9faf429aa  (no source info available)
C  0x00007ff9faf3d561  (no source info available)
C  0x00007ff9faf2ef21  (no source info available)
C  0x00007ff9faf2dc38  (no source info available)
C  0x00007ff9faf2db20  (no source info available)
C  0x00007ff9faf34af9  (no source info available)
V  [jvm.dll+0x57f1b7]  (no source info available)
V  [jvm.dll+0x57ff2c]  (no source info available)
V  [jvm.dll+0x14c9b7]  (no source info available)
V  [jvm.dll+0x14df81]  (no source info available)
V  [jvm.dll+0x42f566]  (no source info available)
V  [jvm.dll+0x87d8fb]  (no source info available)
V  [jvm.dll+0x72efe5]  (no source info available)
C  [ucrtbase.dll+0x37b0]  (no source info available)
C  [KERNEL32.DLL+0x2e8d7]  (no source info available)
C  [ntdll.dll+0xb14fc]  (no source info available)


siginfo: EXCEPTION_ACCESS_VIOLATION (0xc0000005), reading address 0xffffffffffffffff


Registers:
RAX=0x0000000000000010, RBX=0x0000000000000000, RCX=0xffffffffffffffff, RDX=0x007ff9dd3d2ff010
RSP=0x0000005f7c4fee10, RBP=0x000001b300f351d0, RSI=0x0000005f7c4fef80, RDI=0x000001b300f351d0
R8 =0x0000000000000042, R9 =0x0000000712222ad0, R10=0x00007ff9dd649fc0, R11=0x0000000000000004
R12=0x0000005f7c4fef80, R13=0x000001b300890110, R14=0x000001b33766cce8, R15=0x000001b33766cce8
RIP=0x00007ff9faf43004, EFLAGS=0x0000000000010202

XMM[0]=0x0000000000000000 0x0000000000000000
XMM[1]=0x0000000000000000 0x0000000000000000
XMM[2]=0x0000000000000000 0x0000000000000000
XMM[3]=0x0000000000000000 0x0000000000000000
XMM[4]=0x0000000000000000 0x0000000000000000
XMM[5]=0x0000000000000000 0x0000000000000000
XMM[6]=0x0000000000000000 0x0000000000000000
XMM[7]=0x0000000000000000 0x0000000000000000
XMM[8]=0x0000000000000000 0x0000000000000000
XMM[9]=0x0000000000000000 0x0000000000000000
XMM[10]=0x0000000000000000 0x0000000000000000
XMM[11]=0x0000000000000000 0x0000000000000000
XMM[12]=0x0000000000000000 0x0000000000000000
XMM[13]=0x0000000000000000 0x0000000000000000
XMM[14]=0x0000000000000000 0x0000000000000000
XMM[15]=0x0000000000000000 0x0000000000000000
  MXCSR=0x00001fa0


Register to memory mapping:

RAX=0x0000000000000010 is an unknown value
RBX=0x0 is null
RCX=0xffffffffffffffff is an unknown value
RDX=0x007ff9dd3d2ff010 is an unknown value
RSP=0x0000005f7c4fee10 is pointing into the stack for thread: 0x000001b33766c920
RBP=0x000001b300f351d0 points into unknown readable memory: 0x0000000712222ad0 | d0 2a 22 12 07 00 00 00
RSI=0x0000005f7c4fef80 is pointing into the stack for thread: 0x000001b33766c920
RDI=0x000001b300f351d0 points into unknown readable memory: 0x0000000712222ad0 | d0 2a 22 12 07 00 00 00
R8 =0x0000000000000042 is an unknown value
R9 =0x0000000712222ad0 is an oop: java.lang.Thread 
{0x0000000712222ad0} - klass: 'java/lang/Thread' - flags: 

 - ---- fields (total size 14 words):
 - 'threadLocalRandomProbe' 'I' @12  1013904242 (0x3c6ef372)
 - private volatile 'eetop' 'J' @16  1868713276352 (0x000001b317fdb3c0)
 - private final 'tid' 'J' @24  3 (0x0000000000000003)
 - 'threadLocalRandomSeed' 'J' @32  -469868473585623559 (0xf97ab11cdcc61df9)
 - injected 'jvmti_thread_state' 'J' @40  1868325692272 (0x000001b300e3a370)
 - 'threadLocalRandomSecondarySeed' 'I' @48  0 (0x00000000)
 - injected 'jvmti_VTMS_transition_disable_count' 'I' @52  0 (0x00000000)
 - injected 'jfr_epoch' 'S' @56  0 (0x0000)
 - volatile 'interrupted' 'Z' @58  false (0x00)
 - injected 'jvmti_is_in_VTMS_transition' 'Z' @59  false (0x00)
 - private volatile 'name' 'Ljava/lang/String;' @60  "main"{0x000000071202f230} (0xe2405e46)
 - private volatile 'contextClassLoader' 'Ljava/lang/ClassLoader;' @64  a 'jdk/internal/loader/ClassLoaders$AppClassLoader'{0x0000000712246068} (0xe2448c0d)
 - private final 'holder' 'Ljava/lang/Thread$FieldHolder;' @68  a 'java/lang/Thread$FieldHolder'{0x000000071202f260} (0xe2405e4c)
 - 'threadLocals' 'Ljava/lang/ThreadLocal$ThreadLocalMap;' @72  a 'java/lang/ThreadLocal$ThreadLocalMap'{0x000000071202f288} (0xe2405e51)
 - 'inheritableThreadLocals' 'Ljava/lang/ThreadLocal$ThreadLocalMap;' @76  null (0x00000000)
 - private 'scopedValueBindings' 'Ljava/lang/Object;' @80  a 'java/lang/Class'{0x00000007ffe7c280} = 'java/lang/Thread' (0xfffcf850)
 - final 'interruptLock' 'Ljava/lang/Object;' @84  a 'java/lang/Object'{0x000000071202f5e8} (0xe2405ebd)
 - private volatile 'parkBlocker' 'Ljava/lang/Object;' @88  a 'java/util/concurrent/CountDownLatch$Sync'{0x0000000712222ab0} (0xe2444556)
 - private 'nioBlocker' 'Lsun/nio/ch/Interruptible;' @92  null (0x00000000)
 - private 'cont' 'Ljdk/internal/vm/Continuation;' @96  null (0x00000000)
 - private volatile 'uncaughtExceptionHandler' 'Ljava/lang/Thread$UncaughtExceptionHandler;' @100  null (0x00000000)
 - private 'container' 'Ljdk/internal/vm/ThreadContainer;' @104  null (0x00000000)
 - private volatile 'headStackableScopes' 'Ljdk/internal/vm/StackableScope;' @108  null (0x00000000)
R10=0x00007ff9dd649fc0 jvm.dll
R11=0x0000000000000004 is an unknown value
R12=0x0000005f7c4fef80 is pointing into the stack for thread: 0x000001b33766c920
R13=0x000001b300890110 points into unknown readable memory: 0x00007ff9dd5ba510 | 10 a5 5b dd f9 7f 00 00
R14=0x000001b33766cce8 points into unknown readable memory: 0x00007ff9dd5b17b0 | b0 17 5b dd f9 7f 00 00
R15=0x000001b33766cce8 points into unknown readable memory: 0x00007ff9dd5b17b0 | b0 17 5b dd f9 7f 00 00

Top of Stack: (sp=0x0000005f7c4fee10)
0x0000005f7c4fee10:   0000005f7c4fef80 000001b300f351d0   ..O|_....Q......
0x0000005f7c4fee20:   0000000000000000 000001b33766d070   ........p.f7....
0x0000005f7c4fee30:   000000000000003a 00007ff9faf434db   :........4......
0x0000005f7c4fee40:   0000000000000000 000001b33766cce8   ..........f7....
0x0000005f7c4fee50:   0000005f7c4fef01 0000000000000000   ..O|_...........
0x0000005f7c4fee60:   000001b300b5a5e0 00007ff9faf42134   ........4!......
0x0000005f7c4fee70:   0000000000000000 000000000000003a   ........:.......
0x0000005f7c4fee80:   0000000000000000 000000000000003a   ........:.......
0x0000005f7c4fee90:   0000001500a8ad28 000001b30d78f680   (.........x.....
0x0000005f7c4feea0:   000001b300b5a5e0 000001b300b5a6c8   ................
0x0000005f7c4feeb0:   000001b300b5a6dc 0000000000002898   .........(......
0x0000005f7c4feec0:   0000000000000000 0000000000000000   ................
0x0000005f7c4feed0:   0000000000000000 00007ff9dce158e4   .........X......
0x0000005f7c4feee0:   00007ff9fb09ae00 0000000000004df0   .........M......
0x0000005f7c4feef0:   00007ff9fb09ae00 00000000ffffffff   ................
0x0000005f7c4fef00:   0000000000000000 00007ff9faf429aa   .........)......
0x0000005f7c4fef10:   000001b33766cce8 0000000000000000   ..f7............
0x0000005f7c4fef20:   0000005f7c4fef89 000001b300890110   ..O|_...........
0x0000005f7c4fef30:   0000000000000004 0000000000000048   ........H.......
0x0000005f7c4fef40:   0000000800800310 0000000000000020   ........ .......
0x0000005f7c4fef50:   000001b33766cce8 00007ff9fb09ae00   ..f7............
0x0000005f7c4fef60:   000001b31806fef0 000001b300e3a370   ........p.......
0x0000005f7c4fef70:   0000000800800390 000001b33766cce8   ..........f7....
0x0000005f7c4fef80:   000001b30e6c0160 000001b30e6c08a0   `.l.......l.....
0x0000005f7c4fef90:   000001b30e6c08a0 00007ff9fb09ae00   ..l.............
0x0000005f7c4fefa0:   000001b300a8ad28 0000005f7c4ff118   (.........O|_...
0x0000005f7c4fefb0:   0000005f7c4ff250 0000000000008840   P.O|_...@.......
0x0000005f7c4fefc0:   0000005f7c4ff430 00007ff9fb09ae50   0.O|_...P.......
0x0000005f7c4fefd0:   0000000000989680 0000000000989680   ................
0x0000005f7c4fefe0:   0000005f7c4ff0f0 00007ff9faf3d561   ..O|_...a.......
0x0000005f7c4feff0:   00007ff9fb09ae00 00007ff9fb09ae58   ........X.......
0x0000005f7c4ff000:   00007ff900000000 00007ff900000001   ................

Instructions: (pc=0x00007ff9faf43004)
  0x00007ff9faf42f04:   cc cc cc cc cc cc cc cc cc cc cc cc cc cc cc cc
  0x00007ff9faf42f14:   cc cc cc cc cc cc cc cc cc cc cc cc cc cc cc cc
  0x00007ff9faf42f24:   cc cc cc cc cc cc cc cc cc cc cc cc cc cc cc cc
  0x00007ff9faf42f34:   cc cc cc cc cc cc cc cc cc cc cc cc cc cc cc cc
  0x00007ff9faf42f44:   cc cc cc cc cc cc cc cc cc cc cc cc cc cc cc cc
  0x00007ff9faf42f54:   cc cc cc cc cc cc cc cc cc cc cc cc cc cc cc cc
  0x00007ff9faf42f64:   cc cc cc cc cc cc cc cc cc cc cc cc cc cc cc cc
  0x00007ff9faf42f74:   cc cc cc cc cc cc cc cc cc cc cc cc cc cc cc cc
  0x00007ff9faf42f84:   cc cc cc cc cc cc cc cc cc cc cc cc 40 57 48 83
  0x00007ff9faf42f94:   ec 20 48 8b f9 48 8b 0d 30 80 15 00 48 85 c9 74
  0x00007ff9faf42fa4:   20 48 8b 01 48 8d 54 24 38 41 b8 06 00 01 00 4c
  0x00007ff9faf42fb4:   8b 48 30 41 ff d1 85 c0 75 07 48 8b 4c 24 38 eb
  0x00007ff9faf42fc4:   02 33 c9 4c 8b 05 0a 81 15 00 48 89 5c 24 30 4d
  0x00007ff9faf42fd4:   85 c0 74 4a 48 8b 01 48 8b d7 4c 8b 88 28 03 00
  0x00007ff9faf42fe4:   00 41 ff d1 48 85 c0 74 35 48 63 0d b8 3d 15 00
  0x00007ff9faf42ff4:   48 8b 14 01 48 85 d2 74 15 48 63 05 bc 3d 15 00
=>0x00007ff9faf43004:   8b 04 10 48 8b 5c 24 30 48 83 c4 20 5f c3 b8 ff
  0x00007ff9faf43014:   ff ff ff 48 8b 5c 24 30 48 83 c4 20 5f c3 80 3d
  0x00007ff9faf43024:   bb 7f 15 00 00 bb ff ff ff ff 74 20 4c 8b 0d 51
  0x00007ff9faf43034:   7c 15 00 4c 8d 44 24 38 48 8b 0d 35 7c 15 00 48
  0x00007ff9faf43044:   8b d7 41 ff d1 85 c0 0f 44 5c 24 38 8b c3 48 8b
  0x00007ff9faf43054:   5c 24 30 48 83 c4 20 5f c3 cc cc cc cc cc cc cc
  0x00007ff9faf43064:   cc cc cc cc cc cc cc cc cc cc cc cc cc cc cc cc
  0x00007ff9faf43074:   cc cc cc cc cc cc cc cc cc cc cc cc cc cc cc cc
  0x00007ff9faf43084:   cc cc cc cc cc cc cc cc cc cc cc cc 48 89 54 24
  0x00007ff9faf43094:   10 53 55 56 57 41 56 41 57 48 83 ec 28 48 8b f2
  0x00007ff9faf430a4:   4c 8b f1 48 89 4c 24 78 45 33 ff 44 89 7c 24 68
  0x00007ff9faf430b4:   c7 44 24 60 01 00 00 00 48 8d 4c 24 68 e8 69 3c
  0x00007ff9faf430c4:   f7 ff 8b d8 48 8d 4c 24 60 e8 5d 3c f7 ff 8b e8
  0x00007ff9faf430d4:   49 8b ce e8 33 f3 f6 ff 48 8b f8 90 8b c3 f0 0f
  0x00007ff9faf430e4:   b1 2f 74 04 f3 90 eb f4 4c 89 3e 4c 89 7e 08 4c
  0x00007ff9faf430f4:   89 7e 10 49 8b 6e 08 4d 8b 76 10 49 3b ee 0f 84


Stack slot to memory mapping:

stack at sp + 0 slots: 0x0000005f7c4fef80 is pointing into the stack for thread: 0x000001b33766c920
stack at sp + 1 slots: 0x000001b300f351d0 points into unknown readable memory: 0x0000000712222ad0 | d0 2a 22 12 07 00 00 00
stack at sp + 2 slots: 0x0 is null
stack at sp + 3 slots: 0x000001b33766d070 points into unknown readable memory: 0x6e616c2e6176616a | 6a 61 76 61 2e 6c 61 6e
stack at sp + 4 slots: 0x000000000000003a is an unknown value
stack at sp + 5 slots: 0x00007ff9faf434db points into unknown readable memory: 44 8b d8 83 f8
stack at sp + 6 slots: 0x0 is null
stack at sp + 7 slots: 0x000001b33766cce8 points into unknown readable memory: 0x00007ff9dd5b17b0 | b0 17 5b dd f9 7f 00 00

Lock stack of current Java thread (top to bottom):


---------------  P R O C E S S  ---------------

Threads class SMR info:
_java_thread_list=0x000001b3006752a0, length=30, elements={
0x000001b317fdb3c0, 0x000001b337665400, 0x000001b337665d40, 0x000001b33766bdf0,
0x000001b33766c920, 0x000001b33766dc70, 0x000001b3381101b0, 0x000001b338125cd0,
0x000001b33811af40, 0x000001b338190af0, 0x000001b3381fb380, 0x000001b33820a440,
0x000001b37e0929b0, 0x000001b37e10c6b0, 0x000001b37e5f3f20, 0x000001b300260a00,
0x000001b3002ebba0, 0x000001b3000e7840, 0x000001b300190fb0, 0x000001b37eb85e90,
0x000001b37ebd7230, 0x000001b37ebd6ae0, 0x000001b37ebd7980, 0x000001b37ebd8820,
0x000001b37ebd8f70, 0x000001b30000ae40, 0x000001b30d6c2e50, 0x000001b30d6c35e0,
0x000001b300a49fd0, 0x000001b300a48290
}

Java Threads: ( => current thread )
  0x000001b317fdb3c0 JavaThread "main"                              [_thread_blocked, id=14764, stack(0x0000005f7b900000,0x0000005f7ba00000) (1024K)]
  0x000001b337665400 JavaThread "Reference Handler"          daemon [_thread_blocked, id=14036, stack(0x0000005f7c100000,0x0000005f7c200000) (1024K)]
  0x000001b337665d40 JavaThread "Finalizer"                  daemon [_thread_blocked, id=18076, stack(0x0000005f7c200000,0x0000005f7c300000) (1024K)]
  0x000001b33766bdf0 JavaThread "Signal Dispatcher"          daemon [_thread_blocked, id=10712, stack(0x0000005f7c300000,0x0000005f7c400000) (1024K)]
=>0x000001b33766c920 JavaThread "Attach Listener"            daemon [_thread_in_native, id=20284, stack(0x0000005f7c400000,0x0000005f7c500000) (1024K)]
  0x000001b33766dc70 JavaThread "Service Thread"             daemon [_thread_blocked, id=8560, stack(0x0000005f7c500000,0x0000005f7c600000) (1024K)]
  0x000001b3381101b0 JavaThread "Monitor Deflation Thread"   daemon [_thread_blocked, id=9640, stack(0x0000005f7c600000,0x0000005f7c700000) (1024K)]
  0x000001b338125cd0 JavaThread "C2 CompilerThread0"         daemon [_thread_blocked, id=20924, stack(0x0000005f7c700000,0x0000005f7c800000) (1024K)]
  0x000001b33811af40 JavaThread "C1 CompilerThread0"         daemon [_thread_blocked, id=20580, stack(0x0000005f7c800000,0x0000005f7c900000) (1024K)]
  0x000001b338190af0 JavaThread "C1 CompilerThread1"         daemon [_thread_blocked, id=13940, stack(0x0000005f7c900000,0x0000005f7ca00000) (1024K)]
  0x000001b3381fb380 JavaThread "Common-Cleaner"             daemon [_thread_blocked, id=2376, stack(0x0000005f7ca00000,0x0000005f7cb00000) (1024K)]
  0x000001b33820a440 JavaThread "C1 CompilerThread2"         daemon [_thread_blocked, id=12500, stack(0x0000005f7cb00000,0x0000005f7cc00000) (1024K)]
  0x000001b37e0929b0 JavaThread "Monitor Ctrl-Break"         daemon [_thread_in_native, id=10412, stack(0x0000005f7d400000,0x0000005f7d500000) (1024K)]
  0x000001b37e10c6b0 JavaThread "Notification Thread"        daemon [_thread_blocked, id=7000, stack(0x0000005f7d500000,0x0000005f7d600000) (1024K)]
  0x000001b37e5f3f20 JavaThread "QuantumRenderer-0"          daemon [_thread_blocked, id=20768, stack(0x0000005f7d600000,0x0000005f7d700000) (1024K)]
  0x000001b300260a00 JavaThread "RMI TCP Accept-0"           daemon [_thread_in_native, id=17804, stack(0x0000005f7d700000,0x0000005f7d800000) (1024K)]
  0x000001b3002ebba0 JavaThread "RMI TCP Connection(1)-148.60.135.119" daemon [_thread_in_native, id=19312, stack(0x0000005f7d800000,0x0000005f7d900000) (1024K)]
  0x000001b3000e7840 JavaThread "RMI Scheduler(0)"           daemon [_thread_blocked, id=8196, stack(0x0000005f7dd00000,0x0000005f7de00000) (1024K)]
  0x000001b300190fb0 JavaThread "JMX server connection timeout 41" daemon [_thread_blocked, id=18984, stack(0x0000005f7de00000,0x0000005f7df00000) (1024K)]
  0x000001b37eb85e90 JavaThread "InvokeLaterDispatcher"      daemon [_thread_blocked, id=16112, stack(0x0000005f7df00000,0x0000005f7e000000) (1024K)]
  0x000001b37ebd7230 JavaThread "JavaFX Application Thread"         [_thread_in_native, id=13324, stack(0x0000005f7e000000,0x0000005f7e100000) (1024K)]
  0x000001b37ebd6ae0 JavaThread "JavaFX-Launcher"                   [_thread_blocked, id=10440, stack(0x0000005f7d300000,0x0000005f7d400000) (1024K)]
  0x000001b37ebd7980 JavaThread "Thread-2"                   daemon [_thread_in_native, id=7244, stack(0x0000005f7d200000,0x0000005f7d300000) (1024K)]
  0x000001b37ebd8820 JavaThread "Prism Font Disposer"        daemon [_thread_blocked, id=10532, stack(0x0000005f7ea00000,0x0000005f7eb00000) (1024K)]
  0x000001b37ebd8f70 JavaThread "Cleaner-0"                  daemon [_thread_blocked, id=12036, stack(0x0000005f7ec00000,0x0000005f7ed00000) (1024K)]
  0x000001b30000ae40 JavaThread "C1 CompilerThread3"         daemon [_thread_blocked, id=5072, stack(0x0000005f7cc00000,0x0000005f7cd00000) (1024K)]
  0x000001b30d6c2e50 JavaThread "C2 CompilerThread1"         daemon [_thread_blocked, id=19804, stack(0x0000005f7cd00000,0x0000005f7ce00000) (1024K)]
  0x000001b30d6c35e0 JavaThread "C2 CompilerThread2"         daemon [_thread_blocked, id=900, stack(0x0000005f7ce00000,0x0000005f7cf00000) (1024K)]
  0x000001b300a49fd0 JavaThread "JFR Recorder Thread"        daemon [_thread_in_native, id=19820, stack(0x0000005f7cf00000,0x0000005f7d000000) (1024K)]
  0x000001b300a48290 JavaThread "JFR Periodic Tasks"         daemon [_thread_blocked, id=10392, stack(0x0000005f7ee00000,0x0000005f7ef00000) (1024K)]
Total: 30

Other Threads:
  0x000001b33750fd90 VMThread "VM Thread"                           [id=4984, stack(0x0000005f7c000000,0x0000005f7c100000) (1024K)]
  0x000001b3376464b0 WatcherThread "VM Periodic Task Thread"        [id=19544, stack(0x0000005f7bf00000,0x0000005f7c000000) (1024K)]
  0x000001b3180447d0 WorkerThread "GC Thread#0"                     [id=2384, stack(0x0000005f7ba00000,0x0000005f7bb00000) (1024K)]
  0x000001b37ebc56b0 WorkerThread "GC Thread#1"                     [id=20516, stack(0x0000005f7e200000,0x0000005f7e300000) (1024K)]
  0x000001b37ebc5a60 WorkerThread "GC Thread#2"                     [id=19648, stack(0x0000005f7e300000,0x0000005f7e400000) (1024K)]
  0x000001b37ebc82f0 WorkerThread "GC Thread#3"                     [id=10128, stack(0x0000005f7e400000,0x0000005f7e500000) (1024K)]
  0x000001b37ebc4f50 WorkerThread "GC Thread#4"                     [id=19888, stack(0x0000005f7e500000,0x0000005f7e600000) (1024K)]
  0x000001b37ebc5e10 WorkerThread "GC Thread#5"                     [id=5452, stack(0x0000005f7e600000,0x0000005f7e700000) (1024K)]
  0x000001b37ebc6570 WorkerThread "GC Thread#6"                     [id=19472, stack(0x0000005f7e700000,0x0000005f7e800000) (1024K)]
  0x000001b318059fc0 ConcurrentGCThread "G1 Main Marker"            [id=18024, stack(0x0000005f7bb00000,0x0000005f7bc00000) (1024K)]
  0x000001b31805c070 WorkerThread "G1 Conc#0"                       [id=1956, stack(0x0000005f7bc00000,0x0000005f7bd00000) (1024K)]
  0x000001b3374f8320 ConcurrentGCThread "G1 Refine#0"               [id=14268, stack(0x0000005f7bd00000,0x0000005f7be00000) (1024K)]
  0x000001b3374f9b60 ConcurrentGCThread "G1 Service"                [id=7932, stack(0x0000005f7be00000,0x0000005f7bf00000) (1024K)]
Total: 13

Threads with active compile tasks:
Total: 0

VM state: not at safepoint (normal execution)

VM Mutex/Monitor currently owned by a thread: None

Heap address: 0x0000000705800000, size: 4008 MB, Compressed Oops mode: Zero based, Oop shift amount: 3

CDS archive(s) mapped at: [0x000001b339000000-0x000001b339d40000-0x000001b339d40000), size 13893632, SharedBaseAddress: 0x000001b339000000, ArchiveRelocationMode: 1.
Compressed class space mapped at: 0x000001b33a000000-0x000001b37a000000, reserved size: 1073741824
UseCompressedClassPointers 1, UseCompactObjectHeaders 0
Narrow klass pointer bits 32, Max shift 3
Narrow klass base: 0x000001b339000000, Narrow klass shift: 0
Encoding Range: [0x000001b339000000 - 0x000001b439000000), (4294967296 bytes)
Klass Range:    [0x000001b339000000 - 0x000001b37a000000), (1090519040 bytes)
Klass ID Range:  [8 - 1090519033) (1090519025)

GC Precious Log:
 CardTable entry size: 512
 Card Set container configuration: InlinePtr #cards 4 size 8 Array Of Cards #cards 16 size 48 Howl #buckets 8 coarsen threshold 3686 Howl Bitmap #cards 512 size 80 coarsen threshold 460 Card regions per heap region 1 cards per card region 4096
 CPUs: 16 total, 16 available
 Memory: 16024M
 Large Page Support: Disabled
 NUMA Support: Disabled
 Compressed Oops: Enabled (Zero based)
 Heap Region Size: 2M
 Heap Min Capacity: 8M
 Heap Initial Capacity: 252M
 Heap Max Capacity: 4008M
 Pre-touch: Disabled
 Parallel Workers: 13
 Concurrent Workers: 3
 Concurrent Refinement Workers: 13
 Periodic GC: Disabled

Heap:
 garbage-first heap   total reserved 4104192K, committed 260096K, used 50064K [0x0000000705800000, 0x0000000800000000)
  region size 2048K, 24 young (49152K), 2 survivors (4096K)
 Metaspace       used 16934K, committed 17216K, reserved 1114112K
  class space    used 1879K, committed 1984K, reserved 1048576K

Heap Regions: E=young(eden), S=young(survivor), O=old, HS=humongous(starts), HC=humongous(continues), CS=collection set, F=free, TAMS=top-at-mark-start, PB=parsable bottom
|   0|0x0000000705800000, 0x0000000705a00000, 0x0000000705a00000|100%|HS|  |TAMS 0x0000000705800000| PB 0x0000000705800000| Complete |  0
|   1|0x0000000705a00000, 0x0000000705a00000, 0x0000000705c00000|  0%| F|  |TAMS 0x0000000705a00000| PB 0x0000000705a00000| Untracked |  0
|   2|0x0000000705c00000, 0x0000000705c00000, 0x0000000705e00000|  0%| F|  |TAMS 0x0000000705c00000| PB 0x0000000705c00000| Untracked |  0
|   3|0x0000000705e00000, 0x0000000705e00000, 0x0000000706000000|  0%| F|  |TAMS 0x0000000705e00000| PB 0x0000000705e00000| Untracked |  0
|   4|0x0000000706000000, 0x0000000706000000, 0x0000000706200000|  0%| F|  |TAMS 0x0000000706000000| PB 0x0000000706000000| Untracked |  0
|   5|0x0000000706200000, 0x0000000706200000, 0x0000000706400000|  0%| F|  |TAMS 0x0000000706200000| PB 0x0000000706200000| Untracked |  0
|   6|0x0000000706400000, 0x0000000706400000, 0x0000000706600000|  0%| F|  |TAMS 0x0000000706400000| PB 0x0000000706400000| Untracked |  0
|   7|0x0000000706600000, 0x0000000706600000, 0x0000000706800000|  0%| F|  |TAMS 0x0000000706600000| PB 0x0000000706600000| Untracked |  0
|   8|0x0000000706800000, 0x0000000706800000, 0x0000000706a00000|  0%| F|  |TAMS 0x0000000706800000| PB 0x0000000706800000| Untracked |  0
|   9|0x0000000706a00000, 0x0000000706a00000, 0x0000000706c00000|  0%| F|  |TAMS 0x0000000706a00000| PB 0x0000000706a00000| Untracked |  0
|  10|0x0000000706c00000, 0x0000000706c00000, 0x0000000706e00000|  0%| F|  |TAMS 0x0000000706c00000| PB 0x0000000706c00000| Untracked |  0
|  11|0x0000000706e00000, 0x0000000706e00000, 0x0000000707000000|  0%| F|  |TAMS 0x0000000706e00000| PB 0x0000000706e00000| Untracked |  0
|  12|0x0000000707000000, 0x0000000707000000, 0x0000000707200000|  0%| F|  |TAMS 0x0000000707000000| PB 0x0000000707000000| Untracked |  0
|  13|0x0000000707200000, 0x0000000707200000, 0x0000000707400000|  0%| F|  |TAMS 0x0000000707200000| PB 0x0000000707200000| Untracked |  0
|  14|0x0000000707400000, 0x0000000707400000, 0x0000000707600000|  0%| F|  |TAMS 0x0000000707400000| PB 0x0000000707400000| Untracked |  0
|  15|0x0000000707600000, 0x0000000707600000, 0x0000000707800000|  0%| F|  |TAMS 0x0000000707600000| PB 0x0000000707600000| Untracked |  0
|  16|0x0000000707800000, 0x0000000707800000, 0x0000000707a00000|  0%| F|  |TAMS 0x0000000707800000| PB 0x0000000707800000| Untracked |  0
|  17|0x0000000707a00000, 0x0000000707a00000, 0x0000000707c00000|  0%| F|  |TAMS 0x0000000707a00000| PB 0x0000000707a00000| Untracked |  0
|  18|0x0000000707c00000, 0x0000000707c00000, 0x0000000707e00000|  0%| F|  |TAMS 0x0000000707c00000| PB 0x0000000707c00000| Untracked |  0
|  19|0x0000000707e00000, 0x0000000707e00000, 0x0000000708000000|  0%| F|  |TAMS 0x0000000707e00000| PB 0x0000000707e00000| Untracked |  0
|  20|0x0000000708000000, 0x0000000708000000, 0x0000000708200000|  0%| F|  |TAMS 0x0000000708000000| PB 0x0000000708000000| Untracked |  0
|  21|0x0000000708200000, 0x0000000708200000, 0x0000000708400000|  0%| F|  |TAMS 0x0000000708200000| PB 0x0000000708200000| Untracked |  0
|  22|0x0000000708400000, 0x0000000708400000, 0x0000000708600000|  0%| F|  |TAMS 0x0000000708400000| PB 0x0000000708400000| Untracked |  0
|  23|0x0000000708600000, 0x0000000708600000, 0x0000000708800000|  0%| F|  |TAMS 0x0000000708600000| PB 0x0000000708600000| Untracked |  0
|  24|0x0000000708800000, 0x0000000708800000, 0x0000000708a00000|  0%| F|  |TAMS 0x0000000708800000| PB 0x0000000708800000| Untracked |  0
|  25|0x0000000708a00000, 0x0000000708a00000, 0x0000000708c00000|  0%| F|  |TAMS 0x0000000708a00000| PB 0x0000000708a00000| Untracked |  0
|  26|0x0000000708c00000, 0x0000000708c00000, 0x0000000708e00000|  0%| F|  |TAMS 0x0000000708c00000| PB 0x0000000708c00000| Untracked |  0
|  27|0x0000000708e00000, 0x0000000708e00000, 0x0000000709000000|  0%| F|  |TAMS 0x0000000708e00000| PB 0x0000000708e00000| Untracked |  0
|  28|0x0000000709000000, 0x0000000709000000, 0x0000000709200000|  0%| F|  |TAMS 0x0000000709000000| PB 0x0000000709000000| Untracked |  0
|  29|0x0000000709200000, 0x0000000709200000, 0x0000000709400000|  0%| F|  |TAMS 0x0000000709200000| PB 0x0000000709200000| Untracked |  0
|  30|0x0000000709400000, 0x0000000709400000, 0x0000000709600000|  0%| F|  |TAMS 0x0000000709400000| PB 0x0000000709400000| Untracked |  0
|  31|0x0000000709600000, 0x0000000709600000, 0x0000000709800000|  0%| F|  |TAMS 0x0000000709600000| PB 0x0000000709600000| Untracked |  0
|  32|0x0000000709800000, 0x0000000709800000, 0x0000000709a00000|  0%| F|  |TAMS 0x0000000709800000| PB 0x0000000709800000| Untracked |  0
|  33|0x0000000709a00000, 0x0000000709a00000, 0x0000000709c00000|  0%| F|  |TAMS 0x0000000709a00000| PB 0x0000000709a00000| Untracked |  0
|  34|0x0000000709c00000, 0x0000000709c00000, 0x0000000709e00000|  0%| F|  |TAMS 0x0000000709c00000| PB 0x0000000709c00000| Untracked |  0
|  35|0x0000000709e00000, 0x0000000709e00000, 0x000000070a000000|  0%| F|  |TAMS 0x0000000709e00000| PB 0x0000000709e00000| Untracked |  0
|  36|0x000000070a000000, 0x000000070a000000, 0x000000070a200000|  0%| F|  |TAMS 0x000000070a000000| PB 0x000000070a000000| Untracked |  0
|  37|0x000000070a200000, 0x000000070a200000, 0x000000070a400000|  0%| F|  |TAMS 0x000000070a200000| PB 0x000000070a200000| Untracked |  0
|  38|0x000000070a400000, 0x000000070a400000, 0x000000070a600000|  0%| F|  |TAMS 0x000000070a400000| PB 0x000000070a400000| Untracked |  0
|  39|0x000000070a600000, 0x000000070a600000, 0x000000070a800000|  0%| F|  |TAMS 0x000000070a600000| PB 0x000000070a600000| Untracked |  0
|  40|0x000000070a800000, 0x000000070a800000, 0x000000070aa00000|  0%| F|  |TAMS 0x000000070a800000| PB 0x000000070a800000| Untracked |  0
|  41|0x000000070aa00000, 0x000000070aa00000, 0x000000070ac00000|  0%| F|  |TAMS 0x000000070aa00000| PB 0x000000070aa00000| Untracked |  0
|  42|0x000000070ac00000, 0x000000070ac00000, 0x000000070ae00000|  0%| F|  |TAMS 0x000000070ac00000| PB 0x000000070ac00000| Untracked |  0
|  43|0x000000070ae00000, 0x000000070ae00000, 0x000000070b000000|  0%| F|  |TAMS 0x000000070ae00000| PB 0x000000070ae00000| Untracked |  0
|  44|0x000000070b000000, 0x000000070b000000, 0x000000070b200000|  0%| F|  |TAMS 0x000000070b000000| PB 0x000000070b000000| Untracked |  0
|  45|0x000000070b200000, 0x000000070b200000, 0x000000070b400000|  0%| F|  |TAMS 0x000000070b200000| PB 0x000000070b200000| Untracked |  0
|  46|0x000000070b400000, 0x000000070b400000, 0x000000070b600000|  0%| F|  |TAMS 0x000000070b400000| PB 0x000000070b400000| Untracked |  0
|  47|0x000000070b600000, 0x000000070b600000, 0x000000070b800000|  0%| F|  |TAMS 0x000000070b600000| PB 0x000000070b600000| Untracked |  0
|  48|0x000000070b800000, 0x000000070b800000, 0x000000070ba00000|  0%| F|  |TAMS 0x000000070b800000| PB 0x000000070b800000| Untracked |  0
|  49|0x000000070ba00000, 0x000000070ba00000, 0x000000070bc00000|  0%| F|  |TAMS 0x000000070ba00000| PB 0x000000070ba00000| Untracked |  0
|  50|0x000000070bc00000, 0x000000070bc00000, 0x000000070be00000|  0%| F|  |TAMS 0x000000070bc00000| PB 0x000000070bc00000| Untracked |  0
|  51|0x000000070be00000, 0x000000070be00000, 0x000000070c000000|  0%| F|  |TAMS 0x000000070be00000| PB 0x000000070be00000| Untracked |  0
|  52|0x000000070c000000, 0x000000070c000000, 0x000000070c200000|  0%| F|  |TAMS 0x000000070c000000| PB 0x000000070c000000| Untracked |  0
|  53|0x000000070c200000, 0x000000070c200000, 0x000000070c400000|  0%| F|  |TAMS 0x000000070c200000| PB 0x000000070c200000| Untracked |  0
|  54|0x000000070c400000, 0x000000070c400000, 0x000000070c600000|  0%| F|  |TAMS 0x000000070c400000| PB 0x000000070c400000| Untracked |  0
|  55|0x000000070c600000, 0x000000070c600000, 0x000000070c800000|  0%| F|  |TAMS 0x000000070c600000| PB 0x000000070c600000| Untracked |  0
|  56|0x000000070c800000, 0x000000070c800000, 0x000000070ca00000|  0%| F|  |TAMS 0x000000070c800000| PB 0x000000070c800000| Untracked |  0
|  57|0x000000070ca00000, 0x000000070ca00000, 0x000000070cc00000|  0%| F|  |TAMS 0x000000070ca00000| PB 0x000000070ca00000| Untracked |  0
|  58|0x000000070cc00000, 0x000000070cc00000, 0x000000070ce00000|  0%| F|  |TAMS 0x000000070cc00000| PB 0x000000070cc00000| Untracked |  0
|  59|0x000000070ce00000, 0x000000070ce00000, 0x000000070d000000|  0%| F|  |TAMS 0x000000070ce00000| PB 0x000000070ce00000| Untracked |  0
|  60|0x000000070d000000, 0x000000070d000000, 0x000000070d200000|  0%| F|  |TAMS 0x000000070d000000| PB 0x000000070d000000| Untracked |  0
|  61|0x000000070d200000, 0x000000070d200000, 0x000000070d400000|  0%| F|  |TAMS 0x000000070d200000| PB 0x000000070d200000| Untracked |  0
|  62|0x000000070d400000, 0x000000070d400000, 0x000000070d600000|  0%| F|  |TAMS 0x000000070d400000| PB 0x000000070d400000| Untracked |  0
|  63|0x000000070d600000, 0x000000070d600000, 0x000000070d800000|  0%| F|  |TAMS 0x000000070d600000| PB 0x000000070d600000| Untracked |  0
|  64|0x000000070d800000, 0x000000070d800000, 0x000000070da00000|  0%| F|  |TAMS 0x000000070d800000| PB 0x000000070d800000| Untracked |  0
|  65|0x000000070da00000, 0x000000070da00000, 0x000000070dc00000|  0%| F|  |TAMS 0x000000070da00000| PB 0x000000070da00000| Untracked |  0
|  66|0x000000070dc00000, 0x000000070dc00000, 0x000000070de00000|  0%| F|  |TAMS 0x000000070dc00000| PB 0x000000070dc00000| Untracked |  0
|  67|0x000000070de00000, 0x000000070de00000, 0x000000070e000000|  0%| F|  |TAMS 0x000000070de00000| PB 0x000000070de00000| Untracked |  0
|  68|0x000000070e000000, 0x000000070e000000, 0x000000070e200000|  0%| F|  |TAMS 0x000000070e000000| PB 0x000000070e000000| Untracked |  0
|  69|0x000000070e200000, 0x000000070e200000, 0x000000070e400000|  0%| F|  |TAMS 0x000000070e200000| PB 0x000000070e200000| Untracked |  0
|  70|0x000000070e400000, 0x000000070e400000, 0x000000070e600000|  0%| F|  |TAMS 0x000000070e400000| PB 0x000000070e400000| Untracked |  0
|  71|0x000000070e600000, 0x000000070e600000, 0x000000070e800000|  0%| F|  |TAMS 0x000000070e600000| PB 0x000000070e600000| Untracked |  0
|  72|0x000000070e800000, 0x000000070e800000, 0x000000070ea00000|  0%| F|  |TAMS 0x000000070e800000| PB 0x000000070e800000| Untracked |  0
|  73|0x000000070ea00000, 0x000000070ea00000, 0x000000070ec00000|  0%| F|  |TAMS 0x000000070ea00000| PB 0x000000070ea00000| Untracked |  0
|  74|0x000000070ec00000, 0x000000070ec00000, 0x000000070ee00000|  0%| F|  |TAMS 0x000000070ec00000| PB 0x000000070ec00000| Untracked |  0
|  75|0x000000070ee00000, 0x000000070ee00000, 0x000000070f000000|  0%| F|  |TAMS 0x000000070ee00000| PB 0x000000070ee00000| Untracked |  0
|  76|0x000000070f000000, 0x000000070f000000, 0x000000070f200000|  0%| F|  |TAMS 0x000000070f000000| PB 0x000000070f000000| Untracked |  0
|  77|0x000000070f200000, 0x000000070f200000, 0x000000070f400000|  0%| F|  |TAMS 0x000000070f200000| PB 0x000000070f200000| Untracked |  0
|  78|0x000000070f400000, 0x000000070f400000, 0x000000070f600000|  0%| F|  |TAMS 0x000000070f400000| PB 0x000000070f400000| Untracked |  0
|  79|0x000000070f600000, 0x000000070f600000, 0x000000070f800000|  0%| F|  |TAMS 0x000000070f600000| PB 0x000000070f600000| Untracked |  0
|  80|0x000000070f800000, 0x000000070f800000, 0x000000070fa00000|  0%| F|  |TAMS 0x000000070f800000| PB 0x000000070f800000| Untracked |  0
|  81|0x000000070fa00000, 0x000000070fa00000, 0x000000070fc00000|  0%| F|  |TAMS 0x000000070fa00000| PB 0x000000070fa00000| Untracked |  0
|  82|0x000000070fc00000, 0x000000070fc00000, 0x000000070fe00000|  0%| F|  |TAMS 0x000000070fc00000| PB 0x000000070fc00000| Untracked |  0
|  83|0x000000070fe00000, 0x000000070fe00000, 0x0000000710000000|  0%| F|  |TAMS 0x000000070fe00000| PB 0x000000070fe00000| Untracked |  0
|  84|0x0000000710000000, 0x0000000710000000, 0x0000000710200000|  0%| F|  |TAMS 0x0000000710000000| PB 0x0000000710000000| Untracked |  0
|  85|0x0000000710200000, 0x0000000710200000, 0x0000000710400000|  0%| F|  |TAMS 0x0000000710200000| PB 0x0000000710200000| Untracked |  0
|  86|0x0000000710400000, 0x0000000710400000, 0x0000000710600000|  0%| F|  |TAMS 0x0000000710400000| PB 0x0000000710400000| Untracked |  0
|  87|0x0000000710600000, 0x0000000710600000, 0x0000000710800000|  0%| F|  |TAMS 0x0000000710600000| PB 0x0000000710600000| Untracked |  0
|  88|0x0000000710800000, 0x0000000710800000, 0x0000000710a00000|  0%| F|  |TAMS 0x0000000710800000| PB 0x0000000710800000| Untracked |  0
|  89|0x0000000710a00000, 0x0000000710a00000, 0x0000000710c00000|  0%| F|  |TAMS 0x0000000710a00000| PB 0x0000000710a00000| Untracked |  0
|  90|0x0000000710c00000, 0x0000000710c00000, 0x0000000710e00000|  0%| F|  |TAMS 0x0000000710c00000| PB 0x0000000710c00000| Untracked |  0
|  91|0x0000000710e00000, 0x0000000710e00000, 0x0000000711000000|  0%| F|  |TAMS 0x0000000710e00000| PB 0x0000000710e00000| Untracked |  0
|  92|0x0000000711000000, 0x0000000711000000, 0x0000000711200000|  0%| F|  |TAMS 0x0000000711000000| PB 0x0000000711000000| Untracked |  0
|  93|0x0000000711200000, 0x0000000711200000, 0x0000000711400000|  0%| F|  |TAMS 0x0000000711200000| PB 0x0000000711200000| Untracked |  0
|  94|0x0000000711400000, 0x0000000711400000, 0x0000000711600000|  0%| F|  |TAMS 0x0000000711400000| PB 0x0000000711400000| Untracked |  0
|  95|0x0000000711600000, 0x0000000711600000, 0x0000000711800000|  0%| F|  |TAMS 0x0000000711600000| PB 0x0000000711600000| Untracked |  0
|  96|0x0000000711800000, 0x0000000711800000, 0x0000000711a00000|  0%| F|  |TAMS 0x0000000711800000| PB 0x0000000711800000| Untracked |  0
|  97|0x0000000711a00000, 0x0000000711a00000, 0x0000000711c00000|  0%| F|  |TAMS 0x0000000711a00000| PB 0x0000000711a00000| Untracked |  0
|  98|0x0000000711c00000, 0x0000000711c00000, 0x0000000711e00000|  0%| F|  |TAMS 0x0000000711c00000| PB 0x0000000711c00000| Untracked |  0
|  99|0x0000000711e00000, 0x0000000711e00000, 0x0000000712000000|  0%| F|  |TAMS 0x0000000711e00000| PB 0x0000000711e00000| Untracked |  0
| 100|0x0000000712000000, 0x00000007121c7ff0, 0x0000000712200000| 89%| S|CS|TAMS 0x0000000712000000| PB 0x0000000712000000| Complete |  0
| 101|0x0000000712200000, 0x0000000712400000, 0x0000000712400000|100%| S|CS|TAMS 0x0000000712200000| PB 0x0000000712200000| Complete |  0
| 102|0x0000000712400000, 0x0000000712400000, 0x0000000712600000|  0%| F|  |TAMS 0x0000000712400000| PB 0x0000000712400000| Untracked |  0
| 103|0x0000000712600000, 0x0000000712600000, 0x0000000712800000|  0%| F|  |TAMS 0x0000000712600000| PB 0x0000000712600000| Untracked |  0
| 104|0x0000000712800000, 0x00000007128f9138, 0x0000000712a00000| 48%| E|  |TAMS 0x0000000712800000| PB 0x0000000712800000| Complete |  0
| 105|0x0000000712a00000, 0x0000000712c00000, 0x0000000712c00000|100%| E|CS|TAMS 0x0000000712a00000| PB 0x0000000712a00000| Complete |  0
| 106|0x0000000712c00000, 0x0000000712e00000, 0x0000000712e00000|100%| E|CS|TAMS 0x0000000712c00000| PB 0x0000000712c00000| Complete |  0
| 107|0x0000000712e00000, 0x0000000713000000, 0x0000000713000000|100%| E|CS|TAMS 0x0000000712e00000| PB 0x0000000712e00000| Complete |  0
| 108|0x0000000713000000, 0x0000000713200000, 0x0000000713200000|100%| E|CS|TAMS 0x0000000713000000| PB 0x0000000713000000| Complete |  0
| 109|0x0000000713200000, 0x0000000713400000, 0x0000000713400000|100%| E|CS|TAMS 0x0000000713200000| PB 0x0000000713200000| Complete |  0
| 110|0x0000000713400000, 0x0000000713600000, 0x0000000713600000|100%| E|CS|TAMS 0x0000000713400000| PB 0x0000000713400000| Complete |  0
| 111|0x0000000713600000, 0x0000000713800000, 0x0000000713800000|100%| E|CS|TAMS 0x0000000713600000| PB 0x0000000713600000| Complete |  0
| 112|0x0000000713800000, 0x0000000713a00000, 0x0000000713a00000|100%| E|CS|TAMS 0x0000000713800000| PB 0x0000000713800000| Complete |  0
| 113|0x0000000713a00000, 0x0000000713c00000, 0x0000000713c00000|100%| E|CS|TAMS 0x0000000713a00000| PB 0x0000000713a00000| Complete |  0
| 114|0x0000000713c00000, 0x0000000713e00000, 0x0000000713e00000|100%| E|CS|TAMS 0x0000000713c00000| PB 0x0000000713c00000| Complete |  0
| 115|0x0000000713e00000, 0x0000000714000000, 0x0000000714000000|100%| E|CS|TAMS 0x0000000713e00000| PB 0x0000000713e00000| Complete |  0
| 116|0x0000000714000000, 0x0000000714200000, 0x0000000714200000|100%| E|CS|TAMS 0x0000000714000000| PB 0x0000000714000000| Complete |  0
| 117|0x0000000714200000, 0x0000000714400000, 0x0000000714400000|100%| E|CS|TAMS 0x0000000714200000| PB 0x0000000714200000| Complete |  0
| 118|0x0000000714400000, 0x0000000714600000, 0x0000000714600000|100%| E|CS|TAMS 0x0000000714400000| PB 0x0000000714400000| Complete |  0
| 119|0x0000000714600000, 0x0000000714800000, 0x0000000714800000|100%| E|CS|TAMS 0x0000000714600000| PB 0x0000000714600000| Complete |  0
| 120|0x0000000714800000, 0x0000000714a00000, 0x0000000714a00000|100%| E|CS|TAMS 0x0000000714800000| PB 0x0000000714800000| Complete |  0
| 121|0x0000000714a00000, 0x0000000714c00000, 0x0000000714c00000|100%| E|CS|TAMS 0x0000000714a00000| PB 0x0000000714a00000| Complete |  0
| 122|0x0000000714c00000, 0x0000000714e00000, 0x0000000714e00000|100%| E|CS|TAMS 0x0000000714c00000| PB 0x0000000714c00000| Complete |  0
| 123|0x0000000714e00000, 0x0000000715000000, 0x0000000715000000|100%| E|CS|TAMS 0x0000000714e00000| PB 0x0000000714e00000| Complete |  0
| 124|0x0000000715000000, 0x0000000715200000, 0x0000000715200000|100%| E|CS|TAMS 0x0000000715000000| PB 0x0000000715000000| Complete |  0
| 125|0x0000000715200000, 0x0000000715400000, 0x0000000715400000|100%| E|CS|TAMS 0x0000000715200000| PB 0x0000000715200000| Complete |  0
|2003|0x00000007ffe00000, 0x00000007fff1c348, 0x0000000800000000| 55%| O|  |TAMS 0x00000007ffe00000| PB 0x00000007ffe00000| Untracked |  0

Card table byte_map: [0x000001b330a00000,0x000001b3311e0000] _byte_map_base: 0x000001b32d1d4000

Marking Bits: (CMBitMap*) 0x000001b318044df0
 Bits: [0x000001b3311e0000, 0x000001b335080000)

Polling page: 0x000001b3177b0000

Metaspace:

Usage:
  Non-class:     14.70 MB used.
      Class:      1.84 MB used.
       Both:     16.54 MB used.

Virtual space:
  Non-class space:       64.00 MB reserved,      14.88 MB ( 23%) committed,  1 nodes.
      Class space:        1.00 GB reserved,       1.94 MB ( <1%) committed,  1 nodes.
             Both:        1.06 GB reserved,      16.81 MB (  2%) committed. 

Chunk freelists:
   Non-Class:  970.00 KB
       Class:  14.08 MB
        Both:  15.03 MB

MaxMetaspaceSize: unlimited
CompressedClassSpaceSize: 1.00 GB
Initial GC threshold: 21.00 MB
Current GC threshold: 21.00 MB
CDS: on
 - commit_granule_bytes: 65536.
 - commit_granule_words: 8192.
 - virtual_space_node_default_size: 8388608.
 - enlarge_chunks_in_place: 1.
UseCompressedClassPointers 1, UseCompactObjectHeaders 0
Narrow klass pointer bits 32, Max shift 3
Narrow klass base: 0x000001b339000000, Narrow klass shift: 0
Encoding Range: [0x000001b339000000 - 0x000001b439000000), (4294967296 bytes)
Klass Range:    [0x000001b339000000 - 0x000001b37a000000), (1090519040 bytes)
Klass ID Range:  [8 - 1090519033) (1090519025)


Internal statistics:

num_allocs_failed_limit: 0.
num_arena_births: 274.
num_arena_deaths: 0.
num_vsnodes_births: 2.
num_vsnodes_deaths: 0.
num_space_committed: 269.
num_space_uncommitted: 0.
num_chunks_returned_to_freelist: 0.
num_chunks_taken_from_freelist: 631.
num_chunk_merges: 0.
num_chunk_splits: 444.
num_chunks_enlarged: 338.
num_inconsistent_stats: 0.

CodeHeap 'non-profiled nmethods': size=119232Kb used=1178Kb max_used=1178Kb free=118053Kb
 bounds [0x000001b328410000, 0x000001b328680000, 0x000001b32f880000]
CodeHeap 'profiled nmethods': size=119104Kb used=5269Kb max_used=5269Kb free=113834Kb
 bounds [0x000001b320880000, 0x000001b320db0000, 0x000001b327cd0000]
CodeHeap 'non-nmethods': size=7424Kb used=3347Kb max_used=3500Kb free=4076Kb
 bounds [0x000001b327cd0000, 0x000001b328050000, 0x000001b328410000]
CodeCache: size=245760Kb, used=9794Kb, max_used=9947Kb, free=235963Kb
 total_blobs=4143, nmethods=3319, adapters=726, full_count=0
Compilation: enabled, stopped_count=0, restarted_count=0

Compilation events (20 events):
Event: 4.769 Thread 0x000001b33811af40 3320   !   3       jdk.jfr.internal.Control::setValue (102 bytes)
Event: 4.769 Thread 0x000001b33820a440 nmethod 3313 0x000001b320da0b08 code [0x000001b320da0c20, 0x000001b320da0d68]
Event: 4.770 Thread 0x000001b338190af0 nmethod 3314 0x000001b328527d88 code [0x000001b328527e80, 0x000001b328527f48]
Event: 4.770 Thread 0x000001b30000ae40 3319       1       jdk.jfr.internal.PlatformEventType::isEnabled (5 bytes)
Event: 4.770 Thread 0x000001b33820a440 3316       1       jdk.jfr.internal.EventControl::getEventType (5 bytes)
Event: 4.770 Thread 0x000001b338190af0 3317       1       jdk.jfr.internal.EventControl::getSettingsId (5 bytes)
Event: 4.770 Thread 0x000001b30000ae40 nmethod 3319 0x000001b328528088 code [0x000001b328528180, 0x000001b328528248]
Event: 4.771 Thread 0x000001b33820a440 nmethod 3316 0x000001b328528388 code [0x000001b328528480, 0x000001b328528548]
Event: 4.771 Thread 0x000001b338190af0 nmethod 3317 0x000001b328528688 code [0x000001b328528780, 0x000001b328528848]
Event: 4.771 Thread 0x000001b30000ae40 3318       1       jdk.jfr.internal.EventControl::getNamedControls (5 bytes)
Event: 4.771 Thread 0x000001b30000ae40 nmethod 3318 0x000001b328528988 code [0x000001b328528a80, 0x000001b328528b48]
Event: 4.771 Thread 0x000001b33811af40 nmethod 3320 0x000001b320da0e08 code [0x000001b320da10a0, 0x000001b320da24f8]
Event: 4.772 Thread 0x000001b338125cd0 nmethod 3302 0x000001b328528c88 code [0x000001b328528da0, 0x000001b328529398]
Event: 4.777 Thread 0x000001b30d6c1010 nmethod 3306 0x000001b328529408 code [0x000001b328529520, 0x000001b328529a00]
Event: 4.779 Thread 0x000001b33811af40 3321       1       jdk.jfr.internal.periodic.EventTask::getEventType (5 bytes)
Event: 4.779 Thread 0x000001b33811af40 nmethod 3321 0x000001b328529a88 code [0x000001b328529b80, 0x000001b328529c48]
Event: 4.779 Thread 0x000001b33811af40 3322       1       jdk.jfr.internal.periodic.PeriodicTask::getPeriod (5 bytes)
Event: 4.779 Thread 0x000001b33820a440 3323       3       java.util.Comparator::lambda$comparingLong$6043328a$1 (18 bytes)
Event: 4.779 Thread 0x000001b33811af40 nmethod 3322 0x000001b328529d88 code [0x000001b328529e80, 0x000001b328529f48]
Event: 4.780 Thread 0x000001b33820a440 nmethod 3323 0x000001b320da2588 code [0x000001b320da26e0, 0x000001b320da2ac0]

GC Heap History (2 events):
Event: 1.302 GC heap before
{Heap before GC invocations=0 (full 0):
 garbage-first heap   total reserved 4104192K, committed 260096K, used 48240K [0x0000000705800000, 0x0000000800000000)
  region size 2048K, 24 young (49152K), 0 survivors (0K)
 Metaspace       used 10491K, committed 10752K, reserved 1114112K
  class space    used 1040K, committed 1152K, reserved 1048576K
}
Event: 1.309 GC heap after
{Heap after GC invocations=1 (full 0):
 garbage-first heap   total reserved 4104192K, committed 260096K, used 5008K [0x0000000705800000, 0x0000000800000000)
  region size 2048K, 2 young (4096K), 2 survivors (4096K)
 Metaspace       used 10491K, committed 10752K, reserved 1114112K
  class space    used 1040K, committed 1152K, reserved 1048576K
}

Dll operation events (20 events):
Event: 0.668 Loaded shared library C:\Users\Elouan\.openjfx\cache\17.0.6\api-ms-win-crt-locale-l1-1-0.dll
Event: 0.672 Loaded shared library C:\Users\Elouan\.openjfx\cache\17.0.6\api-ms-win-crt-math-l1-1-0.dll
Event: 0.674 Loaded shared library C:\Users\Elouan\.openjfx\cache\17.0.6\api-ms-win-crt-multibyte-l1-1-0.dll
Event: 0.678 Loaded shared library C:\Users\Elouan\.openjfx\cache\17.0.6\api-ms-win-crt-private-l1-1-0.dll
Event: 0.681 Loaded shared library C:\Users\Elouan\.openjfx\cache\17.0.6\api-ms-win-crt-process-l1-1-0.dll
Event: 0.686 Loaded shared library C:\Users\Elouan\.openjfx\cache\17.0.6\api-ms-win-crt-runtime-l1-1-0.dll
Event: 0.690 Loaded shared library C:\Users\Elouan\.openjfx\cache\17.0.6\api-ms-win-crt-stdio-l1-1-0.dll
Event: 0.694 Loaded shared library C:\Users\Elouan\.openjfx\cache\17.0.6\api-ms-win-crt-string-l1-1-0.dll
Event: 0.699 Loaded shared library C:\Users\Elouan\.openjfx\cache\17.0.6\api-ms-win-crt-time-l1-1-0.dll
Event: 0.703 Loaded shared library C:\Users\Elouan\.openjfx\cache\17.0.6\api-ms-win-crt-utility-l1-1-0.dll
Event: 0.724 Loaded shared library C:\Users\Elouan\.openjfx\cache\17.0.6\ucrtbase.dll
Event: 0.730 Loaded shared library C:\Users\Elouan\.openjfx\cache\17.0.6\vcruntime140.dll
Event: 0.734 Loaded shared library C:\Users\Elouan\.openjfx\cache\17.0.6\vcruntime140_1.dll
Event: 0.746 Loaded shared library C:\Users\Elouan\.openjfx\cache\17.0.6\msvcp140.dll
Event: 0.749 Loaded shared library C:\Users\Elouan\.openjfx\cache\17.0.6\msvcp140_1.dll
Event: 0.756 Loaded shared library C:\Users\Elouan\.openjfx\cache\17.0.6\msvcp140_2.dll
Event: 0.872 Loaded shared library C:\Users\Elouan\.openjfx\cache\17.0.6\prism_d3d.dll
Event: 1.073 Loaded shared library C:\Users\Elouan\.openjfx\cache\17.0.6\glass.dll
Event: 1.301 Loaded shared library C:\Users\Elouan\.openjfx\cache\17.0.6\javafx_font.dll
Event: 4.468 Loaded shared library C:\Users\Elouan\AppData\Local\Temp\idea_libasyncProfiler_dll_temp_folder\libasyncProfiler.dll

Deoptimization events (20 events):
Event: 4.638 Thread 0x000001b33766c920 Uncommon trap: trap_request=0xffffffd6 fr.pc=0x000001b328507804 relative=0x00000000000001e4
Event: 4.638 Thread 0x000001b33766c920 Uncommon trap: reason=array_check action=maybe_recompile pc=0x000001b328507804 method=java.util.Arrays.fill([Ljava/lang/Object;Ljava/lang/Object;)V @ 13 c2
Event: 4.638 Thread 0x000001b33766c920 DEOPT PACKING pc=0x000001b328507804 sp=0x0000005f7c4fc720
Event: 4.638 Thread 0x000001b33766c920 DEOPT UNPACKING pc=0x000001b327e74082 sp=0x0000005f7c4fc6b0 mode 2
Event: 4.648 Thread 0x000001b33766c920 Uncommon trap: trap_request=0xffffff4d fr.pc=0x000001b3284853d8 relative=0x0000000000000378
Event: 4.648 Thread 0x000001b33766c920 Uncommon trap: reason=unstable_if action=reinterpret pc=0x000001b3284853d8 method=java.util.concurrent.ConcurrentHashMap.get(Ljava/lang/Object;)Ljava/lang/Object; @ 76 c2
Event: 4.648 Thread 0x000001b33766c920 DEOPT PACKING pc=0x000001b3284853d8 sp=0x0000005f7c4fe090
Event: 4.648 Thread 0x000001b33766c920 DEOPT UNPACKING pc=0x000001b327e74082 sp=0x0000005f7c4fe008 mode 2
Event: 4.661 Thread 0x000001b33766c920 Uncommon trap: trap_request=0xffffffcc fr.pc=0x000001b3285128fc relative=0x00000000000003bc
Event: 4.661 Thread 0x000001b33766c920 Uncommon trap: reason=intrinsic_or_type_checked_inlining action=make_not_entrant pc=0x000001b3285128fc method=java.util.Arrays.copyOf([Ljava/lang/Object;ILjava/lang/Class;)[Ljava/lang/Object; @ 35 c2
Event: 4.661 Thread 0x000001b33766c920 DEOPT PACKING pc=0x000001b3285128fc sp=0x0000005f7c4fe1f0
Event: 4.661 Thread 0x000001b33766c920 DEOPT UNPACKING pc=0x000001b327e74082 sp=0x0000005f7c4fe180 mode 2
Event: 4.725 Thread 0x000001b33766c920 Uncommon trap: trap_request=0xffffff4d fr.pc=0x000001b3285219e4 relative=0x0000000000000064
Event: 4.725 Thread 0x000001b33766c920 Uncommon trap: reason=unstable_if action=reinterpret pc=0x000001b3285219e4 method=java.io.ByteArrayOutputStream.ensureCapacity(I)V @ 11 c2
Event: 4.725 Thread 0x000001b33766c920 DEOPT PACKING pc=0x000001b3285219e4 sp=0x0000005f7c4fe4d0
Event: 4.725 Thread 0x000001b33766c920 DEOPT UNPACKING pc=0x000001b327e74082 sp=0x0000005f7c4fe450 mode 2
Event: 4.730 Thread 0x000001b33766c920 Uncommon trap: trap_request=0xffffff4d fr.pc=0x000001b328522af0 relative=0x00000000000003d0
Event: 4.730 Thread 0x000001b33766c920 Uncommon trap: reason=unstable_if action=reinterpret pc=0x000001b328522af0 method=java.io.ByteArrayOutputStream.ensureCapacity(I)V @ 11 c2
Event: 4.730 Thread 0x000001b33766c920 DEOPT PACKING pc=0x000001b328522af0 sp=0x0000005f7c4fe340
Event: 4.730 Thread 0x000001b33766c920 DEOPT UNPACKING pc=0x000001b327e74082 sp=0x0000005f7c4fe220 mode 2

Classes loaded (20 events):
Event: 4.707 Loading class jdk/jfr/internal/MetadataWriter
Event: 4.707 Loading class jdk/jfr/internal/MetadataWriter done
Event: 4.707 Loading class jdk/jfr/internal/MetadataDescriptor$Element
Event: 4.707 Loading class jdk/jfr/internal/MetadataDescriptor$Element done
Event: 4.708 Loading class jdk/jfr/internal/MetadataDescriptor$Attribute
Event: 4.708 Loading class jdk/jfr/internal/MetadataDescriptor$Attribute done
Event: 4.717 Loading class jdk/jfr/internal/consumer/StringParser$Encoding
Event: 4.718 Loading class jdk/jfr/internal/consumer/StringParser$Encoding done
Event: 4.733 Loading class jdk/jfr/internal/consumer/RepositoryFiles
Event: 4.734 Loading class jdk/jfr/internal/consumer/RepositoryFiles done
Event: 4.764 Loading class jdk/jfr/internal/SettingsManager$InternalSetting
Event: 4.765 Loading class jdk/jfr/internal/SettingsManager$InternalSetting done
Event: 4.766 Loading class jdk/jfr/internal/util/Rate
Event: 4.767 Loading class jdk/jfr/internal/util/Rate done
Event: 4.767 Loading class jdk/jfr/internal/util/TimespanUnit
Event: 4.767 Loading class jdk/jfr/internal/util/TimespanUnit done
Event: 4.767 Loading class jdk/jfr/internal/util/ValueParser
Event: 4.768 Loading class jdk/jfr/internal/util/ValueParser done
Event: 4.769 Loading class jdk/jfr/internal/periodic/PeriodicType
Event: 4.769 Loading class jdk/jfr/internal/periodic/PeriodicType done

Classes unloaded (0 events):
No events

Classes redefined (0 events):
No events

Internal exceptions (20 events):
Event: 1.473 Thread 0x000001b3002ebba0 Exception <a 'java/lang/NoSuchMethodError'{0x0000000714c94938}: 'long java.lang.invoke.DirectMethodHandle$Holder.invokeVirtual(java.lang.Object, java.lang.Object)'> (0x0000000714c94938) 
thrown [s\open\src\hotspot\share\interpreter\linkResolver.cpp, line 805]
Event: 1.475 Thread 0x000001b3002ebba0 Exception <a 'java/lang/NoSuchMethodError'{0x0000000714c9cc28}: 'java.lang.Object java.lang.invoke.DirectMethodHandle$Holder.invokeStatic(java.lang.Object, long)'> (0x0000000714c9cc28) 
thrown [s\open\src\hotspot\share\interpreter\linkResolver.cpp, line 805]
Event: 1.477 Thread 0x000001b3002ebba0 Exception <a 'java/lang/NoSuchMethodError'{0x0000000714caccd0}: 'long java.lang.invoke.DelegatingMethodHandle$Holder.reinvoke_L(java.lang.Object, java.lang.Object)'> (0x0000000714caccd0) 
thrown [s\open\src\hotspot\share\interpreter\linkResolver.cpp, line 805]
Event: 1.706 Thread 0x000001b37ebd7230 Exception <a 'java/lang/IncompatibleClassChangeError'{0x000000071406cdc0}: Found class java.lang.Object, but interface was expected> (0x000000071406cdc0) 
thrown [s\open\src\hotspot\share\interpreter\linkResolver.cpp, line 872]
Event: 1.756 Thread 0x000001b37ebd7230 Exception <a 'java/lang/NoSuchMethodError'{0x0000000713f77648}: 'int java.lang.invoke.DirectMethodHandle$Holder.invokeSpecial(java.lang.Object, java.lang.Object, int)'> (0x0000000713f77648) 
thrown [s\open\src\hotspot\share\interpreter\linkResolver.cpp, line 805]
Event: 1.759 Thread 0x000001b37ebd7230 Exception <a 'java/lang/NoSuchMethodError'{0x0000000713f96dc8}: 'java.lang.Object java.lang.invoke.DirectMethodHandle$Holder.invokeStatic(java.lang.Object, java.lang.Object, java.lang.Object, java.lang.Object, int)'> (0x0000000713f96dc8) 
thrown [s\open\src\hotspot\share\interpreter\linkResolver.cpp, line 805]
Event: 1.779 Thread 0x000001b37ebd7230 Exception <a 'java/lang/NoSuchMethodError'{0x0000000713c52498}: 'java.lang.Object java.lang.invoke.DirectMethodHandle$Holder.newInvokeSpecial(java.lang.Object, java.lang.Object, int)'> (0x0000000713c52498) 
thrown [s\open\src\hotspot\share\interpreter\linkResolver.cpp, line 805]
Event: 1.830 Thread 0x000001b37e5f3f20 Exception <a 'java/lang/NoSuchMethodError'{0x0000000713a20748}: 'int java.lang.invoke.DirectMethodHandle$Holder.invokeStaticInit(java.lang.Object, java.lang.Object)'> (0x0000000713a20748) 
thrown [s\open\src\hotspot\share\interpreter\linkResolver.cpp, line 805]
Event: 2.894 Thread 0x000001b37ebd7230 Exception <a 'java/lang/NoSuchMethodError'{0x0000000713436ab0}: 'long java.lang.invoke.DirectMethodHandle$Holder.invokeStatic(java.lang.Object, java.lang.Object, java.lang.Object)'> (0x0000000713436ab0) 
thrown [s\open\src\hotspot\share\interpreter\linkResolver.cpp, line 805]
Event: 2.895 Thread 0x000001b37ebd7230 Exception <a 'java/lang/NoSuchMethodError'{0x000000071343e910}: 'long java.lang.invoke.DirectMethodHandle$Holder.invokeStaticInit(java.lang.Object, java.lang.Object, java.lang.Object)'> (0x000000071343e910) 
thrown [s\open\src\hotspot\share\interpreter\linkResolver.cpp, line 805]
Event: 2.898 Thread 0x000001b37ebd7230 Exception <a 'java/lang/NoSuchMethodError'{0x0000000713485390}: 'java.lang.Object java.lang.invoke.DirectMethodHandle$Holder.newInvokeSpecial(java.lang.Object, java.lang.Object, long)'> (0x0000000713485390) 
thrown [s\open\src\hotspot\share\interpreter\linkResolver.cpp, line 805]
Event: 4.507 Thread 0x000001b33766c920 Exception <a 'sun/nio/fs/WindowsException'{0x0000000713222e08}> (0x0000000713222e08) 
thrown [s\open\src\hotspot\share\prims\jni.cpp, line 518]
Event: 4.513 Thread 0x000001b33766c920 Exception <a 'java/lang/NoSuchMethodError'{0x0000000713229dd0}: 'java.lang.Object java.lang.invoke.DirectMethodHandle$Holder.invokeStatic(java.lang.Object, int, java.lang.Object)'> (0x0000000713229dd0) 
thrown [s\open\src\hotspot\share\interpreter\linkResolver.cpp, line 805]
Event: 4.577 Thread 0x000001b33766c920 Exception <a 'java/lang/NoSuchMethodError'{0x0000000713053fd8}: 'int java.lang.invoke.DirectMethodHandle$Holder.invokeStatic(java.lang.Object, java.lang.Object, java.lang.Object, java.lang.Object)'> (0x0000000713053fd8) 
thrown [s\open\src\hotspot\share\interpreter\linkResolver.cpp, line 805]
Event: 4.692 Thread 0x000001b33766c920 Exception <a 'java/lang/NoSuchMethodError'{0x0000000712c51948}: 'void java.lang.invoke.DirectMethodHandle$Holder.invokeSpecial(java.lang.Object, java.lang.Object, int)'> (0x0000000712c51948) 
thrown [s\open\src\hotspot\share\interpreter\linkResolver.cpp, line 805]
Event: 4.692 Thread 0x000001b33766c920 Exception <a 'java/lang/NoSuchMethodError'{0x0000000712c59568}: 'void java.lang.invoke.Invokers$Holder.invokeExact_MT(java.lang.Object, int, java.lang.Object)'> (0x0000000712c59568) 
thrown [s\open\src\hotspot\share\interpreter\linkResolver.cpp, line 805]
Event: 4.695 Thread 0x000001b33766c920 Exception <a 'java/lang/NoSuchMethodError'{0x0000000712c73920}: 'void java.lang.invoke.DirectMethodHandle$Holder.invokeStatic(java.lang.Object, java.lang.Object, int)'> (0x0000000712c73920) 
thrown [s\open\src\hotspot\share\interpreter\linkResolver.cpp, line 805]
Event: 4.699 Thread 0x000001b33766c920 Exception <a 'sun/nio/fs/WindowsException'{0x0000000712ced128}> (0x0000000712ced128) 
thrown [s\open\src\hotspot\share\prims\jni.cpp, line 518]
Event: 4.701 Thread 0x000001b33766c920 Exception <a 'sun/nio/fs/WindowsException'{0x0000000712cf9f38}> (0x0000000712cf9f38) 
thrown [s\open\src\hotspot\share\prims\jni.cpp, line 518]
Event: 4.705 Thread 0x000001b33766c920 Exception <a 'sun/nio/fs/WindowsException'{0x0000000712d0bce8}> (0x0000000712d0bce8) 
thrown [s\open\src\hotspot\share\prims\jni.cpp, line 518]

VM Operations (20 events):
Event: 0.351 Executing VM operation: HandshakeAllThreads (Deoptimize)
Event: 0.351 Executing VM operation: HandshakeAllThreads (Deoptimize) done
Event: 0.498 Executing VM operation: HandshakeAllThreads (Deoptimize)
Event: 0.498 Executing VM operation: HandshakeAllThreads (Deoptimize) done
Event: 0.734 Executing VM operation: HandshakeAllThreads (Deoptimize)
Event: 0.734 Executing VM operation: HandshakeAllThreads (Deoptimize) done
Event: 0.904 Executing VM operation: HandshakeAllThreads (Deoptimize)
Event: 0.904 Executing VM operation: HandshakeAllThreads (Deoptimize) done
Event: 1.017 Executing VM operation: HandshakeAllThreads (Deoptimize)
Event: 1.020 Executing VM operation: HandshakeAllThreads (Deoptimize) done
Event: 1.063 Executing VM operation: HandshakeAllThreads (Deoptimize)
Event: 1.063 Executing VM operation: HandshakeAllThreads (Deoptimize) done
Event: 1.302 Executing VM operation: G1CollectForAllocation (G1 Evacuation Pause)
Event: 1.309 Executing VM operation: G1CollectForAllocation (G1 Evacuation Pause) done
Event: 1.317 Executing VM operation: HandshakeAllThreads (Deoptimize)
Event: 1.317 Executing VM operation: HandshakeAllThreads (Deoptimize) done
Event: 4.697 Executing VM operation: HandshakeAllThreads (Deoptimize)
Event: 4.698 Executing VM operation: HandshakeAllThreads (Deoptimize) done
Event: 4.734 Executing VM operation: JFRSafepointClear
Event: 4.734 Executing VM operation: JFRSafepointClear done

Memory protections (0 events):
No events

Nmethod flushes (0 events):
No events

Events (20 events):
Event: 1.083 Thread 0x000001b317fdb3c0 Thread added: 0x000001b37ebd7230
Event: 1.154 Thread 0x000001b33832f100 Thread exited: 0x000001b33832f100
Event: 1.156 Thread 0x000001b33839e2b0 Thread exited: 0x000001b33839e2b0
Event: 1.188 Thread 0x000001b317fdb3c0 Thread added: 0x000001b37ebd6ae0
Event: 1.195 Thread 0x000001b37ebd7980 Thread added: 0x000001b37ebd7980
Event: 1.319 Thread 0x000001b338393e80 Thread exited: 0x000001b338393e80
Event: 1.701 Thread 0x000001b37ebd7230 Thread added: 0x000001b37ebd8820
Event: 1.862 Thread 0x000001b37e5f3f20 Thread added: 0x000001b37ebd8f70
Event: 1.868 Thread 0x000001b33838a1c0 Thread exited: 0x000001b33838a1c0
Event: 1.868 Thread 0x000001b338389620 Thread exited: 0x000001b338389620
Event: 1.869 Thread 0x000001b338232710 Thread exited: 0x000001b338232710
Event: 1.870 Thread 0x000001b33822f340 Thread exited: 0x000001b33822f340
Event: 2.497 Thread 0x000001b33820be10 Thread exited: 0x000001b33820be10
Event: 3.306 Thread 0x000001b33820a440 Thread added: 0x000001b30000ae40
Event: 4.493 Thread 0x000001b33811af40 Thread added: 0x000001b30d6c2e50
Event: 4.497 Thread 0x000001b338190af0 Thread added: 0x000001b30d6c35e0
Event: 4.532 Thread 0x000001b33766c920 Thread added: 0x000001b300a49fd0
Event: 4.587 Thread 0x000001b338190af0 Thread added: 0x000001b30d6c1010
Event: 4.589 Thread 0x000001b30d6c35e0 Thread added: 0x000001b30d6c3d70
Event: 4.695 Thread 0x000001b33766c920 Thread added: 0x000001b300a48290


Dynamic libraries:
0x00007ff7bb690000 - 0x00007ff7bb69e000 	C:\Users\Elouan\.jdks\openjdk-24\bin\java.exe
0x00007ffaacea0000 - 0x00007ffaad100000 	C:\Windows\SYSTEM32\ntdll.dll
0x00007ffaab070000 - 0x00007ffaab137000 	C:\Windows\System32\KERNEL32.DLL
0x00007ffaaa8d0000 - 0x00007ffaaac9b000 	C:\Windows\System32\KERNELBASE.dll
0x00007ffaaa780000 - 0x00007ffaaa8cb000 	C:\Windows\System32\ucrtbase.dll
0x00007ffaa06d0000 - 0x00007ffaa06e6000 	C:\Users\Elouan\.jdks\openjdk-24\bin\jli.dll
0x00007ffa86e80000 - 0x00007ffa86e9b000 	C:\Users\Elouan\.jdks\openjdk-24\bin\VCRUNTIME140.dll
0x00007ffaacc90000 - 0x00007ffaace5c000 	C:\Windows\System32\USER32.dll
0x00007ffaaa080000 - 0x00007ffaaa0a7000 	C:\Windows\System32\win32u.dll
0x00007ffaab720000 - 0x00007ffaab74a000 	C:\Windows\System32\GDI32.dll
0x00007ffaaa1f0000 - 0x00007ffaaa321000 	C:\Windows\System32\gdi32full.dll
0x00007ffaaa0b0000 - 0x00007ffaaa153000 	C:\Windows\System32\msvcp_win.dll
0x00007ffa89f10000 - 0x00007ffa8a1a7000 	C:\Windows\WinSxS\amd64_microsoft.windows.common-controls_6595b64144ccf1df_6.0.26100.3624_none_3e086962e3345f24\COMCTL32.dll
0x00007ffaabfc0000 - 0x00007ffaac069000 	C:\Windows\System32\msvcrt.dll
0x00007ffaab750000 - 0x00007ffaab77f000 	C:\Windows\System32\IMM32.DLL
0x00007ffaa0720000 - 0x00007ffaa072c000 	C:\Users\Elouan\.jdks\openjdk-24\bin\vcruntime140_1.dll
0x00007ffa85360000 - 0x00007ffa853ee000 	C:\Users\Elouan\.jdks\openjdk-24\bin\msvcp140.dll
0x00007ff9dc980000 - 0x00007ff9dd722000 	C:\Users\Elouan\.jdks\openjdk-24\bin\server\jvm.dll
0x00007ffaac270000 - 0x00007ffaac323000 	C:\Windows\System32\ADVAPI32.dll
0x00007ffaaaca0000 - 0x00007ffaaad46000 	C:\Windows\System32\sechost.dll
0x00007ffaaad50000 - 0x00007ffaaae66000 	C:\Windows\System32\RPCRT4.dll
0x00007ffaabda0000 - 0x00007ffaabe14000 	C:\Windows\System32\WS2_32.dll
0x00007ffaa8c10000 - 0x00007ffaa8c6e000 	C:\Windows\SYSTEM32\POWRPROF.dll
0x00007ffa97e60000 - 0x00007ffa97e96000 	C:\Windows\SYSTEM32\WINMM.dll
0x00007ffa9f7d0000 - 0x00007ffa9f7db000 	C:\Windows\SYSTEM32\VERSION.dll
0x00007ffaa8bf0000 - 0x00007ffaa8c04000 	C:\Windows\SYSTEM32\UMPDC.dll
0x00007ffaa8f70000 - 0x00007ffaa8f8a000 	C:\Windows\SYSTEM32\kernel.appcore.dll
0x00007ffaa06c0000 - 0x00007ffaa06ca000 	C:\Users\Elouan\.jdks\openjdk-24\bin\jimage.dll
0x00007ffaa7000000 - 0x00007ffaa7241000 	C:\Windows\SYSTEM32\DBGHELP.DLL
0x00007ffaab390000 - 0x00007ffaab713000 	C:\Windows\System32\combase.dll
0x00007ffaabc40000 - 0x00007ffaabd16000 	C:\Windows\System32\OLEAUT32.dll
0x00007ffa345f0000 - 0x00007ffa34629000 	C:\Windows\SYSTEM32\dbgcore.DLL
0x00007ffaaa4a0000 - 0x00007ffaaa539000 	C:\Windows\System32\bcryptPrimitives.dll
0x00007ffaa5050000 - 0x00007ffaa505f000 	C:\Users\Elouan\.jdks\openjdk-24\bin\instrument.dll
0x00007ffa85570000 - 0x00007ffa8558e000 	C:\Users\Elouan\.jdks\openjdk-24\bin\java.dll
0x00007ffaabe20000 - 0x00007ffaabfb6000 	C:\Windows\System32\ole32.dll
0x00007ffaac560000 - 0x00007ffaacc89000 	C:\Windows\System32\SHELL32.dll
0x00007ffaaa330000 - 0x00007ffaaa498000 	C:\Windows\System32\wintypes.dll
0x00007ffaa7ce0000 - 0x00007ffaa8532000 	C:\Windows\SYSTEM32\windows.storage.dll
0x00007ffaac0f0000 - 0x00007ffaac1dd000 	C:\Windows\System32\SHCORE.dll
0x00007ffaac3f0000 - 0x00007ffaac454000 	C:\Windows\System32\shlwapi.dll
0x00007ffaa9f90000 - 0x00007ffaa9fbf000 	C:\Windows\SYSTEM32\profapi.dll
0x00007ffa735c0000 - 0x00007ffa73697000 	C:\Users\Elouan\.jdks\openjdk-24\bin\jsvml.dll
0x00007ffa86e70000 - 0x00007ffa86e80000 	C:\Users\Elouan\.jdks\openjdk-24\bin\net.dll
0x00007ffaa9470000 - 0x00007ffaa94da000 	C:\Windows\system32\mswsock.dll
0x00007ffa85550000 - 0x00007ffa85566000 	C:\Users\Elouan\.jdks\openjdk-24\bin\nio.dll
0x00007ffa854d0000 - 0x00007ffa854e7000 	C:\Users\Elouan\.jdks\openjdk-24\bin\zip.dll
0x00007ffaa8840000 - 0x00007ffaa8965000 	C:\Windows\SYSTEM32\DNSAPI.dll
0x00007ffaa8800000 - 0x00007ffaa8833000 	C:\Windows\SYSTEM32\IPHLPAPI.DLL
0x00007ffaaae70000 - 0x00007ffaaae7a000 	C:\Windows\System32\NSI.dll
0x00007ffaa4820000 - 0x00007ffaa482b000 	C:\Windows\System32\rasadhlp.dll
0x00007ffaa4ee0000 - 0x00007ffaa4f65000 	C:\Windows\System32\fwpuclnt.dll
0x00007ffa870c0000 - 0x00007ffa870ca000 	C:\Users\Elouan\.jdks\openjdk-24\bin\management.dll
0x00007ffa870b0000 - 0x00007ffa870bb000 	C:\Users\Elouan\.jdks\openjdk-24\bin\management_ext.dll
0x00007ffaac3e0000 - 0x00007ffaac3e8000 	C:\Windows\System32\PSAPI.DLL
0x000001b317f90000 - 0x000001b317f93000 	C:\Users\Elouan\.openjfx\cache\17.0.6\api-ms-win-core-console-l1-1-0.dll
0x000001b338d10000 - 0x000001b338d13000 	C:\Users\Elouan\.openjfx\cache\17.0.6\api-ms-win-core-console-l1-2-0.dll
0x000001b338e30000 - 0x000001b338e33000 	C:\Users\Elouan\.openjfx\cache\17.0.6\api-ms-win-core-datetime-l1-1-0.dll
0x000001b338e40000 - 0x000001b338e43000 	C:\Users\Elouan\.openjfx\cache\17.0.6\api-ms-win-core-debug-l1-1-0.dll
0x000001b338e50000 - 0x000001b338e53000 	C:\Users\Elouan\.openjfx\cache\17.0.6\api-ms-win-core-errorhandling-l1-1-0.dll
0x000001b338e60000 - 0x000001b338e64000 	C:\Users\Elouan\.openjfx\cache\17.0.6\api-ms-win-core-file-l1-1-0.dll
0x000001b338e70000 - 0x000001b338e73000 	C:\Users\Elouan\.openjfx\cache\17.0.6\api-ms-win-core-file-l1-2-0.dll
0x000001b338e80000 - 0x000001b338e83000 	C:\Users\Elouan\.openjfx\cache\17.0.6\api-ms-win-core-file-l2-1-0.dll
0x000001b338e90000 - 0x000001b338e93000 	C:\Users\Elouan\.openjfx\cache\17.0.6\api-ms-win-core-handle-l1-1-0.dll
0x000001b338ea0000 - 0x000001b338ea3000 	C:\Users\Elouan\.openjfx\cache\17.0.6\api-ms-win-core-heap-l1-1-0.dll
0x000001b338eb0000 - 0x000001b338eb3000 	C:\Users\Elouan\.openjfx\cache\17.0.6\api-ms-win-core-interlocked-l1-1-0.dll
0x000001b37f310000 - 0x000001b37f313000 	C:\Users\Elouan\.openjfx\cache\17.0.6\api-ms-win-core-libraryloader-l1-1-0.dll
0x000001b338ec0000 - 0x000001b338ec3000 	C:\Users\Elouan\.openjfx\cache\17.0.6\api-ms-win-core-localization-l1-2-0.dll
0x000001b338ed0000 - 0x000001b338ed3000 	C:\Users\Elouan\.openjfx\cache\17.0.6\api-ms-win-core-memory-l1-1-0.dll
0x000001b338ee0000 - 0x000001b338ee3000 	C:\Users\Elouan\.openjfx\cache\17.0.6\api-ms-win-core-namedpipe-l1-1-0.dll
0x000001b338ef0000 - 0x000001b338ef3000 	C:\Users\Elouan\.openjfx\cache\17.0.6\api-ms-win-core-processenvironment-l1-1-0.dll
0x000001b338f00000 - 0x000001b338f03000 	C:\Users\Elouan\.openjfx\cache\17.0.6\api-ms-win-core-processthreads-l1-1-0.dll
0x000001b338f10000 - 0x000001b338f13000 	C:\Users\Elouan\.openjfx\cache\17.0.6\api-ms-win-core-processthreads-l1-1-1.dll
0x000001b338f20000 - 0x000001b338f23000 	C:\Users\Elouan\.openjfx\cache\17.0.6\api-ms-win-core-profile-l1-1-0.dll
0x000001b338f30000 - 0x000001b338f33000 	C:\Users\Elouan\.openjfx\cache\17.0.6\api-ms-win-core-rtlsupport-l1-1-0.dll
0x000001b338f40000 - 0x000001b338f43000 	C:\Users\Elouan\.openjfx\cache\17.0.6\api-ms-win-core-string-l1-1-0.dll
0x000001b338f50000 - 0x000001b338f53000 	C:\Users\Elouan\.openjfx\cache\17.0.6\api-ms-win-core-synch-l1-1-0.dll
0x000001b338f60000 - 0x000001b338f63000 	C:\Users\Elouan\.openjfx\cache\17.0.6\api-ms-win-core-synch-l1-2-0.dll
0x000001b338f70000 - 0x000001b338f73000 	C:\Users\Elouan\.openjfx\cache\17.0.6\api-ms-win-core-sysinfo-l1-1-0.dll
0x000001b338f80000 - 0x000001b338f83000 	C:\Users\Elouan\.openjfx\cache\17.0.6\api-ms-win-core-timezone-l1-1-0.dll
0x000001b338f90000 - 0x000001b338f93000 	C:\Users\Elouan\.openjfx\cache\17.0.6\api-ms-win-core-util-l1-1-0.dll
0x000001b338fa0000 - 0x000001b338fa3000 	C:\Users\Elouan\.openjfx\cache\17.0.6\api-ms-win-crt-conio-l1-1-0.dll
0x000001b338fb0000 - 0x000001b338fb4000 	C:\Users\Elouan\.openjfx\cache\17.0.6\api-ms-win-crt-convert-l1-1-0.dll
0x000001b338fc0000 - 0x000001b338fc3000 	C:\Users\Elouan\.openjfx\cache\17.0.6\api-ms-win-crt-environment-l1-1-0.dll
0x000001b338fd0000 - 0x000001b338fd3000 	C:\Users\Elouan\.openjfx\cache\17.0.6\api-ms-win-crt-filesystem-l1-1-0.dll
0x000001b338fe0000 - 0x000001b338fe3000 	C:\Users\Elouan\.openjfx\cache\17.0.6\api-ms-win-crt-heap-l1-1-0.dll
0x000001b338ff0000 - 0x000001b338ff3000 	C:\Users\Elouan\.openjfx\cache\17.0.6\api-ms-win-crt-locale-l1-1-0.dll
0x000001b37f440000 - 0x000001b37f445000 	C:\Users\Elouan\.openjfx\cache\17.0.6\api-ms-win-crt-math-l1-1-0.dll
0x000001b37f320000 - 0x000001b37f325000 	C:\Users\Elouan\.openjfx\cache\17.0.6\api-ms-win-crt-multibyte-l1-1-0.dll
0x000001b37f330000 - 0x000001b37f340000 	C:\Users\Elouan\.openjfx\cache\17.0.6\api-ms-win-crt-private-l1-1-0.dll
0x000001b37f340000 - 0x000001b37f343000 	C:\Users\Elouan\.openjfx\cache\17.0.6\api-ms-win-crt-process-l1-1-0.dll
0x000001b37f350000 - 0x000001b37f354000 	C:\Users\Elouan\.openjfx\cache\17.0.6\api-ms-win-crt-runtime-l1-1-0.dll
0x000001b37f360000 - 0x000001b37f364000 	C:\Users\Elouan\.openjfx\cache\17.0.6\api-ms-win-crt-stdio-l1-1-0.dll
0x000001b37f370000 - 0x000001b37f374000 	C:\Users\Elouan\.openjfx\cache\17.0.6\api-ms-win-crt-string-l1-1-0.dll
0x000001b37f380000 - 0x000001b37f383000 	C:\Users\Elouan\.openjfx\cache\17.0.6\api-ms-win-crt-time-l1-1-0.dll
0x000001b37f390000 - 0x000001b37f393000 	C:\Users\Elouan\.openjfx\cache\17.0.6\api-ms-win-crt-utility-l1-1-0.dll
0x00007ffa73440000 - 0x00007ffa7353c000 	C:\Users\Elouan\.openjfx\cache\17.0.6\ucrtbase.dll
0x00007ffa87090000 - 0x00007ffa870aa000 	C:\Users\Elouan\.openjfx\cache\17.0.6\vcruntime140.dll
0x00007ffa87080000 - 0x00007ffa8708c000 	C:\Users\Elouan\.openjfx\cache\17.0.6\vcruntime140_1.dll
0x00007ffa86ff0000 - 0x00007ffa8707d000 	C:\Users\Elouan\.openjfx\cache\17.0.6\msvcp140.dll
0x00007ffa855f0000 - 0x00007ffa855f9000 	C:\Users\Elouan\.openjfx\cache\17.0.6\msvcp140_1.dll
0x00007ffa855c0000 - 0x00007ffa855ef000 	C:\Users\Elouan\.openjfx\cache\17.0.6\msvcp140_2.dll
0x00007ffa854a0000 - 0x00007ffa854ca000 	C:\Users\Elouan\.openjfx\cache\17.0.6\prism_d3d.dll
0x00007ffa6da60000 - 0x00007ffa6dc0c000 	C:\Windows\system32\d3d9.dll
0x00007ffaa7830000 - 0x00007ffaa7865000 	C:\Windows\SYSTEM32\dwmapi.dll
0x00007ffaa7610000 - 0x00007ffaa7657000 	C:\Windows\SYSTEM32\dxcore.dll
0x00007ffaa6e30000 - 0x00007ffaa6ede000 	C:\Windows\system32\uxtheme.dll
0x00007ffa73370000 - 0x00007ffa73435000 	C:\Windows\SYSTEM32\d3d9on12.dll
0x00007ffaa76d0000 - 0x00007ffaa77fe000 	C:\Windows\SYSTEM32\dxgi.dll
0x00007ffa85400000 - 0x00007ffa85423000 	C:\Windows\SYSTEM32\d3d12.dll
0x00007ffaa7660000 - 0x00007ffaa76be000 	C:\Windows\SYSTEM32\directxdatabasehelper.dll
0x00007ffaa9d10000 - 0x00007ffaa9d6f000 	C:\Windows\SYSTEM32\cfgmgr32.dll
0x00007ffa67860000 - 0x00007ffa67ad3000 	C:\Windows\SYSTEM32\D3D12Core.dll
0x00007ffa62550000 - 0x00007ffa62657000 	C:\Windows\System32\DriverStore\FileRepository\iigd_dch.inf_amd64_0fdf6ce291234272\igd12umd64.dll
0x00007ffaa9820000 - 0x00007ffaa983c000 	C:\Windows\SYSTEM32\CRYPTSP.dll
0x00007ff9dba70000 - 0x00007ff9dc975000 	C:\Windows\System32\DriverStore\FileRepository\iigd_dch.inf_amd64_0fdf6ce291234272\igd12um64xel.dll
0x00007ffaaa600000 - 0x00007ffaaa777000 	C:\Windows\System32\CRYPT32.dll
0x00007ffaa99b0000 - 0x00007ffaa99d6000 	C:\Windows\SYSTEM32\bcrypt.dll
0x00007ffaa8ed0000 - 0x00007ffaa8f0a000 	C:\Windows\system32\rsaenh.dll
0x00007ffaa9510000 - 0x00007ffaa953b000 	C:\Windows\SYSTEM32\USERENV.dll
0x00007ffaa96a0000 - 0x00007ffaa96ac000 	C:\Windows\SYSTEM32\CRYPTBASE.dll
0x00007ffa8b190000 - 0x00007ffa8b1d4000 	C:\Windows\SYSTEM32\ControlLib.dll
0x00007ffaab7b0000 - 0x00007ffaabc36000 	C:\Windows\System32\SETUPAPI.dll
0x00007ffaa9ce0000 - 0x00007ffaa9d0d000 	C:\Windows\SYSTEM32\DEVOBJ.dll
0x00007ffa93ca0000 - 0x00007ffa93d2b000 	C:\Windows\System32\DriverStore\FileRepository\iigd_dch.inf_amd64_0fdf6ce291234272\IntelControlLib.dll
0x00007ffaaa160000 - 0x00007ffaaa1df000 	C:\Windows\System32\WINTRUST.dll
0x00007ffaa9880000 - 0x00007ffaa9893000 	C:\Windows\SYSTEM32\MSASN1.dll
0x00007ffa93320000 - 0x00007ffa93758000 	C:\Windows\System32\DriverStore\FileRepository\iigd_dch.inf_amd64_0fdf6ce291234272\igdgmm64.dll

dbghelp: loaded successfully - version: 4.0.5 - missing functions: none
symbol engine: initialized successfully - sym options: 0x614 - pdb path: .;C:\Users\Elouan\.jdks\openjdk-24\bin;C:\Windows\SYSTEM32;C:\Windows\WinSxS\amd64_microsoft.windows.common-controls_6595b64144ccf1df_6.0.26100.3624_none_3e086962e3345f24;C:\Users\Elouan\.jdks\openjdk-24\bin\server;C:\Users\Elouan\.openjfx\cache\17.0.6;C:\Windows\System32\DriverStore\FileRepository\iigd_dch.inf_amd64_0fdf6ce291234272;C:\Program Files\Common Files\Microsoft Shared\Ink;C:\Users\Elouan\AppData\Local\Temp\idea_libasyncProfiler_dll_temp_folder

VM Arguments:
jvm_args: -javaagent:C:\Program Files\JetBrains\IntelliJ IDEA 2024.3.5\lib\idea_rt.jar=54620 -Dfile.encoding=UTF-8 -Dsun.stdout.encoding=UTF-8 -Dsun.stderr.encoding=UTF-8 --module-path=C:\Users\Elouan\.m2\repository\org\openjfx\javafx-controls\17.0.6\javafx-controls-17.0.6-win.jar;C:\Users\Elouan\.m2\repository\org\openjfx\javafx-fxml\17.0.6\javafx-fxml-17.0.6-win.jar;C:\Users\Elouan\.m2\repository\org\openjfx\javafx-base\17.0.6\javafx-base-17.0.6-win.jar;C:\Users\Elouan\.m2\repository\org\openjfx\javafx-graphics\17.0.6\javafx-graphics-17.0.6-win.jar;C:\Users\Elouan\cours1\demo2\target\classes -Djdk.module.main=demo2 
java_command: demo2/tp2.Main
java_class_path (initial): C:\Users\Elouan\.m2\repository\org\openjfx\javafx-controls\17.0.6\javafx-controls-17.0.6.jar;C:\Users\Elouan\.m2\repository\org\openjfx\javafx-graphics\17.0.6\javafx-graphics-17.0.6.jar;C:\Users\Elouan\.m2\repository\org\openjfx\javafx-base\17.0.6\javafx-base-17.0.6.jar;C:\Users\Elouan\.m2\repository\org\openjfx\javafx-fxml\17.0.6\javafx-fxml-17.0.6.jar
Launcher Type: SUN_STANDARD

[Global flags]
     intx CICompilerCount                          = 12                                        {product} {ergonomic}
     uint ConcGCThreads                            = 3                                         {product} {ergonomic}
     bool FlightRecorder                           = true                                      {product} {management}
     uint G1ConcRefinementThreads                  = 13                                        {product} {ergonomic}
   size_t G1HeapRegionSize                         = 2097152                                   {product} {ergonomic}
   size_t InitialHeapSize                          = 264241152                                 {product} {ergonomic}
   size_t MarkStackSize                            = 4194304                                   {product} {ergonomic}
   size_t MarkStackSizeMax                         = 536870912                                 {product} {ergonomic}
   size_t MaxHeapSize                              = 4202692608                                {product} {ergonomic}
   size_t MaxNewSize                               = 2520776704                                {product} {ergonomic}
   size_t MinHeapDeltaBytes                        = 2097152                                   {product} {ergonomic}
   size_t MinHeapSize                              = 8388608                                   {product} {ergonomic}
    uintx NonNMethodCodeHeapSize                   = 7602176                                {pd product} {ergonomic}
    uintx NonProfiledCodeHeapSize                  = 122093568                              {pd product} {ergonomic}
    uintx ProfiledCodeHeapSize                     = 121962496                              {pd product} {ergonomic}
    uintx ReservedCodeCacheSize                    = 251658240                              {pd product} {ergonomic}
     bool SegmentedCodeCache                       = true                                      {product} {ergonomic}
   size_t SoftMaxHeapSize                          = 4202692608                             {manageable} {ergonomic}
     bool UseCompressedOops                        = true                           {product lp64_product} {ergonomic}
     bool UseG1GC                                  = true                                      {product} {ergonomic}
     bool UseLargePagesIndividualAllocation        = false                                  {pd product} {ergonomic}

Logging:
Log output configuration:
 #0: stdout all=warning uptime,level,tags foldmultilines=false
 #1: stderr all=off uptime,level,tags foldmultilines=false

Environment Variables:
PATH=C:\Program Files\Common Files\Oracle\Java\javapath;C:\Windows\system32;C:\Windows;C:\Windows\System32\Wbem;C:\Windows\System32\WindowsPowerShell\v1.0\;C:\Windows\System32\OpenSSH\;C:\Windows\AtlasModules;C:\Windows\AtlasModules\Tools;C:\Windows\AtlasModules\Scripts;C:\Program Files\Git\cmd;C:\Program Files\dotnet\;C:\Program Files\NVIDIA Corporation\NVIDIA app\NvDLISR;C:\Program Files (x86)\NVIDIA Corporation\PhysX\Common;C:\Program Files\nodejs\;C:\Users\Elouan\AppData\Local\Microsoft\WindowsApps;C:\Users\Elouan\AppData\Local\GitHubDesktop\bin;C:\Users\Elouan\AppData\Local\Programs\Microsoft VS Code\bin;C:\Users\Elouan\AppData\Roaming\npm;C:\Users\Elouan\AppData\Local\spicetify
USERNAME=Elouan
OS=Windows_NT
PROCESSOR_IDENTIFIER=Intel64 Family 6 Model 154 Stepping 3, GenuineIntel
TMP=C:\Users\Elouan\AppData\Local\Temp
TEMP=C:\Users\Elouan\AppData\Local\Temp




Periodic native trim disabled

---------------  S Y S T E M  ---------------

OS:
 Windows 11 , 64 bit Build 26100 (10.0.26100.3624)
OS uptime: 0 days 2:48 hours
Hyper-V role detected

CPU: total 16 (initial active 16) (8 cores per cpu, 2 threads per core) family 6 model 154 stepping 3 microcode 0x434, cx8, cmov, fxsr, ht, mmx, 3dnowpref, sse, sse2, sse3, ssse3, sse4.1, sse4.2, popcnt, lzcnt, tsc, tscinvbit, avx, avx2, aes, erms, clmul, bmi1, bmi2, adx, sha, fma, vzeroupper, clflush, clflushopt, clwb, hv, serialize, rdtscp, rdpid, fsrm, gfni, f16c, cet_ibt, cet_ss
Processor Information for the first 16 processors :
  Max Mhz: 2500, Current Mhz: 2500, Mhz Limit: 2500

Memory: 4k page, system-wide physical 16024M (2789M free)
TotalPageFile size 23960M (AvailPageFile size 6478M)
current process WorkingSet (physical memory assigned to process): 281M, peak: 285M
current process commit charge ("private bytes"): 560M, peak: 572M

vm_info: OpenJDK 64-Bit Server VM (24+36-3646) for windows-amd64 JRE (24+36-3646), built on 2025-02-06T00:20:43Z with MS VC++ 17.6 (VS2022)

END.
