#
# A fatal error has been detected by the Java Runtime Environment:
#
#  EXCEPTION_ACCESS_VIOLATION (0xc0000005) at pc=0x00007ff9faf43004, pid=7188, tid=2112
#
# JRE version: OpenJDK Runtime Environment (24.0+36) (build 24+36-3646)
# Java VM: OpenJDK 64-Bit Server VM (24+36-3646, mixed mode, sharing, tiered, compressed oops, compressed class ptrs, g1 gc, windows-amd64)
# Problematic frame:
# C  0x00007ff9faf43004
#
# No core dump will be written. Minidumps are not enabled by default on client versions of Windows
#
# JFR recording file will be written. Location: C:\Users\Elouan\cours1\demo2\hs_err_pid7188.jfr
#
# If you would like to submit a bug report, please visit:
#   https://bugreport.java.com/bugreport/crash.jsp
# The crash happened outside the Java Virtual Machine in native code.
# See problematic frame for where to report the bug.
#

---------------  S U M M A R Y ------------

Command Line: -javaagent:C:\Program Files\JetBrains\IntelliJ IDEA 2024.3.5\lib\idea_rt.jar=54143 -Dfile.encoding=UTF-8 -Dsun.stdout.encoding=UTF-8 -Dsun.stderr.encoding=UTF-8 --module-path=C:\Users\Elouan\.m2\repository\org\openjfx\javafx-controls\17.0.6\javafx-controls-17.0.6-win.jar;C:\Users\Elouan\.m2\repository\org\openjfx\javafx-fxml\17.0.6\javafx-fxml-17.0.6-win.jar;C:\Users\Elouan\.m2\repository\org\openjfx\javafx-base\17.0.6\javafx-base-17.0.6-win.jar;C:\Users\Elouan\.m2\repository\org\openjfx\javafx-graphics\17.0.6\javafx-graphics-17.0.6-win.jar;C:\Users\Elouan\cours1\demo2\target\classes -Djdk.module.main=demo2 demo2/tp2.Main

Host: 12th Gen Intel(R) Core(TM) i5-12500H, 16 cores, 15G,  Windows 11 , 64 bit Build 26100 (10.0.26100.3624)
Time: Tue Apr  1 16:19:56 2025 Paris, Madrid (heure duild 26100 (10.0.26100.3624) elapsed time: 522.017351 seconds (0d 0h 8m 42s)

---------------  T H R E A D  ---------------

Current thread (0x000001a55c8b9de0):  JavaThread "Attach Listener" daemon [_thread_in_native, id=2112, stack(0x0000002911600000,0x0000002911700000) (1024K)]

Stack: [0x0000002911600000,0x0000002911700000],  sp=0x00000029116ff1f0,  free space=1020k
Native frames: (J=compiled Java code, j=interpreted, Vv=VM code, C=native code)
C  0x00007ff9faf43004  (no source info available)
C  0x00007ff9faf434db  (no source info available)
C  0x00007ff9faf42134  (no source info available)
C  0x00007ff9faf429aa  (no source info available)
C  0x00007ff9faf3d561  (no source info available)
C  0x00007ff9faf2ef21  (no source info available)
C  0x00007ff9faf2dc38  (no source info available)
C  0x00007ff9faf2db20  (no source info available)
C  0x00007ff9faf34af9  (no source info available)
V  [jvm.dll+0x57f1b7]  (no source info available)
V  [jvm.dll+0x57ff2c]  (no source info available)
V  [jvm.dll+0x14c9b7]  (no source info available)
V  [jvm.dll+0x14df81]  (no source info available)
V  [jvm.dll+0x42f566]  (no source info available)
V  [jvm.dll+0x87d8fb]  (no source info available)
V  [jvm.dll+0x72efe5]  (no source info available)
C  [ucrtbase.dll+0x37b0]  (no source info available)
C  [KERNEL32.DLL+0x2e8d7]  (no source info available)
C  [ntdll.dll+0xb14fc]  (no source info available)


siginfo: EXCEPTION_ACCESS_VIOLATION (0xc0000005), reading address 0xffffffffffffffff


Registers:
RAX=0x0000000000000010, RBX=0x0000000000000000, RCX=0xffffffffffffffff, RDX=0x007ff9dd3d2ff010
RSP=0x00000029116ff1f0, RBP=0x000001a5a42e9760, RSI=0x00000029116ff360, RDI=0x000001a5a42e9760
R8 =0x0000000000000042, R9 =0x0000000712211580, R10=0x00007ff9dd649fc0, R11=0x0000000000000004
R12=0x00000029116ff360, R13=0x000001a5a3e64c10, R14=0x000001a55c8ba1a8, R15=0x000001a55c8ba1a8
RIP=0x00007ff9faf43004, EFLAGS=0x0000000000010202

XMM[0]=0x0000000000000000 0x0000000000000000
XMM[1]=0x0000000000000000 0x0000000000000000
XMM[2]=0x0000000000000000 0x0000000000000000
XMM[3]=0x0000000000000000 0x0000000000000000
XMM[4]=0x0000000000000000 0x0000000000000000
XMM[5]=0x0000000000000000 0x0000000000000000
XMM[6]=0x0000000000000000 0x0000000000000000
XMM[7]=0x0000000000000000 0x0000000000000000
XMM[8]=0x0000000000000000 0x0000000000000000
XMM[9]=0x0000000000000000 0x0000000000000000
XMM[10]=0x0000000000000000 0x0000000000000000
XMM[11]=0x0000000000000000 0x0000000000000000
XMM[12]=0x0000000000000000 0x0000000000000000
XMM[13]=0x0000000000000000 0x0000000000000000
XMM[14]=0x0000000000000000 0x0000000000000000
XMM[15]=0x0000000000000000 0x0000000000000000
  MXCSR=0x00001fa0


Register to memory mapping:

RAX=0x0000000000000010 is an unknown value
RBX=0x0 is null
RCX=0xffffffffffffffff is an unknown value
RDX=0x007ff9dd3d2ff010 is an unknown value
RSP=0x00000029116ff1f0 is pointing into the stack for thread: 0x000001a55c8b9de0
RBP=0x000001a5a42e9760 points into unknown readable memory: 0x0000000712211580 | 80 15 21 12 07 00 00 00
RSI=0x00000029116ff360 is pointing into the stack for thread: 0x000001a55c8b9de0
RDI=0x000001a5a42e9760 points into unknown readable memory: 0x0000000712211580 | 80 15 21 12 07 00 00 00
R8 =0x0000000000000042 is an unknown value
R9 =0x0000000712211580 is an oop: java.lang.Thread 
{0x0000000712211580} - klass: 'java/lang/Thread' - flags: 

 - ---- fields (total size 14 words):
 - 'threadLocalRandomProbe' 'I' @12  0 (0x00000000)
 - private volatile 'eetop' 'J' @16  1809208034448 (0x000001a53d33c490)
 - private final 'tid' 'J' @24  3 (0x0000000000000003)
 - 'threadLocalRandomSeed' 'J' @32  0 (0x0000000000000000)
 - injected 'jvmti_thread_state' 'J' @40  1810931226416 (0x000001a5a3e99730)
 - 'threadLocalRandomSecondarySeed' 'I' @48  0 (0x00000000)
 - injected 'jvmti_VTMS_transition_disable_count' 'I' @52  0 (0x00000000)
 - injected 'jfr_epoch' 'S' @56  0 (0x0000)
 - volatile 'interrupted' 'Z' @58  false (0x00)
 - injected 'jvmti_is_in_VTMS_transition' 'Z' @59  false (0x00)
 - private volatile 'name' 'Ljava/lang/String;' @60  "main"{0x0000000712095098} (0xe2412a13)
 - private volatile 'contextClassLoader' 'Ljava/lang/ClassLoader;' @64  a 'jdk/internal/loader/ClassLoaders$AppClassLoader'{0x0000000712200640} (0xe24400c8)
 - private final 'holder' 'Ljava/lang/Thread$FieldHolder;' @68  a 'java/lang/Thread$FieldHolder'{0x00000007120950c8} (0xe2412a19)
 - 'threadLocals' 'Ljava/lang/ThreadLocal$ThreadLocalMap;' @72  a 'java/lang/ThreadLocal$ThreadLocalMap'{0x00000007120950f0} (0xe2412a1e)
 - 'inheritableThreadLocals' 'Ljava/lang/ThreadLocal$ThreadLocalMap;' @76  null (0x00000000)
 - private 'scopedValueBindings' 'Ljava/lang/Object;' @80  a 'java/lang/Class'{0x00000007ffe7c280} = 'java/lang/Thread' (0xfffcf850)
 - final 'interruptLock' 'Ljava/lang/Object;' @84  a 'java/lang/Object'{0x0000000712095438} (0xe2412a87)
 - private volatile 'parkBlocker' 'Ljava/lang/Object;' @88  a 'java/util/concurrent/CountDownLatch$Sync'{0x0000000712211560} (0xe24422ac)
 - private 'nioBlocker' 'Lsun/nio/ch/Interruptible;' @92  null (0x00000000)
 - private 'cont' 'Ljdk/internal/vm/Continuation;' @96  null (0x00000000)
 - private volatile 'uncaughtExceptionHandler' 'Ljava/lang/Thread$UncaughtExceptionHandler;' @100  null (0x00000000)
 - private 'container' 'Ljdk/internal/vm/ThreadContainer;' @104  null (0x00000000)
 - private volatile 'headStackableScopes' 'Ljdk/internal/vm/StackableScope;' @108  null (0x00000000)
R10=0x00007ff9dd649fc0 jvm.dll
R11=0x0000000000000004 is an unknown value
R12=0x00000029116ff360 is pointing into the stack for thread: 0x000001a55c8b9de0
R13=0x000001a5a3e64c10 points into unknown readable memory: 0x00007ff9dd5ba510 | 10 a5 5b dd f9 7f 00 00
R14=0x000001a55c8ba1a8 points into unknown readable memory: 0x00007ff9dd5b17b0 | b0 17 5b dd f9 7f 00 00
R15=0x000001a55c8ba1a8 points into unknown readable memory: 0x00007ff9dd5b17b0 | b0 17 5b dd f9 7f 00 00

Top of Stack: (sp=0x00000029116ff1f0)
0x00000029116ff1f0:   00000029116ff360 000001a5a42e9760   `.o.)...`.......
0x00000029116ff200:   0000000000000000 000001a55c8ba530   ........0..\....
0x00000029116ff210:   0000000000000037 00007ff9faf434db   7........4......
0x00000029116ff220:   0000000000000000 000001a55c8ba1a8   ...........\....
0x00000029116ff230:   00000029116ff301 0000000000000000   ..o.)...........
0x00000029116ff240:   000001a5a528b3d0 00007ff9faf42134   ..(.....4!......
0x00000029116ff250:   0000000000000000 0000000000000037   ........7.......
0x00000029116ff260:   0000000000000000 0000000000000037   ........7.......
0x00000029116ff270:   00000016a37c7d98 000001a5a3830f50   .}|.....P.......
0x00000029116ff280:   000001a5a528b3d0 000001a5a528b4ac   ..(.......(.....
0x00000029116ff290:   000001a5a528b4cc 00000000000034d0   ..(......4......
0x00000029116ff2a0:   0000000000000000 0000000000000000   ................
0x00000029116ff2b0:   0000000000000000 00007ff9dce158e4   .........X......
0x00000029116ff2c0:   00007ff9fb09ae00 0000000000001c14   ................
0x00000029116ff2d0:   00007ff9fb09ae00 00000000ffffffff   ................
0x00000029116ff2e0:   0000000000000000 00007ff9faf429aa   .........)......
0x00000029116ff2f0:   000001a55c8ba1a8 0000000000000000   ...\............
0x00000029116ff300:   00000029116ff369 000001a5a3e64c10   i.o.)....L......
0x00000029116ff310:   0000000000000004 0000000000000048   ........H.......
0x00000029116ff320:   0000000800800310 0000000000000020   ........ .......
0x00000029116ff330:   000001a55c8ba1a8 00007ff9fb09ae00   ...\............
0x00000029116ff340:   000001a53d3d80d0 000001a5a3e99730   ..==....0.......
0x00000029116ff350:   0000000800800390 000001a55c8ba1a8   ...........\....
0x00000029116ff360:   000001a5b5371bd0 000001a5b53722b0   ..7......"7.....
0x00000029116ff370:   000001a5b53722b0 00007ff9fb09ae00   ."7.............
0x00000029116ff380:   000001a5a37c7d98 00000029116ff4f8   .}|.......o.)...
0x00000029116ff390:   00000029116ff630 0000000000008840   0.o.)...@.......
0x00000029116ff3a0:   00000029116ff810 00007ff9fb09ae50   ..o.)...P.......
0x00000029116ff3b0:   0000000000989680 0000000000989680   ................
0x00000029116ff3c0:   00000029116ff4d0 00007ff9faf3d561   ..o.)...a.......
0x00000029116ff3d0:   00007ff9fb09ae00 00007ff9fb09ae58   ........X.......
0x00000029116ff3e0:   00007ff900000000 00007ff900000001   ................

Instructions: (pc=0x00007ff9faf43004)
  0x00007ff9faf42f04:   cc cc cc cc cc cc cc cc cc cc cc cc cc cc cc cc
  0x00007ff9faf42f14:   cc cc cc cc cc cc cc cc cc cc cc cc cc cc cc cc
  0x00007ff9faf42f24:   cc cc cc cc cc cc cc cc cc cc cc cc cc cc cc cc
  0x00007ff9faf42f34:   cc cc cc cc cc cc cc cc cc cc cc cc cc cc cc cc
  0x00007ff9faf42f44:   cc cc cc cc cc cc cc cc cc cc cc cc cc cc cc cc
  0x00007ff9faf42f54:   cc cc cc cc cc cc cc cc cc cc cc cc cc cc cc cc
  0x00007ff9faf42f64:   cc cc cc cc cc cc cc cc cc cc cc cc cc cc cc cc
  0x00007ff9faf42f74:   cc cc cc cc cc cc cc cc cc cc cc cc cc cc cc cc
  0x00007ff9faf42f84:   cc cc cc cc cc cc cc cc cc cc cc cc 40 57 48 83
  0x00007ff9faf42f94:   ec 20 48 8b f9 48 8b 0d 30 80 15 00 48 85 c9 74
  0x00007ff9faf42fa4:   20 48 8b 01 48 8d 54 24 38 41 b8 06 00 01 00 4c
  0x00007ff9faf42fb4:   8b 48 30 41 ff d1 85 c0 75 07 48 8b 4c 24 38 eb
  0x00007ff9faf42fc4:   02 33 c9 4c 8b 05 0a 81 15 00 48 89 5c 24 30 4d
  0x00007ff9faf42fd4:   85 c0 74 4a 48 8b 01 48 8b d7 4c 8b 88 28 03 00
  0x00007ff9faf42fe4:   00 41 ff d1 48 85 c0 74 35 48 63 0d b8 3d 15 00
  0x00007ff9faf42ff4:   48 8b 14 01 48 85 d2 74 15 48 63 05 bc 3d 15 00
=>0x00007ff9faf43004:   8b 04 10 48 8b 5c 24 30 48 83 c4 20 5f c3 b8 ff
  0x00007ff9faf43014:   ff ff ff 48 8b 5c 24 30 48 83 c4 20 5f c3 80 3d
  0x00007ff9faf43024:   bb 7f 15 00 00 bb ff ff ff ff 74 20 4c 8b 0d 51
  0x00007ff9faf43034:   7c 15 00 4c 8d 44 24 38 48 8b 0d 35 7c 15 00 48
  0x00007ff9faf43044:   8b d7 41 ff d1 85 c0 0f 44 5c 24 38 8b c3 48 8b
  0x00007ff9faf43054:   5c 24 30 48 83 c4 20 5f c3 cc cc cc cc cc cc cc
  0x00007ff9faf43064:   cc cc cc cc cc cc cc cc cc cc cc cc cc cc cc cc
  0x00007ff9faf43074:   cc cc cc cc cc cc cc cc cc cc cc cc cc cc cc cc
  0x00007ff9faf43084:   cc cc cc cc cc cc cc cc cc cc cc cc 48 89 54 24
  0x00007ff9faf43094:   10 53 55 56 57 41 56 41 57 48 83 ec 28 48 8b f2
  0x00007ff9faf430a4:   4c 8b f1 48 89 4c 24 78 45 33 ff 44 89 7c 24 68
  0x00007ff9faf430b4:   c7 44 24 60 01 00 00 00 48 8d 4c 24 68 e8 69 3c
  0x00007ff9faf430c4:   f7 ff 8b d8 48 8d 4c 24 60 e8 5d 3c f7 ff 8b e8
  0x00007ff9faf430d4:   49 8b ce e8 33 f3 f6 ff 48 8b f8 90 8b c3 f0 0f
  0x00007ff9faf430e4:   b1 2f 74 04 f3 90 eb f4 4c 89 3e 4c 89 7e 08 4c
  0x00007ff9faf430f4:   89 7e 10 49 8b 6e 08 4d 8b 76 10 49 3b ee 0f 84


Stack slot to memory mapping:

stack at sp + 0 slots: 0x00000029116ff360 is pointing into the stack for thread: 0x000001a55c8b9de0
stack at sp + 1 slots: 0x000001a5a42e9760 points into unknown readable memory: 0x0000000712211580 | 80 15 21 12 07 00 00 00
stack at sp + 2 slots: 0x0 is null
stack at sp + 3 slots: 0x000001a55c8ba530 points into unknown readable memory: 0x6e616c2e6176616a | 6a 61 76 61 2e 6c 61 6e
stack at sp + 4 slots: 0x0000000000000037 is an unknown value
stack at sp + 5 slots: 0x00007ff9faf434db points into unknown readable memory: 44 8b d8 83 f8
stack at sp + 6 slots: 0x0 is null
stack at sp + 7 slots: 0x000001a55c8ba1a8 points into unknown readable memory: 0x00007ff9dd5b17b0 | b0 17 5b dd f9 7f 00 00

Lock stack of current Java thread (top to bottom):


---------------  P R O C E S S  ---------------

Threads class SMR info:
_java_thread_list=0x000001a5a3e5e310, length=33, elements={
0x000001a53d33c490, 0x000001a55c8b8430, 0x000001a55c8b8b70, 0x000001a55c8b92b0,
0x000001a55c8b9de0, 0x000001a55c8bab70, 0x000001a55c8bdf00, 0x000001a55c8bb6a0,
0x000001a55c8bc220, 0x000001a55d576cf0, 0x000001a5a3980510, 0x000001a5a3e5f460,
0x000001a5a39e5d50, 0x000001a5a39e4010, 0x000001a5a39e4eb0, 0x000001a5a39e5600,
0x000001a5a39e6bf0, 0x000001a5a39e4760, 0x000001a5a4c34cf0, 0x000001a5a4c35440,
0x000001a5a51af840, 0x000001a5a51ae250, 0x000001a5a51adb00, 0x000001a5a51b32c0,
0x000001a5a481af00, 0x000001a5a5547070, 0x000001a5a51b1580, 0x000001a5a55468e0,
0x000001a5a5548eb0, 0x000001a5a5547f90, 0x000001a5a5548720, 0x000001a5a5549dd0,
0x000001a5a51b2b70
}

Java Threads: ( => current thread )
  0x000001a53d33c490 JavaThread "main"                              [_thread_blocked, id=21020, stack(0x0000002910b00000,0x0000002910c00000) (1024K)]
  0x000001a55c8b8430 JavaThread "Reference Handler"          daemon [_thread_blocked, id=18156, stack(0x0000002911300000,0x0000002911400000) (1024K)]
  0x000001a55c8b8b70 JavaThread "Finalizer"                  daemon [_thread_blocked, id=20132, stack(0x0000002911400000,0x0000002911500000) (1024K)]
  0x000001a55c8b92b0 JavaThread "Signal Dispatcher"          daemon [_thread_blocked, id=20456, stack(0x0000002911500000,0x0000002911600000) (1024K)]
=>0x000001a55c8b9de0 JavaThread "Attach Listener"            daemon [_thread_in_native, id=2112, stack(0x0000002911600000,0x0000002911700000) (1024K)]
  0x000001a55c8bab70 JavaThread "Service Thread"             daemon [_thread_blocked, id=20028, stack(0x0000002911700000,0x0000002911800000) (1024K)]
  0x000001a55c8bdf00 JavaThread "Monitor Deflation Thread"   daemon [_thread_blocked, id=3124, stack(0x0000002911800000,0x0000002911900000) (1024K)]
  0x000001a55c8bb6a0 JavaThread "C2 CompilerThread0"         daemon [_thread_blocked, id=2200, stack(0x0000002911900000,0x0000002911a00000) (1024K)]
  0x000001a55c8bc220 JavaThread "C1 CompilerThread0"         daemon [_thread_blocked, id=20524, stack(0x0000002911a00000,0x0000002911b00000) (1024K)]
  0x000001a55d576cf0 JavaThread "Common-Cleaner"             daemon [_thread_blocked, id=14288, stack(0x0000002911d00000,0x0000002911e00000) (1024K)]
  0x000001a5a3980510 JavaThread "Monitor Ctrl-Break"         daemon [_thread_in_native, id=4656, stack(0x0000002912600000,0x0000002912700000) (1024K)]
  0x000001a5a3e5f460 JavaThread "Notification Thread"        daemon [_thread_blocked, id=19800, stack(0x0000002912700000,0x0000002912800000) (1024K)]
  0x000001a5a39e5d50 JavaThread "QuantumRenderer-0"          daemon [_thread_blocked, id=19548, stack(0x0000002912800000,0x0000002912900000) (1024K)]
  0x000001a5a39e4010 JavaThread "RMI TCP Accept-0"           daemon [_thread_in_native, id=20552, stack(0x0000002912a00000,0x0000002912b00000) (1024K)]
  0x000001a5a39e4eb0 JavaThread "RMI Scheduler(0)"           daemon [_thread_blocked, id=18644, stack(0x0000002912b00000,0x0000002912c00000) (1024K)]
  0x000001a5a39e5600 JavaThread "JMX server connection timeout 41" daemon [_thread_blocked, id=15912, stack(0x0000002913000000,0x0000002913100000) (1024K)]
  0x000001a5a39e6bf0 JavaThread "InvokeLaterDispatcher"      daemon [_thread_blocked, id=13308, stack(0x0000002913100000,0x0000002913200000) (1024K)]
  0x000001a5a39e4760 JavaThread "JavaFX Application Thread"         [_thread_in_native, id=7752, stack(0x0000002913200000,0x0000002913300000) (1024K)]
  0x000001a5a4c34cf0 JavaThread "JavaFX-Launcher"                   [_thread_blocked, id=20736, stack(0x0000002912100000,0x0000002912200000) (1024K)]
  0x000001a5a4c35440 JavaThread "Thread-2"                   daemon [_thread_in_native, id=12648, stack(0x0000002912300000,0x0000002912400000) (1024K)]
  0x000001a5a51af840 JavaThread "Prism Font Disposer"        daemon [_thread_blocked, id=6404, stack(0x0000002911f00000,0x0000002912000000) (1024K)]
  0x000001a5a51ae250 JavaThread "Cleaner-0"                  daemon [_thread_blocked, id=18188, stack(0x0000002913b00000,0x0000002913c00000) (1024K)]
  0x000001a5a51adb00 JavaThread "RMI TCP Connection(3)-148.60.135.119" daemon [_thread_in_native, id=19876, stack(0x0000002910a00000,0x0000002910b00000) (1024K)]
  0x000001a5a51b32c0 JavaThread "RMI TCP Connection(idle)"   daemon [_thread_blocked, id=7864, stack(0x0000002910900000,0x0000002910a00000) (1024K)]
  0x000001a5a481af00 JavaThread "C2 CompilerThread1"         daemon [_thread_blocked, id=7180, stack(0x0000002911c00000,0x0000002911d00000) (1024K)]
  0x000001a5a5547070 JavaThread "C1 CompilerThread1"         daemon [_thread_blocked, id=21496, stack(0x0000002911e00000,0x0000002911f00000) (1024K)]
  0x000001a5a51b1580 JavaThread "JFR Recorder Thread"        daemon [_thread_in_native, id=15480, stack(0x0000002912000000,0x0000002912100000) (1024K)]
  0x000001a5a55468e0 JavaThread "C2 CompilerThread2"         daemon [_thread_blocked, id=17028, stack(0x0000002912900000,0x0000002912a00000) (1024K)]
  0x000001a5a5548eb0 JavaThread "C2 CompilerThread3"         daemon [_thread_blocked, id=5084, stack(0x0000002913800000,0x0000002913900000) (1024K)]
  0x000001a5a5547f90 JavaThread "C2 CompilerThread4"         daemon [_thread_blocked, id=21500, stack(0x0000002913900000,0x0000002913a00000) (1024K)]
  0x000001a5a5548720 JavaThread "C1 CompilerThread2"         daemon [_thread_blocked, id=21068, stack(0x0000002913a00000,0x0000002913b00000) (1024K)]
  0x000001a5a5549dd0 JavaThread "C1 CompilerThread3"         daemon [_thread_blocked, id=2568, stack(0x0000002913c00000,0x0000002913d00000) (1024K)]
  0x000001a5a51b2b70 JavaThread "JFR Periodic Tasks"         daemon [_thread_blocked, id=13520, stack(0x0000002913d00000,0x0000002913e00000) (1024K)]
Total: 33

Other Threads:
  0x000001a55c8a84c0 VMThread "VM Thread"                           [id=16116, stack(0x0000002911200000,0x0000002911300000) (1024K)]
  0x000001a55c763a40 WatcherThread "VM Periodic Task Thread"        [id=16404, stack(0x0000002911100000,0x0000002911200000) (1024K)]
  0x000001a53d3a6ce0 WorkerThread "GC Thread#0"                     [id=8648, stack(0x0000002910c00000,0x0000002910d00000) (1024K)]
  0x000001a5a5032a20 WorkerThread "GC Thread#1"                     [id=10432, stack(0x0000002912200000,0x0000002912300000) (1024K)]
  0x000001a5a5032dd0 WorkerThread "GC Thread#2"                     [id=9148, stack(0x0000002912400000,0x0000002912500000) (1024K)]
  0x000001a5a5033180 WorkerThread "GC Thread#3"                     [id=20856, stack(0x0000002912500000,0x0000002912600000) (1024K)]
  0x000001a5a50338e0 WorkerThread "GC Thread#4"                     [id=18696, stack(0x0000002913400000,0x0000002913500000) (1024K)]
  0x000001a5a5033c90 WorkerThread "GC Thread#5"                     [id=18116, stack(0x0000002913500000,0x0000002913600000) (1024K)]
  0x000001a5a5033530 WorkerThread "GC Thread#6"                     [id=20544, stack(0x0000002913600000,0x0000002913700000) (1024K)]
  0x000001a53d3bb5e0 ConcurrentGCThread "G1 Main Marker"            [id=5288, stack(0x0000002910d00000,0x0000002910e00000) (1024K)]
  0x000001a53d3bc000 WorkerThread "G1 Conc#0"                       [id=21280, stack(0x0000002910e00000,0x0000002910f00000) (1024K)]
  0x000001a55c754040 ConcurrentGCThread "G1 Refine#0"               [id=19880, stack(0x0000002910f00000,0x0000002911000000) (1024K)]
  0x000001a55c756880 ConcurrentGCThread "G1 Service"                [id=18900, stack(0x0000002911000000,0x0000002911100000) (1024K)]
Total: 13

Threads with active compile tasks:
Total: 0

VM state: not at safepoint (normal execution)

VM Mutex/Monitor currently owned by a thread: None

Heap address: 0x0000000705800000, size: 4008 MB, Compressed Oops mode: Zero based, Oop shift amount: 3

CDS archive(s) mapped at: [0x000001a55e000000-0x000001a55ed40000-0x000001a55ed40000), size 13893632, SharedBaseAddress: 0x000001a55e000000, ArchiveRelocationMode: 1.
Compressed class space mapped at: 0x000001a55f000000-0x000001a59f000000, reserved size: 1073741824
UseCompressedClassPointers 1, UseCompactObjectHeaders 0
Narrow klass pointer bits 32, Max shift 3
Narrow klass base: 0x000001a55e000000, Narrow klass shift: 0
Encoding Range: [0x000001a55e000000 - 0x000001a65e000000), (4294967296 bytes)
Klass Range:    [0x000001a55e000000 - 0x000001a59f000000), (1090519040 bytes)
Klass ID Range:  [8 - 1090519033) (1090519025)

GC Precious Log:
 CardTable entry size: 512
 Card Set container configuration: InlinePtr #cards 4 size 8 Array Of Cards #cards 16 size 48 Howl #buckets 8 coarsen threshold 3686 Howl Bitmap #cards 512 size 80 coarsen threshold 460 Card regions per heap region 1 cards per card region 4096
 CPUs: 16 total, 16 available
 Memory: 16024M
 Large Page Support: Disabled
 NUMA Support: Disabled
 Compressed Oops: Enabled (Zero based)
 Heap Region Size: 2M
 Heap Min Capacity: 8M
 Heap Initial Capacity: 252M
 Heap Max Capacity: 4008M
 Pre-touch: Disabled
 Parallel Workers: 13
 Concurrent Workers: 3
 Concurrent Refinement Workers: 13
 Periodic GC: Disabled

Heap:
 garbage-first heap   total reserved 4104192K, committed 260096K, used 74715K [0x0000000705800000, 0x0000000800000000)
  region size 2048K, 37 young (75776K), 2 survivors (4096K)
 Metaspace       used 18188K, committed 18432K, reserved 1114112K
  class space    used 1890K, committed 1984K, reserved 1048576K

Heap Regions: E=young(eden), S=young(survivor), O=old, HS=humongous(starts), HC=humongous(continues), CS=collection set, F=free, TAMS=top-at-mark-start, PB=parsable bottom
|   0|0x0000000705800000, 0x0000000705a00000, 0x0000000705a00000|100%|HS|  |TAMS 0x0000000705800000| PB 0x0000000705800000| Complete |  0
|   1|0x0000000705a00000, 0x0000000705a00000, 0x0000000705c00000|  0%| F|  |TAMS 0x0000000705a00000| PB 0x0000000705a00000| Untracked |  0
|   2|0x0000000705c00000, 0x0000000705c00000, 0x0000000705e00000|  0%| F|  |TAMS 0x0000000705c00000| PB 0x0000000705c00000| Untracked |  0
|   3|0x0000000705e00000, 0x0000000705e00000, 0x0000000706000000|  0%| F|  |TAMS 0x0000000705e00000| PB 0x0000000705e00000| Untracked |  0
|   4|0x0000000706000000, 0x0000000706000000, 0x0000000706200000|  0%| F|  |TAMS 0x0000000706000000| PB 0x0000000706000000| Untracked |  0
|   5|0x0000000706200000, 0x0000000706200000, 0x0000000706400000|  0%| F|  |TAMS 0x0000000706200000| PB 0x0000000706200000| Untracked |  0
|   6|0x0000000706400000, 0x0000000706400000, 0x0000000706600000|  0%| F|  |TAMS 0x0000000706400000| PB 0x0000000706400000| Untracked |  0
|   7|0x0000000706600000, 0x0000000706600000, 0x0000000706800000|  0%| F|  |TAMS 0x0000000706600000| PB 0x0000000706600000| Untracked |  0
|   8|0x0000000706800000, 0x0000000706800000, 0x0000000706a00000|  0%| F|  |TAMS 0x0000000706800000| PB 0x0000000706800000| Untracked |  0
|   9|0x0000000706a00000, 0x0000000706a00000, 0x0000000706c00000|  0%| F|  |TAMS 0x0000000706a00000| PB 0x0000000706a00000| Untracked |  0
|  10|0x0000000706c00000, 0x0000000706c00000, 0x0000000706e00000|  0%| F|  |TAMS 0x0000000706c00000| PB 0x0000000706c00000| Untracked |  0
|  11|0x0000000706e00000, 0x0000000706e00000, 0x0000000707000000|  0%| F|  |TAMS 0x0000000706e00000| PB 0x0000000706e00000| Untracked |  0
|  12|0x0000000707000000, 0x0000000707000000, 0x0000000707200000|  0%| F|  |TAMS 0x0000000707000000| PB 0x0000000707000000| Untracked |  0
|  13|0x0000000707200000, 0x0000000707200000, 0x0000000707400000|  0%| F|  |TAMS 0x0000000707200000| PB 0x0000000707200000| Untracked |  0
|  14|0x0000000707400000, 0x0000000707400000, 0x0000000707600000|  0%| F|  |TAMS 0x0000000707400000| PB 0x0000000707400000| Untracked |  0
|  15|0x0000000707600000, 0x0000000707600000, 0x0000000707800000|  0%| F|  |TAMS 0x0000000707600000| PB 0x0000000707600000| Untracked |  0
|  16|0x0000000707800000, 0x0000000707800000, 0x0000000707a00000|  0%| F|  |TAMS 0x0000000707800000| PB 0x0000000707800000| Untracked |  0
|  17|0x0000000707a00000, 0x0000000707a00000, 0x0000000707c00000|  0%| F|  |TAMS 0x0000000707a00000| PB 0x0000000707a00000| Untracked |  0
|  18|0x0000000707c00000, 0x0000000707c00000, 0x0000000707e00000|  0%| F|  |TAMS 0x0000000707c00000| PB 0x0000000707c00000| Untracked |  0
|  19|0x0000000707e00000, 0x0000000707e00000, 0x0000000708000000|  0%| F|  |TAMS 0x0000000707e00000| PB 0x0000000707e00000| Untracked |  0
|  20|0x0000000708000000, 0x0000000708000000, 0x0000000708200000|  0%| F|  |TAMS 0x0000000708000000| PB 0x0000000708000000| Untracked |  0
|  21|0x0000000708200000, 0x0000000708200000, 0x0000000708400000|  0%| F|  |TAMS 0x0000000708200000| PB 0x0000000708200000| Untracked |  0
|  22|0x0000000708400000, 0x0000000708400000, 0x0000000708600000|  0%| F|  |TAMS 0x0000000708400000| PB 0x0000000708400000| Untracked |  0
|  23|0x0000000708600000, 0x0000000708600000, 0x0000000708800000|  0%| F|  |TAMS 0x0000000708600000| PB 0x0000000708600000| Untracked |  0
|  24|0x0000000708800000, 0x0000000708800000, 0x0000000708a00000|  0%| F|  |TAMS 0x0000000708800000| PB 0x0000000708800000| Untracked |  0
|  25|0x0000000708a00000, 0x0000000708a00000, 0x0000000708c00000|  0%| F|  |TAMS 0x0000000708a00000| PB 0x0000000708a00000| Untracked |  0
|  26|0x0000000708c00000, 0x0000000708c00000, 0x0000000708e00000|  0%| F|  |TAMS 0x0000000708c00000| PB 0x0000000708c00000| Untracked |  0
|  27|0x0000000708e00000, 0x0000000708e00000, 0x0000000709000000|  0%| F|  |TAMS 0x0000000708e00000| PB 0x0000000708e00000| Untracked |  0
|  28|0x0000000709000000, 0x0000000709000000, 0x0000000709200000|  0%| F|  |TAMS 0x0000000709000000| PB 0x0000000709000000| Untracked |  0
|  29|0x0000000709200000, 0x0000000709200000, 0x0000000709400000|  0%| F|  |TAMS 0x0000000709200000| PB 0x0000000709200000| Untracked |  0
|  30|0x0000000709400000, 0x0000000709400000, 0x0000000709600000|  0%| F|  |TAMS 0x0000000709400000| PB 0x0000000709400000| Untracked |  0
|  31|0x0000000709600000, 0x0000000709600000, 0x0000000709800000|  0%| F|  |TAMS 0x0000000709600000| PB 0x0000000709600000| Untracked |  0
|  32|0x0000000709800000, 0x0000000709800000, 0x0000000709a00000|  0%| F|  |TAMS 0x0000000709800000| PB 0x0000000709800000| Untracked |  0
|  33|0x0000000709a00000, 0x0000000709a00000, 0x0000000709c00000|  0%| F|  |TAMS 0x0000000709a00000| PB 0x0000000709a00000| Untracked |  0
|  34|0x0000000709c00000, 0x0000000709c00000, 0x0000000709e00000|  0%| F|  |TAMS 0x0000000709c00000| PB 0x0000000709c00000| Untracked |  0
|  35|0x0000000709e00000, 0x0000000709e00000, 0x000000070a000000|  0%| F|  |TAMS 0x0000000709e00000| PB 0x0000000709e00000| Untracked |  0
|  36|0x000000070a000000, 0x000000070a000000, 0x000000070a200000|  0%| F|  |TAMS 0x000000070a000000| PB 0x000000070a000000| Untracked |  0
|  37|0x000000070a200000, 0x000000070a200000, 0x000000070a400000|  0%| F|  |TAMS 0x000000070a200000| PB 0x000000070a200000| Untracked |  0
|  38|0x000000070a400000, 0x000000070a400000, 0x000000070a600000|  0%| F|  |TAMS 0x000000070a400000| PB 0x000000070a400000| Untracked |  0
|  39|0x000000070a600000, 0x000000070a600000, 0x000000070a800000|  0%| F|  |TAMS 0x000000070a600000| PB 0x000000070a600000| Untracked |  0
|  40|0x000000070a800000, 0x000000070a800000, 0x000000070aa00000|  0%| F|  |TAMS 0x000000070a800000| PB 0x000000070a800000| Untracked |  0
|  41|0x000000070aa00000, 0x000000070aa00000, 0x000000070ac00000|  0%| F|  |TAMS 0x000000070aa00000| PB 0x000000070aa00000| Untracked |  0
|  42|0x000000070ac00000, 0x000000070ac00000, 0x000000070ae00000|  0%| F|  |TAMS 0x000000070ac00000| PB 0x000000070ac00000| Untracked |  0
|  43|0x000000070ae00000, 0x000000070ae00000, 0x000000070b000000|  0%| F|  |TAMS 0x000000070ae00000| PB 0x000000070ae00000| Untracked |  0
|  44|0x000000070b000000, 0x000000070b000000, 0x000000070b200000|  0%| F|  |TAMS 0x000000070b000000| PB 0x000000070b000000| Untracked |  0
|  45|0x000000070b200000, 0x000000070b200000, 0x000000070b400000|  0%| F|  |TAMS 0x000000070b200000| PB 0x000000070b200000| Untracked |  0
|  46|0x000000070b400000, 0x000000070b400000, 0x000000070b600000|  0%| F|  |TAMS 0x000000070b400000| PB 0x000000070b400000| Untracked |  0
|  47|0x000000070b600000, 0x000000070b600000, 0x000000070b800000|  0%| F|  |TAMS 0x000000070b600000| PB 0x000000070b600000| Untracked |  0
|  48|0x000000070b800000, 0x000000070b800000, 0x000000070ba00000|  0%| F|  |TAMS 0x000000070b800000| PB 0x000000070b800000| Untracked |  0
|  49|0x000000070ba00000, 0x000000070ba00000, 0x000000070bc00000|  0%| F|  |TAMS 0x000000070ba00000| PB 0x000000070ba00000| Untracked |  0
|  50|0x000000070bc00000, 0x000000070bc00000, 0x000000070be00000|  0%| F|  |TAMS 0x000000070bc00000| PB 0x000000070bc00000| Untracked |  0
|  51|0x000000070be00000, 0x000000070be00000, 0x000000070c000000|  0%| F|  |TAMS 0x000000070be00000| PB 0x000000070be00000| Untracked |  0
|  52|0x000000070c000000, 0x000000070c000000, 0x000000070c200000|  0%| F|  |TAMS 0x000000070c000000| PB 0x000000070c000000| Untracked |  0
|  53|0x000000070c200000, 0x000000070c200000, 0x000000070c400000|  0%| F|  |TAMS 0x000000070c200000| PB 0x000000070c200000| Untracked |  0
|  54|0x000000070c400000, 0x000000070c400000, 0x000000070c600000|  0%| F|  |TAMS 0x000000070c400000| PB 0x000000070c400000| Untracked |  0
|  55|0x000000070c600000, 0x000000070c600000, 0x000000070c800000|  0%| F|  |TAMS 0x000000070c600000| PB 0x000000070c600000| Untracked |  0
|  56|0x000000070c800000, 0x000000070c800000, 0x000000070ca00000|  0%| F|  |TAMS 0x000000070c800000| PB 0x000000070c800000| Untracked |  0
|  57|0x000000070ca00000, 0x000000070ca00000, 0x000000070cc00000|  0%| F|  |TAMS 0x000000070ca00000| PB 0x000000070ca00000| Untracked |  0
|  58|0x000000070cc00000, 0x000000070cc00000, 0x000000070ce00000|  0%| F|  |TAMS 0x000000070cc00000| PB 0x000000070cc00000| Untracked |  0
|  59|0x000000070ce00000, 0x000000070ce00000, 0x000000070d000000|  0%| F|  |TAMS 0x000000070ce00000| PB 0x000000070ce00000| Untracked |  0
|  60|0x000000070d000000, 0x000000070d000000, 0x000000070d200000|  0%| F|  |TAMS 0x000000070d000000| PB 0x000000070d000000| Untracked |  0
|  61|0x000000070d200000, 0x000000070d200000, 0x000000070d400000|  0%| F|  |TAMS 0x000000070d200000| PB 0x000000070d200000| Untracked |  0
|  62|0x000000070d400000, 0x000000070d400000, 0x000000070d600000|  0%| F|  |TAMS 0x000000070d400000| PB 0x000000070d400000| Untracked |  0
|  63|0x000000070d600000, 0x000000070d600000, 0x000000070d800000|  0%| F|  |TAMS 0x000000070d600000| PB 0x000000070d600000| Untracked |  0
|  64|0x000000070d800000, 0x000000070d800000, 0x000000070da00000|  0%| F|  |TAMS 0x000000070d800000| PB 0x000000070d800000| Untracked |  0
|  65|0x000000070da00000, 0x000000070da00000, 0x000000070dc00000|  0%| F|  |TAMS 0x000000070da00000| PB 0x000000070da00000| Untracked |  0
|  66|0x000000070dc00000, 0x000000070dc00000, 0x000000070de00000|  0%| F|  |TAMS 0x000000070dc00000| PB 0x000000070dc00000| Untracked |  0
|  67|0x000000070de00000, 0x000000070de00000, 0x000000070e000000|  0%| F|  |TAMS 0x000000070de00000| PB 0x000000070de00000| Untracked |  0
|  68|0x000000070e000000, 0x000000070e000000, 0x000000070e200000|  0%| F|  |TAMS 0x000000070e000000| PB 0x000000070e000000| Untracked |  0
|  69|0x000000070e200000, 0x000000070e200000, 0x000000070e400000|  0%| F|  |TAMS 0x000000070e200000| PB 0x000000070e200000| Untracked |  0
|  70|0x000000070e400000, 0x000000070e400000, 0x000000070e600000|  0%| F|  |TAMS 0x000000070e400000| PB 0x000000070e400000| Untracked |  0
|  71|0x000000070e600000, 0x000000070e600000, 0x000000070e800000|  0%| F|  |TAMS 0x000000070e600000| PB 0x000000070e600000| Untracked |  0
|  72|0x000000070e800000, 0x000000070e800000, 0x000000070ea00000|  0%| F|  |TAMS 0x000000070e800000| PB 0x000000070e800000| Untracked |  0
|  73|0x000000070ea00000, 0x000000070ea00000, 0x000000070ec00000|  0%| F|  |TAMS 0x000000070ea00000| PB 0x000000070ea00000| Untracked |  0
|  74|0x000000070ec00000, 0x000000070ec00000, 0x000000070ee00000|  0%| F|  |TAMS 0x000000070ec00000| PB 0x000000070ec00000| Untracked |  0
|  75|0x000000070ee00000, 0x000000070ee00000, 0x000000070f000000|  0%| F|  |TAMS 0x000000070ee00000| PB 0x000000070ee00000| Untracked |  0
|  76|0x000000070f000000, 0x000000070f000000, 0x000000070f200000|  0%| F|  |TAMS 0x000000070f000000| PB 0x000000070f000000| Untracked |  0
|  77|0x000000070f200000, 0x000000070f200000, 0x000000070f400000|  0%| F|  |TAMS 0x000000070f200000| PB 0x000000070f200000| Untracked |  0
|  78|0x000000070f400000, 0x000000070f400000, 0x000000070f600000|  0%| F|  |TAMS 0x000000070f400000| PB 0x000000070f400000| Untracked |  0
|  79|0x000000070f600000, 0x000000070f600000, 0x000000070f800000|  0%| F|  |TAMS 0x000000070f600000| PB 0x000000070f600000| Untracked |  0
|  80|0x000000070f800000, 0x000000070f800000, 0x000000070fa00000|  0%| F|  |TAMS 0x000000070f800000| PB 0x000000070f800000| Untracked |  0
|  81|0x000000070fa00000, 0x000000070fa00000, 0x000000070fc00000|  0%| F|  |TAMS 0x000000070fa00000| PB 0x000000070fa00000| Untracked |  0
|  82|0x000000070fc00000, 0x000000070fc00000, 0x000000070fe00000|  0%| F|  |TAMS 0x000000070fc00000| PB 0x000000070fc00000| Untracked |  0
|  83|0x000000070fe00000, 0x000000070fe00000, 0x0000000710000000|  0%| F|  |TAMS 0x000000070fe00000| PB 0x000000070fe00000| Untracked |  0
|  84|0x0000000710000000, 0x0000000710000000, 0x0000000710200000|  0%| F|  |TAMS 0x0000000710000000| PB 0x0000000710000000| Untracked |  0
|  85|0x0000000710200000, 0x0000000710200000, 0x0000000710400000|  0%| F|  |TAMS 0x0000000710200000| PB 0x0000000710200000| Untracked |  0
|  86|0x0000000710400000, 0x0000000710400000, 0x0000000710600000|  0%| F|  |TAMS 0x0000000710400000| PB 0x0000000710400000| Untracked |  0
|  87|0x0000000710600000, 0x0000000710600000, 0x0000000710800000|  0%| F|  |TAMS 0x0000000710600000| PB 0x0000000710600000| Untracked |  0
|  88|0x0000000710800000, 0x0000000710800000, 0x0000000710a00000|  0%| F|  |TAMS 0x0000000710800000| PB 0x0000000710800000| Untracked |  0
|  89|0x0000000710a00000, 0x0000000710bd0fb8, 0x0000000710c00000| 90%| E|  |TAMS 0x0000000710a00000| PB 0x0000000710a00000| Complete |  0
|  90|0x0000000710c00000, 0x0000000710e00000, 0x0000000710e00000|100%| E|CS|TAMS 0x0000000710c00000| PB 0x0000000710c00000| Complete |  0
|  91|0x0000000710e00000, 0x0000000711000000, 0x0000000711000000|100%| E|CS|TAMS 0x0000000710e00000| PB 0x0000000710e00000| Complete |  0
|  92|0x0000000711000000, 0x0000000711200000, 0x0000000711200000|100%| E|CS|TAMS 0x0000000711000000| PB 0x0000000711000000| Complete |  0
|  93|0x0000000711200000, 0x0000000711400000, 0x0000000711400000|100%| E|CS|TAMS 0x0000000711200000| PB 0x0000000711200000| Complete |  0
|  94|0x0000000711400000, 0x0000000711600000, 0x0000000711600000|100%| E|CS|TAMS 0x0000000711400000| PB 0x0000000711400000| Complete |  0
|  95|0x0000000711600000, 0x0000000711800000, 0x0000000711800000|100%| E|CS|TAMS 0x0000000711600000| PB 0x0000000711600000| Complete |  0
|  96|0x0000000711800000, 0x0000000711a00000, 0x0000000711a00000|100%| E|CS|TAMS 0x0000000711800000| PB 0x0000000711800000| Complete |  0
|  97|0x0000000711a00000, 0x0000000711c00000, 0x0000000711c00000|100%| E|CS|TAMS 0x0000000711a00000| PB 0x0000000711a00000| Complete |  0
|  98|0x0000000711c00000, 0x0000000711e00000, 0x0000000711e00000|100%| E|CS|TAMS 0x0000000711c00000| PB 0x0000000711c00000| Complete |  0
|  99|0x0000000711e00000, 0x0000000712000000, 0x0000000712000000|100%| E|CS|TAMS 0x0000000711e00000| PB 0x0000000711e00000| Complete |  0
| 100|0x0000000712000000, 0x00000007121dab50, 0x0000000712200000| 92%| S|CS|TAMS 0x0000000712000000| PB 0x0000000712000000| Complete |  0
| 101|0x0000000712200000, 0x0000000712400000, 0x0000000712400000|100%| S|CS|TAMS 0x0000000712200000| PB 0x0000000712200000| Complete |  0
| 102|0x0000000712400000, 0x0000000712600000, 0x0000000712600000|100%| E|CS|TAMS 0x0000000712400000| PB 0x0000000712400000| Complete |  0
| 103|0x0000000712600000, 0x0000000712800000, 0x0000000712800000|100%| E|CS|TAMS 0x0000000712600000| PB 0x0000000712600000| Complete |  0
| 104|0x0000000712800000, 0x0000000712a00000, 0x0000000712a00000|100%| E|CS|TAMS 0x0000000712800000| PB 0x0000000712800000| Complete |  0
| 105|0x0000000712a00000, 0x0000000712c00000, 0x0000000712c00000|100%| E|CS|TAMS 0x0000000712a00000| PB 0x0000000712a00000| Complete |  0
| 106|0x0000000712c00000, 0x0000000712e00000, 0x0000000712e00000|100%| E|CS|TAMS 0x0000000712c00000| PB 0x0000000712c00000| Complete |  0
| 107|0x0000000712e00000, 0x0000000713000000, 0x0000000713000000|100%| E|CS|TAMS 0x0000000712e00000| PB 0x0000000712e00000| Complete |  0
| 108|0x0000000713000000, 0x0000000713200000, 0x0000000713200000|100%| E|CS|TAMS 0x0000000713000000| PB 0x0000000713000000| Complete |  0
| 109|0x0000000713200000, 0x0000000713400000, 0x0000000713400000|100%| E|CS|TAMS 0x0000000713200000| PB 0x0000000713200000| Complete |  0
| 110|0x0000000713400000, 0x0000000713600000, 0x0000000713600000|100%| E|CS|TAMS 0x0000000713400000| PB 0x0000000713400000| Complete |  0
| 111|0x0000000713600000, 0x0000000713800000, 0x0000000713800000|100%| E|CS|TAMS 0x0000000713600000| PB 0x0000000713600000| Complete |  0
| 112|0x0000000713800000, 0x0000000713a00000, 0x0000000713a00000|100%| E|CS|TAMS 0x0000000713800000| PB 0x0000000713800000| Complete |  0
| 113|0x0000000713a00000, 0x0000000713c00000, 0x0000000713c00000|100%| E|CS|TAMS 0x0000000713a00000| PB 0x0000000713a00000| Complete |  0
| 114|0x0000000713c00000, 0x0000000713e00000, 0x0000000713e00000|100%| E|CS|TAMS 0x0000000713c00000| PB 0x0000000713c00000| Complete |  0
| 115|0x0000000713e00000, 0x0000000714000000, 0x0000000714000000|100%| E|CS|TAMS 0x0000000713e00000| PB 0x0000000713e00000| Complete |  0
| 116|0x0000000714000000, 0x0000000714200000, 0x0000000714200000|100%| E|CS|TAMS 0x0000000714000000| PB 0x0000000714000000| Complete |  0
| 117|0x0000000714200000, 0x0000000714400000, 0x0000000714400000|100%| E|CS|TAMS 0x0000000714200000| PB 0x0000000714200000| Complete |  0
| 118|0x0000000714400000, 0x0000000714600000, 0x0000000714600000|100%| E|CS|TAMS 0x0000000714400000| PB 0x0000000714400000| Complete |  0
| 119|0x0000000714600000, 0x0000000714800000, 0x0000000714800000|100%| E|CS|TAMS 0x0000000714600000| PB 0x0000000714600000| Complete |  0
| 120|0x0000000714800000, 0x0000000714a00000, 0x0000000714a00000|100%| E|CS|TAMS 0x0000000714800000| PB 0x0000000714800000| Complete |  0
| 121|0x0000000714a00000, 0x0000000714c00000, 0x0000000714c00000|100%| E|CS|TAMS 0x0000000714a00000| PB 0x0000000714a00000| Complete |  0
| 122|0x0000000714c00000, 0x0000000714e00000, 0x0000000714e00000|100%| E|  |TAMS 0x0000000714c00000| PB 0x0000000714c00000| Complete |  0
| 123|0x0000000714e00000, 0x0000000715000000, 0x0000000715000000|100%| E|CS|TAMS 0x0000000714e00000| PB 0x0000000714e00000| Complete |  0
| 124|0x0000000715000000, 0x0000000715200000, 0x0000000715200000|100%| E|CS|TAMS 0x0000000715000000| PB 0x0000000715000000| Complete |  0
| 125|0x0000000715200000, 0x0000000715400000, 0x0000000715400000|100%| E|CS|TAMS 0x0000000715200000| PB 0x0000000715200000| Complete |  0
|2003|0x00000007ffe00000, 0x00000007fff1c348, 0x0000000800000000| 55%| O|  |TAMS 0x00000007ffe00000| PB 0x00000007ffe00000| Untracked |  0

Card table byte_map: [0x000001a555d60000,0x000001a556540000] _byte_map_base: 0x000001a552534000

Marking Bits: (CMBitMap*) 0x000001a53d3a7300
 Bits: [0x000001a556540000, 0x000001a55a3e0000)

Polling page: 0x000001a53c910000

Metaspace:

Usage:
  Non-class:     15.92 MB used.
      Class:      1.85 MB used.
       Both:     17.76 MB used.

Virtual space:
  Non-class space:       64.00 MB reserved,      16.06 MB ( 25%) committed,  1 nodes.
      Class space:        1.00 GB reserved,       1.94 MB ( <1%) committed,  1 nodes.
             Both:        1.06 GB reserved,      18.00 MB (  2%) committed. 

Chunk freelists:
   Non-Class:  15.00 MB
       Class:  14.06 MB
        Both:  29.06 MB

MaxMetaspaceSize: unlimited
CompressedClassSpaceSize: 1.00 GB
Initial GC threshold: 21.00 MB
Current GC threshold: 21.00 MB
CDS: on
 - commit_granule_bytes: 65536.
 - commit_granule_words: 8192.
 - virtual_space_node_default_size: 8388608.
 - enlarge_chunks_in_place: 1.
UseCompressedClassPointers 1, UseCompactObjectHeaders 0
Narrow klass pointer bits 32, Max shift 3
Narrow klass base: 0x000001a55e000000, Narrow klass shift: 0
Encoding Range: [0x000001a55e000000 - 0x000001a65e000000), (4294967296 bytes)
Klass Range:    [0x000001a55e000000 - 0x000001a59f000000), (1090519040 bytes)
Klass ID Range:  [8 - 1090519033) (1090519025)


Internal statistics:

num_allocs_failed_limit: 0.
num_arena_births: 298.
num_arena_deaths: 0.
num_vsnodes_births: 2.
num_vsnodes_deaths: 0.
num_space_committed: 288.
num_space_uncommitted: 0.
num_chunks_returned_to_freelist: 0.
num_chunks_taken_from_freelist: 731.
num_chunk_merges: 0.
num_chunk_splits: 491.
num_chunks_enlarged: 353.
num_inconsistent_stats: 0.

CodeHeap 'non-profiled nmethods': size=119232Kb used=2207Kb max_used=2207Kb free=117025Kb
 bounds [0x000001a54d770000, 0x000001a54d9e0000, 0x000001a554be0000]
CodeHeap 'profiled nmethods': size=119104Kb used=8863Kb max_used=8863Kb free=110240Kb
 bounds [0x000001a545be0000, 0x000001a546490000, 0x000001a54d030000]
CodeHeap 'non-nmethods': size=7424Kb used=3346Kb max_used=3499Kb free=4077Kb
 bounds [0x000001a54d030000, 0x000001a54d3b0000, 0x000001a54d770000]
CodeCache: size=245760Kb, used=14416Kb, max_used=14569Kb, free=231342Kb
 total_blobs=5975, nmethods=5151, adapters=726, full_count=0
Compilation: enabled, stopped_count=0, restarted_count=0

Compilation events (20 events):
Event: 521.924 Thread 0x000001a55c8bc220 5148       3       jdk.jfr.internal.Control::apply (10 bytes)
Event: 521.924 Thread 0x000001a5a5549dd0 5149       3       jdk.jfr.internal.Control::findCombine (121 bytes)
Event: 521.924 Thread 0x000001a5a5547070 nmethod 5147 0x000001a546483d08 code [0x000001a546483e60, 0x000001a546484328]
Event: 521.924 Thread 0x000001a5a5547070 5145       1       jdk.jfr.internal.PlatformEventType::isEnabled (5 bytes)
Event: 521.924 Thread 0x000001a5a5547070 nmethod 5145 0x000001a54d989108 code [0x000001a54d989200, 0x000001a54d9892c8]
Event: 521.924 Thread 0x000001a55c8bc220 nmethod 5148 0x000001a546484388 code [0x000001a5464844c0, 0x000001a5464846c8]
Event: 521.924 Thread 0x000001a5a5547070 5144       1       jdk.jfr.internal.EventControl::getNamedControls (5 bytes)
Event: 521.925 Thread 0x000001a5a5547070 nmethod 5144 0x000001a54d989408 code [0x000001a54d989500, 0x000001a54d9895c8]
Event: 521.925 Thread 0x000001a5a5549dd0 nmethod 5149 0x000001a546484708 code [0x000001a546484920, 0x000001a546485908]
Event: 521.925 Thread 0x000001a5a5548720 nmethod 5146 0x000001a546485988 code [0x000001a546485c20, 0x000001a546487078]
Event: 521.931 Thread 0x000001a5a481af00 nmethod 5130 0x000001a54d989708 code [0x000001a54d989880, 0x000001a54d98a7e0]
Event: 521.932 Thread 0x000001a5a55468e0 nmethod 5129 0x000001a54d98a808 code [0x000001a54d98a920, 0x000001a54d98aec8]
Event: 521.935 Thread 0x000001a55c8bc220 5150       1       jdk.jfr.internal.periodic.EventTask::getEventType (5 bytes)
Event: 521.935 Thread 0x000001a55c8bc220 nmethod 5150 0x000001a54d98af08 code [0x000001a54d98b000, 0x000001a54d98b0c8]
Event: 521.936 Thread 0x000001a5a5548720 5151       1       jdk.jfr.internal.periodic.PeriodicTask::getPeriod (5 bytes)
Event: 521.936 Thread 0x000001a5a5549dd0 5152       3       java.util.Comparator$$Lambda/0x000001a55f1eb860::compare (10 bytes)
Event: 521.936 Thread 0x000001a5a5547070 5153       3       java.util.Comparator::lambda$comparingLong$6043328a$1 (18 bytes)
Event: 521.936 Thread 0x000001a5a5548720 nmethod 5151 0x000001a54d98b208 code [0x000001a54d98b300, 0x000001a54d98b3c8]
Event: 521.936 Thread 0x000001a5a5547070 nmethod 5153 0x000001a546487108 code [0x000001a546487260, 0x000001a546487640]
Event: 521.936 Thread 0x000001a5a5549dd0 nmethod 5152 0x000001a546487688 code [0x000001a5464877e0, 0x000001a546487c58]

GC Heap History (2 events):
Event: 1.254 GC heap before
{Heap before GC invocations=0 (full 0):
 garbage-first heap   total reserved 4104192K, committed 260096K, used 48240K [0x0000000705800000, 0x0000000800000000)
  region size 2048K, 24 young (49152K), 0 survivors (0K)
 Metaspace       used 10498K, committed 10752K, reserved 1114112K
  class space    used 1044K, committed 1152K, reserved 1048576K
}
Event: 1.260 GC heap after
{Heap after GC invocations=1 (full 0):
 garbage-first heap   total reserved 4104192K, committed 260096K, used 5083K [0x0000000705800000, 0x0000000800000000)
  region size 2048K, 2 young (4096K), 2 survivors (4096K)
 Metaspace       used 10498K, committed 10752K, reserved 1114112K
  class space    used 1044K, committed 1152K, reserved 1048576K
}

Dll operation events (20 events):
Event: 0.641 Loaded shared library C:\Users\Elouan\.openjfx\cache\17.0.6\api-ms-win-crt-locale-l1-1-0.dll
Event: 0.645 Loaded shared library C:\Users\Elouan\.openjfx\cache\17.0.6\api-ms-win-crt-math-l1-1-0.dll
Event: 0.648 Loaded shared library C:\Users\Elouan\.openjfx\cache\17.0.6\api-ms-win-crt-multibyte-l1-1-0.dll
Event: 0.655 Loaded shared library C:\Users\Elouan\.openjfx\cache\17.0.6\api-ms-win-crt-private-l1-1-0.dll
Event: 0.659 Loaded shared library C:\Users\Elouan\.openjfx\cache\17.0.6\api-ms-win-crt-process-l1-1-0.dll
Event: 0.663 Loaded shared library C:\Users\Elouan\.openjfx\cache\17.0.6\api-ms-win-crt-runtime-l1-1-0.dll
Event: 0.668 Loaded shared library C:\Users\Elouan\.openjfx\cache\17.0.6\api-ms-win-crt-stdio-l1-1-0.dll
Event: 0.671 Loaded shared library C:\Users\Elouan\.openjfx\cache\17.0.6\api-ms-win-crt-string-l1-1-0.dll
Event: 0.674 Loaded shared library C:\Users\Elouan\.openjfx\cache\17.0.6\api-ms-win-crt-time-l1-1-0.dll
Event: 0.678 Loaded shared library C:\Users\Elouan\.openjfx\cache\17.0.6\api-ms-win-crt-utility-l1-1-0.dll
Event: 0.695 Loaded shared library C:\Users\Elouan\.openjfx\cache\17.0.6\ucrtbase.dll
Event: 0.699 Loaded shared library C:\Users\Elouan\.openjfx\cache\17.0.6\vcruntime140.dll
Event: 0.702 Loaded shared library C:\Users\Elouan\.openjfx\cache\17.0.6\vcruntime140_1.dll
Event: 0.713 Loaded shared library C:\Users\Elouan\.openjfx\cache\17.0.6\msvcp140.dll
Event: 0.717 Loaded shared library C:\Users\Elouan\.openjfx\cache\17.0.6\msvcp140_1.dll
Event: 0.722 Loaded shared library C:\Users\Elouan\.openjfx\cache\17.0.6\msvcp140_2.dll
Event: 0.806 Loaded shared library C:\Users\Elouan\.openjfx\cache\17.0.6\prism_d3d.dll
Event: 0.994 Loaded shared library C:\Users\Elouan\.openjfx\cache\17.0.6\glass.dll
Event: 1.253 Loaded shared library C:\Users\Elouan\.openjfx\cache\17.0.6\javafx_font.dll
Event: 521.575 Loaded shared library C:\Users\Elouan\AppData\Local\Temp\idea_libasyncProfiler_dll_temp_folder\libasyncProfiler.dll

Deoptimization events (20 events):
Event: 521.797 Thread 0x000001a55c8b9de0 Uncommon trap: trap_request=0xffffffde fr.pc=0x000001a54d8ddb54 relative=0x00000000000000b4
Event: 521.797 Thread 0x000001a55c8b9de0 Uncommon trap: reason=class_check action=maybe_recompile pc=0x000001a54d8ddb54 method=java.util.ArrayList.indexOfRange(Ljava/lang/Object;II)I @ 54 c2
Event: 521.797 Thread 0x000001a55c8b9de0 DEOPT PACKING pc=0x000001a54d8ddb54 sp=0x00000029116fe700
Event: 521.797 Thread 0x000001a55c8b9de0 DEOPT UNPACKING pc=0x000001a54d147a82 sp=0x00000029116fe5b8 mode 2
Event: 521.807 Thread 0x000001a55c8b9de0 Uncommon trap: trap_request=0xffffff4d fr.pc=0x000001a54d7e32cc relative=0x000000000000028c
Event: 521.807 Thread 0x000001a55c8b9de0 Uncommon trap: reason=unstable_if action=reinterpret pc=0x000001a54d7e32cc method=java.util.concurrent.ConcurrentHashMap.get(Ljava/lang/Object;)Ljava/lang/Object; @ 76 c2
Event: 521.807 Thread 0x000001a55c8b9de0 DEOPT PACKING pc=0x000001a54d7e32cc sp=0x00000029116fe470
Event: 521.807 Thread 0x000001a55c8b9de0 DEOPT UNPACKING pc=0x000001a54d147a82 sp=0x00000029116fe3e8 mode 2
Event: 521.820 Thread 0x000001a55c8b9de0 Uncommon trap: trap_request=0xffffffcc fr.pc=0x000001a54d9679fc relative=0x00000000000003bc
Event: 521.820 Thread 0x000001a55c8b9de0 Uncommon trap: reason=intrinsic_or_type_checked_inlining action=make_not_entrant pc=0x000001a54d9679fc method=java.util.Arrays.copyOf([Ljava/lang/Object;ILjava/lang/Class;)[Ljava/lang/Object; @ 35 c2
Event: 521.820 Thread 0x000001a55c8b9de0 DEOPT PACKING pc=0x000001a54d9679fc sp=0x00000029116fe5d0
Event: 521.820 Thread 0x000001a55c8b9de0 DEOPT UNPACKING pc=0x000001a54d147a82 sp=0x00000029116fe560 mode 2
Event: 521.896 Thread 0x000001a55c8b9de0 Uncommon trap: trap_request=0xffffff4d fr.pc=0x000001a54d97f02c relative=0x000000000000020c
Event: 521.896 Thread 0x000001a55c8b9de0 Uncommon trap: reason=unstable_if action=reinterpret pc=0x000001a54d97f02c method=java.io.ByteArrayOutputStream.ensureCapacity(I)V @ 11 c2
Event: 521.896 Thread 0x000001a55c8b9de0 DEOPT PACKING pc=0x000001a54d97f02c sp=0x00000029116fe8e0
Event: 521.896 Thread 0x000001a55c8b9de0 DEOPT UNPACKING pc=0x000001a54d147a82 sp=0x00000029116fe818 mode 2
Event: 521.901 Thread 0x000001a55c8b9de0 Uncommon trap: trap_request=0xffffff4d fr.pc=0x000001a54d980b70 relative=0x00000000000003d0
Event: 521.901 Thread 0x000001a55c8b9de0 Uncommon trap: reason=unstable_if action=reinterpret pc=0x000001a54d980b70 method=java.io.ByteArrayOutputStream.ensureCapacity(I)V @ 11 c2
Event: 521.901 Thread 0x000001a55c8b9de0 DEOPT PACKING pc=0x000001a54d980b70 sp=0x00000029116fe840
Event: 521.901 Thread 0x000001a55c8b9de0 DEOPT UNPACKING pc=0x000001a54d147a82 sp=0x00000029116fe720 mode 2

Classes loaded (20 events):
Event: 521.875 Loading class jdk/jfr/internal/MetadataWriter
Event: 521.876 Loading class jdk/jfr/internal/MetadataWriter done
Event: 521.876 Loading class jdk/jfr/internal/MetadataDescriptor$Element
Event: 521.876 Loading class jdk/jfr/internal/MetadataDescriptor$Element done
Event: 521.876 Loading class jdk/jfr/internal/MetadataDescriptor$Attribute
Event: 521.876 Loading class jdk/jfr/internal/MetadataDescriptor$Attribute done
Event: 521.888 Loading class jdk/jfr/internal/consumer/StringParser$Encoding
Event: 521.889 Loading class jdk/jfr/internal/consumer/StringParser$Encoding done
Event: 521.914 Loading class jdk/jfr/internal/consumer/RepositoryFiles
Event: 521.915 Loading class jdk/jfr/internal/consumer/RepositoryFiles done
Event: 521.918 Loading class jdk/jfr/internal/SettingsManager$InternalSetting
Event: 521.918 Loading class jdk/jfr/internal/SettingsManager$InternalSetting done
Event: 521.921 Loading class jdk/jfr/internal/util/Rate
Event: 521.921 Loading class jdk/jfr/internal/util/Rate done
Event: 521.921 Loading class jdk/jfr/internal/util/TimespanUnit
Event: 521.921 Loading class jdk/jfr/internal/util/TimespanUnit done
Event: 521.921 Loading class jdk/jfr/internal/util/ValueParser
Event: 521.922 Loading class jdk/jfr/internal/util/ValueParser done
Event: 521.924 Loading class jdk/jfr/internal/periodic/PeriodicType
Event: 521.924 Loading class jdk/jfr/internal/periodic/PeriodicType done

Classes unloaded (0 events):
No events

Classes redefined (0 events):
No events

Internal exceptions (20 events):
Event: 1.404 Thread 0x000001a5a39e64a0 Exception <a 'java/lang/NoSuchMethodError'{0x0000000714cb8cf8}: 'long java.lang.invoke.DelegatingMethodHandle$Holder.reinvoke_L(java.lang.Object, java.lang.Object)'> (0x0000000714cb8cf8) 
thrown [s\open\src\hotspot\share\interpreter\linkResolver.cpp, line 805]
Event: 1.408 Thread 0x000001a5a39e4760 Exception <a 'java/lang/NoSuchMethodError'{0x0000000714ddbc90}: 'void java.lang.invoke.DirectMethodHandle$Holder.invokeStaticInit(java.lang.Object, java.lang.Object)'> (0x0000000714ddbc90) 
thrown [s\open\src\hotspot\share\interpreter\linkResolver.cpp, line 805]
Event: 1.501 Thread 0x000001a5a39e4760 Implicit null exception at 0x000001a54d7a2179 to 0x000001a54d7a2504
Event: 1.755 Thread 0x000001a5a39e4760 Exception <a 'java/lang/IncompatibleClassChangeError'{0x000000071416d110}: Found class java.lang.Object, but interface was expected> (0x000000071416d110) 
thrown [s\open\src\hotspot\share\interpreter\linkResolver.cpp, line 872]
Event: 1.828 Thread 0x000001a5a39e4760 Exception <a 'java/lang/NoSuchMethodError'{0x0000000713f95328}: 'int java.lang.invoke.DirectMethodHandle$Holder.invokeSpecial(java.lang.Object, java.lang.Object, int)'> (0x0000000713f95328) 
thrown [s\open\src\hotspot\share\interpreter\linkResolver.cpp, line 805]
Event: 1.831 Thread 0x000001a5a39e4760 Exception <a 'java/lang/NoSuchMethodError'{0x0000000713fb5860}: 'java.lang.Object java.lang.invoke.DirectMethodHandle$Holder.invokeStatic(java.lang.Object, java.lang.Object, java.lang.Object, java.lang.Object, int)'> (0x0000000713fb5860) 
thrown [s\open\src\hotspot\share\interpreter\linkResolver.cpp, line 805]
Event: 1.851 Thread 0x000001a5a39e4760 Exception <a 'java/lang/NoSuchMethodError'{0x0000000713c6eee8}: 'java.lang.Object java.lang.invoke.DirectMethodHandle$Holder.newInvokeSpecial(java.lang.Object, java.lang.Object, int)'> (0x0000000713c6eee8) 
thrown [s\open\src\hotspot\share\interpreter\linkResolver.cpp, line 805]
Event: 1.935 Thread 0x000001a5a39e5d50 Exception <a 'java/lang/NoSuchMethodError'{0x0000000713a99e68}: 'int java.lang.invoke.DirectMethodHandle$Holder.invokeStaticInit(java.lang.Object, java.lang.Object)'> (0x0000000713a99e68) 
thrown [s\open\src\hotspot\share\interpreter\linkResolver.cpp, line 805]
Event: 387.079 Thread 0x000001a5a39e4760 Exception <a 'java/lang/NoSuchMethodError'{0x00000007118659e0}: 'long java.lang.invoke.DirectMethodHandle$Holder.invokeStatic(java.lang.Object, java.lang.Object, java.lang.Object)'> (0x00000007118659e0) 
thrown [s\open\src\hotspot\share\interpreter\linkResolver.cpp, line 805]
Event: 387.080 Thread 0x000001a5a39e4760 Exception <a 'java/lang/NoSuchMethodError'{0x000000071186d840}: 'long java.lang.invoke.DirectMethodHandle$Holder.invokeStaticInit(java.lang.Object, java.lang.Object, java.lang.Object)'> (0x000000071186d840) 
thrown [s\open\src\hotspot\share\interpreter\linkResolver.cpp, line 805]
Event: 387.083 Thread 0x000001a5a39e4760 Exception <a 'java/lang/NoSuchMethodError'{0x00000007118b93f8}: 'java.lang.Object java.lang.invoke.DirectMethodHandle$Holder.newInvokeSpecial(java.lang.Object, java.lang.Object, long)'> (0x00000007118b93f8) 
thrown [s\open\src\hotspot\share\interpreter\linkResolver.cpp, line 805]
Event: 521.633 Thread 0x000001a55c8b9de0 Exception <a 'sun/nio/fs/WindowsException'{0x00000007114d3608}> (0x00000007114d3608) 
thrown [s\open\src\hotspot\share\prims\jni.cpp, line 518]
Event: 521.636 Thread 0x000001a55c8b9de0 Exception <a 'java/lang/NoSuchMethodError'{0x00000007114da5d0}: 'java.lang.Object java.lang.invoke.DirectMethodHandle$Holder.invokeStatic(java.lang.Object, int, java.lang.Object)'> (0x00000007114da5d0) 
thrown [s\open\src\hotspot\share\interpreter\linkResolver.cpp, line 805]
Event: 521.713 Thread 0x000001a55c8b9de0 Exception <a 'java/lang/NoSuchMethodError'{0x00000007113046e0}: 'int java.lang.invoke.DirectMethodHandle$Holder.invokeStatic(java.lang.Object, java.lang.Object, java.lang.Object, java.lang.Object)'> (0x00000007113046e0) 
thrown [s\open\src\hotspot\share\interpreter\linkResolver.cpp, line 805]
Event: 521.855 Thread 0x000001a55c8b9de0 Exception <a 'java/lang/NoSuchMethodError'{0x0000000710f75d20}: 'void java.lang.invoke.DirectMethodHandle$Holder.invokeSpecial(java.lang.Object, java.lang.Object, int)'> (0x0000000710f75d20) 
thrown [s\open\src\hotspot\share\interpreter\linkResolver.cpp, line 805]
Event: 521.855 Thread 0x000001a55c8b9de0 Exception <a 'java/lang/NoSuchMethodError'{0x0000000710f7d940}: 'void java.lang.invoke.Invokers$Holder.invokeExact_MT(java.lang.Object, int, java.lang.Object)'> (0x0000000710f7d940) 
thrown [s\open\src\hotspot\share\interpreter\linkResolver.cpp, line 805]
Event: 521.857 Thread 0x000001a55c8b9de0 Exception <a 'java/lang/NoSuchMethodError'{0x0000000710f97cf8}: 'void java.lang.invoke.DirectMethodHandle$Holder.invokeStatic(java.lang.Object, java.lang.Object, int)'> (0x0000000710f97cf8) 
thrown [s\open\src\hotspot\share\interpreter\linkResolver.cpp, line 805]
Event: 521.863 Thread 0x000001a55c8b9de0 Exception <a 'sun/nio/fs/WindowsException'{0x0000000710c01200}> (0x0000000710c01200) 
thrown [s\open\src\hotspot\share\prims\jni.cpp, line 518]
Event: 521.866 Thread 0x000001a55c8b9de0 Exception <a 'sun/nio/fs/WindowsException'{0x0000000710c0e010}> (0x0000000710c0e010) 
thrown [s\open\src\hotspot\share\prims\jni.cpp, line 518]
Event: 521.870 Thread 0x000001a55c8b9de0 Exception <a 'sun/nio/fs/WindowsException'{0x0000000710c1fd90}> (0x0000000710c1fd90) 
thrown [s\open\src\hotspot\share\prims\jni.cpp, line 518]

VM Operations (20 events):
Event: 60.038 Executing VM operation: RendezvousGCThreads
Event: 60.038 Executing VM operation: RendezvousGCThreads done
Event: 151.246 Executing VM operation: HandshakeAllThreads (Deoptimize)
Event: 151.246 Executing VM operation: HandshakeAllThreads (Deoptimize) done
Event: 180.236 Executing VM operation: HandshakeAllThreads (HandshakeForDeflation)
Event: 180.237 Executing VM operation: HandshakeAllThreads (HandshakeForDeflation) done
Event: 180.237 Executing VM operation: RendezvousGCThreads
Event: 180.237 Executing VM operation: RendezvousGCThreads done
Event: 240.339 Executing VM operation: HandshakeAllThreads (HandshakeForDeflation)
Event: 240.339 Executing VM operation: HandshakeAllThreads (HandshakeForDeflation) done
Event: 240.339 Executing VM operation: RendezvousGCThreads
Event: 240.339 Executing VM operation: RendezvousGCThreads done
Event: 420.602 Executing VM operation: HandshakeAllThreads (HandshakeForDeflation)
Event: 420.602 Executing VM operation: HandshakeAllThreads (HandshakeForDeflation) done
Event: 420.602 Executing VM operation: RendezvousGCThreads
Event: 420.602 Executing VM operation: RendezvousGCThreads done
Event: 521.860 Executing VM operation: HandshakeAllThreads (Deoptimize)
Event: 521.860 Executing VM operation: HandshakeAllThreads (Deoptimize) done
Event: 521.915 Executing VM operation: JFRSafepointClear
Event: 521.915 Executing VM operation: JFRSafepointClear done

Memory protections (0 events):
No events

Nmethod flushes (0 events):
No events

Events (20 events):
Event: 300.958 Thread 0x000001a5a39e4010 Thread added: 0x000001a5a51adb00
Event: 384.102 Thread 0x000001a55c8bc220 Thread added: 0x000001a5a481af00
Event: 384.102 Thread 0x000001a55c8bc220 Thread added: 0x000001a5a481be20
Event: 384.873 Thread 0x000001a5a481be20 Thread exited: 0x000001a5a481be20
Event: 385.950 Thread 0x000001a55c8bc220 Thread added: 0x000001a5a481be20
Event: 385.950 Thread 0x000001a55c8bc220 Thread added: 0x000001a5a4edf600
Event: 386.130 Thread 0x000001a5a4edf600 Thread exited: 0x000001a5a4edf600
Event: 386.271 Thread 0x000001a5a481be20 Thread exited: 0x000001a5a481be20
Event: 391.295 Thread 0x000001a5a481af00 Thread exited: 0x000001a5a481af00
Event: 437.251 Thread 0x000001a5a39e64a0 Thread exited: 0x000001a5a39e64a0
Event: 481.000 Thread 0x000001a5a39e4010 Thread added: 0x000001a5a51b32c0
Event: 521.620 Thread 0x000001a55c8bc220 Thread added: 0x000001a5a481af00
Event: 521.635 Thread 0x000001a55c8bc220 Thread added: 0x000001a5a5547070
Event: 521.651 Thread 0x000001a55c8b9de0 Thread added: 0x000001a5a51b1580
Event: 521.723 Thread 0x000001a55c8bc220 Thread added: 0x000001a5a55468e0
Event: 521.726 Thread 0x000001a55c8bc220 Thread added: 0x000001a5a5548eb0
Event: 521.728 Thread 0x000001a5a5548eb0 Thread added: 0x000001a5a5547f90
Event: 521.756 Thread 0x000001a55c8bc220 Thread added: 0x000001a5a5548720
Event: 521.810 Thread 0x000001a55c8bc220 Thread added: 0x000001a5a5549dd0
Event: 521.858 Thread 0x000001a55c8b9de0 Thread added: 0x000001a5a51b2b70


Dynamic libraries:
0x00007ff7bb690000 - 0x00007ff7bb69e000 	C:\Users\Elouan\.jdks\openjdk-24\bin\java.exe
0x00007ffaacea0000 - 0x00007ffaad100000 	C:\Windows\SYSTEM32\ntdll.dll
0x00007ffaab070000 - 0x00007ffaab137000 	C:\Windows\System32\KERNEL32.DLL
0x00007ffaaa8d0000 - 0x00007ffaaac9b000 	C:\Windows\System32\KERNELBASE.dll
0x00007ffaaa780000 - 0x00007ffaaa8cb000 	C:\Windows\System32\ucrtbase.dll
0x00007ffa86e80000 - 0x00007ffa86e9b000 	C:\Users\Elouan\.jdks\openjdk-24\bin\VCRUNTIME140.dll
0x00007ffaa06d0000 - 0x00007ffaa06e6000 	C:\Users\Elouan\.jdks\openjdk-24\bin\jli.dll
0x00007ffaacc90000 - 0x00007ffaace5c000 	C:\Windows\System32\USER32.dll
0x00007ffaaa080000 - 0x00007ffaaa0a7000 	C:\Windows\System32\win32u.dll
0x00007ffa89f10000 - 0x00007ffa8a1a7000 	C:\Windows\WinSxS\amd64_microsoft.windows.common-controls_6595b64144ccf1df_6.0.26100.3624_none_3e086962e3345f24\COMCTL32.dll
0x00007ffaab720000 - 0x00007ffaab74a000 	C:\Windows\System32\GDI32.dll
0x00007ffaabfc0000 - 0x00007ffaac069000 	C:\Windows\System32\msvcrt.dll
0x00007ffaaa1f0000 - 0x00007ffaaa321000 	C:\Windows\System32\gdi32full.dll
0x00007ffaaa0b0000 - 0x00007ffaaa153000 	C:\Windows\System32\msvcp_win.dll
0x00007ffaab750000 - 0x00007ffaab77f000 	C:\Windows\System32\IMM32.DLL
0x00007ffaa0720000 - 0x00007ffaa072c000 	C:\Users\Elouan\.jdks\openjdk-24\bin\vcruntime140_1.dll
0x00007ffa85360000 - 0x00007ffa853ee000 	C:\Users\Elouan\.jdks\openjdk-24\bin\msvcp140.dll
0x00007ff9dc980000 - 0x00007ff9dd722000 	C:\Users\Elouan\.jdks\openjdk-24\bin\server\jvm.dll
0x00007ffaac270000 - 0x00007ffaac323000 	C:\Windows\System32\ADVAPI32.dll
0x00007ffaaaca0000 - 0x00007ffaaad46000 	C:\Windows\System32\sechost.dll
0x00007ffaaad50000 - 0x00007ffaaae66000 	C:\Windows\System32\RPCRT4.dll
0x00007ffaabda0000 - 0x00007ffaabe14000 	C:\Windows\System32\WS2_32.dll
0x00007ffaa8c10000 - 0x00007ffaa8c6e000 	C:\Windows\SYSTEM32\POWRPROF.dll
0x00007ffa9f7d0000 - 0x00007ffa9f7db000 	C:\Windows\SYSTEM32\VERSION.dll
0x00007ffa97e60000 - 0x00007ffa97e96000 	C:\Windows\SYSTEM32\WINMM.dll
0x00007ffaa8bf0000 - 0x00007ffaa8c04000 	C:\Windows\SYSTEM32\UMPDC.dll
0x00007ffaa8f70000 - 0x00007ffaa8f8a000 	C:\Windows\SYSTEM32\kernel.appcore.dll
0x00007ffaa06c0000 - 0x00007ffaa06ca000 	C:\Users\Elouan\.jdks\openjdk-24\bin\jimage.dll
0x00007ffaa7000000 - 0x00007ffaa7241000 	C:\Windows\SYSTEM32\DBGHELP.DLL
0x00007ffaab390000 - 0x00007ffaab713000 	C:\Windows\System32\combase.dll
0x00007ffaabc40000 - 0x00007ffaabd16000 	C:\Windows\System32\OLEAUT32.dll
0x00007ffa345f0000 - 0x00007ffa34629000 	C:\Windows\SYSTEM32\dbgcore.DLL
0x00007ffaaa4a0000 - 0x00007ffaaa539000 	C:\Windows\System32\bcryptPrimitives.dll
0x00007ffa870e0000 - 0x00007ffa870ef000 	C:\Users\Elouan\.jdks\openjdk-24\bin\instrument.dll
0x00007ffa85570000 - 0x00007ffa8558e000 	C:\Users\Elouan\.jdks\openjdk-24\bin\java.dll
0x00007ffaabe20000 - 0x00007ffaabfb6000 	C:\Windows\System32\ole32.dll
0x00007ffaac560000 - 0x00007ffaacc89000 	C:\Windows\System32\SHELL32.dll
0x00007ffaaa330000 - 0x00007ffaaa498000 	C:\Windows\System32\wintypes.dll
0x00007ffaa7ce0000 - 0x00007ffaa8532000 	C:\Windows\SYSTEM32\windows.storage.dll
0x00007ffaac0f0000 - 0x00007ffaac1dd000 	C:\Windows\System32\SHCORE.dll
0x00007ffaac3f0000 - 0x00007ffaac454000 	C:\Windows\System32\shlwapi.dll
0x00007ffaa9f90000 - 0x00007ffaa9fbf000 	C:\Windows\SYSTEM32\profapi.dll
0x00007ffa735c0000 - 0x00007ffa73697000 	C:\Users\Elouan\.jdks\openjdk-24\bin\jsvml.dll
0x00007ffa86e70000 - 0x00007ffa86e80000 	C:\Users\Elouan\.jdks\openjdk-24\bin\net.dll
0x00007ffaa9470000 - 0x00007ffaa94da000 	C:\Windows\system32\mswsock.dll
0x00007ffa85550000 - 0x00007ffa85566000 	C:\Users\Elouan\.jdks\openjdk-24\bin\nio.dll
0x00007ffa854d0000 - 0x00007ffa854e7000 	C:\Users\Elouan\.jdks\openjdk-24\bin\zip.dll
0x00007ffaa8840000 - 0x00007ffaa8965000 	C:\Windows\SYSTEM32\DNSAPI.dll
0x00007ffaa8800000 - 0x00007ffaa8833000 	C:\Windows\SYSTEM32\IPHLPAPI.DLL
0x00007ffaaae70000 - 0x00007ffaaae7a000 	C:\Windows\System32\NSI.dll
0x00007ffaa4820000 - 0x00007ffaa482b000 	C:\Windows\System32\rasadhlp.dll
0x00007ffaa4ee0000 - 0x00007ffaa4f65000 	C:\Windows\System32\fwpuclnt.dll
0x00007ffa870b0000 - 0x00007ffa870ba000 	C:\Users\Elouan\.jdks\openjdk-24\bin\management.dll
0x00007ffa870a0000 - 0x00007ffa870ab000 	C:\Users\Elouan\.jdks\openjdk-24\bin\management_ext.dll
0x00007ffaac3e0000 - 0x00007ffaac3e8000 	C:\Windows\System32\PSAPI.DLL
0x000001a53c950000 - 0x000001a53c953000 	C:\Users\Elouan\.openjfx\cache\17.0.6\api-ms-win-core-console-l1-1-0.dll
0x000001a53c960000 - 0x000001a53c963000 	C:\Users\Elouan\.openjfx\cache\17.0.6\api-ms-win-core-console-l1-2-0.dll
0x000001a53c970000 - 0x000001a53c973000 	C:\Users\Elouan\.openjfx\cache\17.0.6\api-ms-win-core-datetime-l1-1-0.dll
0x000001a53c980000 - 0x000001a53c983000 	C:\Users\Elouan\.openjfx\cache\17.0.6\api-ms-win-core-debug-l1-1-0.dll
0x000001a53c990000 - 0x000001a53c993000 	C:\Users\Elouan\.openjfx\cache\17.0.6\api-ms-win-core-errorhandling-l1-1-0.dll
0x000001a53c9a0000 - 0x000001a53c9a4000 	C:\Users\Elouan\.openjfx\cache\17.0.6\api-ms-win-core-file-l1-1-0.dll
0x000001a53d2a0000 - 0x000001a53d2a3000 	C:\Users\Elouan\.openjfx\cache\17.0.6\api-ms-win-core-file-l1-2-0.dll
0x000001a53d2b0000 - 0x000001a53d2b3000 	C:\Users\Elouan\.openjfx\cache\17.0.6\api-ms-win-core-file-l2-1-0.dll
0x000001a53d2c0000 - 0x000001a53d2c3000 	C:\Users\Elouan\.openjfx\cache\17.0.6\api-ms-win-core-handle-l1-1-0.dll
0x000001a53d2d0000 - 0x000001a53d2d3000 	C:\Users\Elouan\.openjfx\cache\17.0.6\api-ms-win-core-heap-l1-1-0.dll
0x000001a53d2e0000 - 0x000001a53d2e3000 	C:\Users\Elouan\.openjfx\cache\17.0.6\api-ms-win-core-interlocked-l1-1-0.dll
0x000001a53d2f0000 - 0x000001a53d2f3000 	C:\Users\Elouan\.openjfx\cache\17.0.6\api-ms-win-core-libraryloader-l1-1-0.dll
0x000001a55ddf0000 - 0x000001a55ddf3000 	C:\Users\Elouan\.openjfx\cache\17.0.6\api-ms-win-core-localization-l1-2-0.dll
0x000001a55de00000 - 0x000001a55de03000 	C:\Users\Elouan\.openjfx\cache\17.0.6\api-ms-win-core-memory-l1-1-0.dll
0x000001a55de10000 - 0x000001a55de13000 	C:\Users\Elouan\.openjfx\cache\17.0.6\api-ms-win-core-namedpipe-l1-1-0.dll
0x000001a55de20000 - 0x000001a55de23000 	C:\Users\Elouan\.openjfx\cache\17.0.6\api-ms-win-core-processenvironment-l1-1-0.dll
0x000001a55de30000 - 0x000001a55de33000 	C:\Users\Elouan\.openjfx\cache\17.0.6\api-ms-win-core-processthreads-l1-1-0.dll
0x000001a55de40000 - 0x000001a55de43000 	C:\Users\Elouan\.openjfx\cache\17.0.6\api-ms-win-core-processthreads-l1-1-1.dll
0x000001a55de50000 - 0x000001a55de53000 	C:\Users\Elouan\.openjfx\cache\17.0.6\api-ms-win-core-profile-l1-1-0.dll
0x000001a55de60000 - 0x000001a55de63000 	C:\Users\Elouan\.openjfx\cache\17.0.6\api-ms-win-core-rtlsupport-l1-1-0.dll
0x000001a55de70000 - 0x000001a55de73000 	C:\Users\Elouan\.openjfx\cache\17.0.6\api-ms-win-core-string-l1-1-0.dll
0x000001a55dcc0000 - 0x000001a55dcc3000 	C:\Users\Elouan\.openjfx\cache\17.0.6\api-ms-win-core-synch-l1-1-0.dll
0x000001a55dcd0000 - 0x000001a55dcd3000 	C:\Users\Elouan\.openjfx\cache\17.0.6\api-ms-win-core-synch-l1-2-0.dll
0x000001a55dce0000 - 0x000001a55dce3000 	C:\Users\Elouan\.openjfx\cache\17.0.6\api-ms-win-core-sysinfo-l1-1-0.dll
0x000001a55dcf0000 - 0x000001a55dcf3000 	C:\Users\Elouan\.openjfx\cache\17.0.6\api-ms-win-core-timezone-l1-1-0.dll
0x000001a55dd00000 - 0x000001a55dd03000 	C:\Users\Elouan\.openjfx\cache\17.0.6\api-ms-win-core-util-l1-1-0.dll
0x000001a55dd10000 - 0x000001a55dd13000 	C:\Users\Elouan\.openjfx\cache\17.0.6\api-ms-win-crt-conio-l1-1-0.dll
0x000001a55dd20000 - 0x000001a55dd24000 	C:\Users\Elouan\.openjfx\cache\17.0.6\api-ms-win-crt-convert-l1-1-0.dll
0x000001a55dd30000 - 0x000001a55dd33000 	C:\Users\Elouan\.openjfx\cache\17.0.6\api-ms-win-crt-environment-l1-1-0.dll
0x000001a55dd40000 - 0x000001a55dd43000 	C:\Users\Elouan\.openjfx\cache\17.0.6\api-ms-win-crt-filesystem-l1-1-0.dll
0x000001a55dd50000 - 0x000001a55dd53000 	C:\Users\Elouan\.openjfx\cache\17.0.6\api-ms-win-crt-heap-l1-1-0.dll
0x000001a55dd60000 - 0x000001a55dd63000 	C:\Users\Elouan\.openjfx\cache\17.0.6\api-ms-win-crt-locale-l1-1-0.dll
0x000001a55dd70000 - 0x000001a55dd75000 	C:\Users\Elouan\.openjfx\cache\17.0.6\api-ms-win-crt-math-l1-1-0.dll
0x000001a55dd80000 - 0x000001a55dd85000 	C:\Users\Elouan\.openjfx\cache\17.0.6\api-ms-win-crt-multibyte-l1-1-0.dll
0x000001a55dd90000 - 0x000001a55dda0000 	C:\Users\Elouan\.openjfx\cache\17.0.6\api-ms-win-crt-private-l1-1-0.dll
0x000001a55dda0000 - 0x000001a55dda3000 	C:\Users\Elouan\.openjfx\cache\17.0.6\api-ms-win-crt-process-l1-1-0.dll
0x000001a55ddb0000 - 0x000001a55ddb4000 	C:\Users\Elouan\.openjfx\cache\17.0.6\api-ms-win-crt-runtime-l1-1-0.dll
0x000001a55ddc0000 - 0x000001a55ddc4000 	C:\Users\Elouan\.openjfx\cache\17.0.6\api-ms-win-crt-stdio-l1-1-0.dll
0x000001a55ddd0000 - 0x000001a55ddd4000 	C:\Users\Elouan\.openjfx\cache\17.0.6\api-ms-win-crt-string-l1-1-0.dll
0x000001a55dde0000 - 0x000001a55dde3000 	C:\Users\Elouan\.openjfx\cache\17.0.6\api-ms-win-crt-time-l1-1-0.dll
0x000001a55de80000 - 0x000001a55de83000 	C:\Users\Elouan\.openjfx\cache\17.0.6\api-ms-win-crt-utility-l1-1-0.dll
0x00007ffa73370000 - 0x00007ffa7346c000 	C:\Users\Elouan\.openjfx\cache\17.0.6\ucrtbase.dll
0x00007ffa87080000 - 0x00007ffa8709a000 	C:\Users\Elouan\.openjfx\cache\17.0.6\vcruntime140.dll
0x00007ffa87070000 - 0x00007ffa8707c000 	C:\Users\Elouan\.openjfx\cache\17.0.6\vcruntime140_1.dll
0x00007ffa732e0000 - 0x00007ffa7336d000 	C:\Users\Elouan\.openjfx\cache\17.0.6\msvcp140.dll
0x00007ffa87060000 - 0x00007ffa87069000 	C:\Users\Elouan\.openjfx\cache\17.0.6\msvcp140_1.dll
0x00007ffa87030000 - 0x00007ffa8705f000 	C:\Users\Elouan\.openjfx\cache\17.0.6\msvcp140_2.dll
0x00007ffa87000000 - 0x00007ffa8702a000 	C:\Users\Elouan\.openjfx\cache\17.0.6\prism_d3d.dll
0x00007ffa6da60000 - 0x00007ffa6dc0c000 	C:\Windows\system32\d3d9.dll
0x00007ffaa7830000 - 0x00007ffaa7865000 	C:\Windows\SYSTEM32\dwmapi.dll
0x00007ffaa7610000 - 0x00007ffaa7657000 	C:\Windows\SYSTEM32\dxcore.dll
0x00007ffaa9820000 - 0x00007ffaa983c000 	C:\Windows\SYSTEM32\CRYPTSP.dll
0x00007ffaa8ed0000 - 0x00007ffaa8f0a000 	C:\Windows\system32\rsaenh.dll
0x00007ffaa6e30000 - 0x00007ffaa6ede000 	C:\Windows\system32\uxtheme.dll
0x00007ffaa9510000 - 0x00007ffaa953b000 	C:\Windows\SYSTEM32\USERENV.dll
0x00007ffa696d0000 - 0x00007ffa69795000 	C:\Windows\SYSTEM32\d3d9on12.dll
0x00007ffa855d0000 - 0x00007ffa855f3000 	C:\Windows\SYSTEM32\d3d12.dll
0x00007ffaa76d0000 - 0x00007ffaa77fe000 	C:\Windows\SYSTEM32\dxgi.dll
0x00007ffaa7660000 - 0x00007ffaa76be000 	C:\Windows\SYSTEM32\directxdatabasehelper.dll
0x00007ffaa9d10000 - 0x00007ffaa9d6f000 	C:\Windows\SYSTEM32\cfgmgr32.dll
0x00007ffaa99b0000 - 0x00007ffaa99d6000 	C:\Windows\SYSTEM32\bcrypt.dll
0x00007ffaa96a0000 - 0x00007ffaa96ac000 	C:\Windows\SYSTEM32\CRYPTBASE.dll
0x00007ffa67860000 - 0x00007ffa67ad3000 	C:\Windows\SYSTEM32\D3D12Core.dll
0x00007ffa62550000 - 0x00007ffa62657000 	C:\Windows\System32\DriverStore\FileRepository\iigd_dch.inf_amd64_0fdf6ce291234272\igd12umd64.dll
0x00007ff9dba70000 - 0x00007ff9dc975000 	C:\Windows\System32\DriverStore\FileRepository\iigd_dch.inf_amd64_0fdf6ce291234272\igd12um64xel.dll
0x00007ffaaa600000 - 0x00007ffaaa777000 	C:\Windows\System32\CRYPT32.dll
0x00007ffa8b190000 - 0x00007ffa8b1d4000 	C:\Windows\SYSTEM32\ControlLib.dll
0x00007ffaab7b0000 - 0x00007ffaabc36000 	C:\Windows\System32\SETUPAPI.dll
0x00007ffaa9ce0000 - 0x00007ffaa9d0d000 	C:\Windows\SYSTEM32\DEVOBJ.dll
0x00007ffa93ca0000 - 0x00007ffa93d2b000 	C:\Windows\System32\DriverStore\FileRepository\iigd_dch.inf_amd64_0fdf6ce291234272\IntelControlLib.dll
0x00007ffaaa160000 - 0x00007ffaaa1df000 	C:\Windows\System32\WINTRUST.dll
0x00007ffaa9880000 - 0x00007ffaa9893000 	C:\Windows\SYSTEM32\MSASN1.dll
0x00007ffa93320000 - 0x00007ffa93758000 	C:\Windows\System32\DriverStore\FileRepository\iigd_dch.inf_amd64_0fdf6ce291234272\igdgmm64.dll

dbghelp: loaded successfully - version: 4.0.5 - missing functions: none
symbol engine: initialized successfully - sym options: 0x614 - pdb path: .;C:\Users\Elouan\.jdks\openjdk-24\bin;C:\Windows\SYSTEM32;C:\Windows\WinSxS\amd64_microsoft.windows.common-controls_6595b64144ccf1df_6.0.26100.3624_none_3e086962e3345f24;C:\Users\Elouan\.jdks\openjdk-24\bin\server;C:\Users\Elouan\.openjfx\cache\17.0.6;C:\Windows\System32\DriverStore\FileRepository\iigd_dch.inf_amd64_0fdf6ce291234272;C:\Program Files\Common Files\Microsoft Shared\Ink;C:\Users\Elouan\AppData\Local\Temp\idea_libasyncProfiler_dll_temp_folder

VM Arguments:
jvm_args: -javaagent:C:\Program Files\JetBrains\IntelliJ IDEA 2024.3.5\lib\idea_rt.jar=54143 -Dfile.encoding=UTF-8 -Dsun.stdout.encoding=UTF-8 -Dsun.stderr.encoding=UTF-8 --module-path=C:\Users\Elouan\.m2\repository\org\openjfx\javafx-controls\17.0.6\javafx-controls-17.0.6-win.jar;C:\Users\Elouan\.m2\repository\org\openjfx\javafx-fxml\17.0.6\javafx-fxml-17.0.6-win.jar;C:\Users\Elouan\.m2\repository\org\openjfx\javafx-base\17.0.6\javafx-base-17.0.6-win.jar;C:\Users\Elouan\.m2\repository\org\openjfx\javafx-graphics\17.0.6\javafx-graphics-17.0.6-win.jar;C:\Users\Elouan\cours1\demo2\target\classes -Djdk.module.main=demo2 
java_command: demo2/tp2.Main
java_class_path (initial): C:\Users\Elouan\.m2\repository\org\openjfx\javafx-controls\17.0.6\javafx-controls-17.0.6.jar;C:\Users\Elouan\.m2\repository\org\openjfx\javafx-graphics\17.0.6\javafx-graphics-17.0.6.jar;C:\Users\Elouan\.m2\repository\org\openjfx\javafx-base\17.0.6\javafx-base-17.0.6.jar;C:\Users\Elouan\.m2\repository\org\openjfx\javafx-fxml\17.0.6\javafx-fxml-17.0.6.jar
Launcher Type: SUN_STANDARD

[Global flags]
     intx CICompilerCount                          = 12                                        {product} {ergonomic}
     uint ConcGCThreads                            = 3                                         {product} {ergonomic}
     bool FlightRecorder                           = true                                      {product} {management}
     uint G1ConcRefinementThreads                  = 13                                        {product} {ergonomic}
   size_t G1HeapRegionSize                         = 2097152                                   {product} {ergonomic}
   size_t InitialHeapSize                          = 264241152                                 {product} {ergonomic}
   size_t MarkStackSize                            = 4194304                                   {product} {ergonomic}
   size_t MarkStackSizeMax                         = 536870912                                 {product} {ergonomic}
   size_t MaxHeapSize                              = 4202692608                                {product} {ergonomic}
   size_t MaxNewSize                               = 2520776704                                {product} {ergonomic}
   size_t MinHeapDeltaBytes                        = 2097152                                   {product} {ergonomic}
   size_t MinHeapSize                              = 8388608                                   {product} {ergonomic}
    uintx NonNMethodCodeHeapSize                   = 7602176                                {pd product} {ergonomic}
    uintx NonProfiledCodeHeapSize                  = 122093568                              {pd product} {ergonomic}
    uintx ProfiledCodeHeapSize                     = 121962496                              {pd product} {ergonomic}
    uintx ReservedCodeCacheSize                    = 251658240                              {pd product} {ergonomic}
     bool SegmentedCodeCache                       = true                                      {product} {ergonomic}
   size_t SoftMaxHeapSize                          = 4202692608                             {manageable} {ergonomic}
     bool UseCompressedOops                        = true                           {product lp64_product} {ergonomic}
     bool UseG1GC                                  = true                                      {product} {ergonomic}
     bool UseLargePagesIndividualAllocation        = false                                  {pd product} {ergonomic}

Logging:
Log output configuration:
 #0: stdout all=warning uptime,level,tags foldmultilines=false
 #1: stderr all=off uptime,level,tags foldmultilines=false

Environment Variables:
PATH=C:\Program Files\Common Files\Oracle\Java\javapath;C:\Windows\system32;C:\Windows;C:\Windows\System32\Wbem;C:\Windows\System32\WindowsPowerShell\v1.0\;C:\Windows\System32\OpenSSH\;C:\Windows\AtlasModules;C:\Windows\AtlasModules\Tools;C:\Windows\AtlasModules\Scripts;C:\Program Files\Git\cmd;C:\Program Files\dotnet\;C:\Program Files\NVIDIA Corporation\NVIDIA app\NvDLISR;C:\Program Files (x86)\NVIDIA Corporation\PhysX\Common;C:\Program Files\nodejs\;C:\Users\Elouan\AppData\Local\Microsoft\WindowsApps;C:\Users\Elouan\AppData\Local\GitHubDesktop\bin;C:\Users\Elouan\AppData\Local\Programs\Microsoft VS Code\bin;C:\Users\Elouan\AppData\Roaming\npm;C:\Users\Elouan\AppData\Local\spicetify
USERNAME=Elouan
OS=Windows_NT
PROCESSOR_IDENTIFIER=Intel64 Family 6 Model 154 Stepping 3, GenuineIntel
TMP=C:\Users\Elouan\AppData\Local\Temp
TEMP=C:\Users\Elouan\AppData\Local\Temp




Periodic native trim disabled

---------------  S Y S T E M  ---------------

OS:
 Windows 11 , 64 bit Build 26100 (10.0.26100.3624)
OS uptime: 0 days 2:47 hours
Hyper-V role detected

CPU: total 16 (initial active 16) (8 cores per cpu, 2 threads per core) family 6 model 154 stepping 3 microcode 0x434, cx8, cmov, fxsr, ht, mmx, 3dnowpref, sse, sse2, sse3, ssse3, sse4.1, sse4.2, popcnt, lzcnt, tsc, tscinvbit, avx, avx2, aes, erms, clmul, bmi1, bmi2, adx, sha, fma, vzeroupper, clflush, clflushopt, clwb, hv, serialize, rdtscp, rdpid, fsrm, gfni, f16c, cet_ibt, cet_ss
Processor Information for the first 16 processors :
  Max Mhz: 2500, Current Mhz: 2500, Mhz Limit: 2500

Memory: 4k page, system-wide physical 16024M (2640M free)
TotalPageFile size 23960M (AvailPageFile size 6349M)
current process WorkingSet (physical memory assigned to process): 369M, peak: 373M
current process commit charge ("private bytes"): 627M, peak: 642M

vm_info: OpenJDK 64-Bit Server VM (24+36-3646) for windows-amd64 JRE (24+36-3646), built on 2025-02-06T00:20:43Z with MS VC++ 17.6 (VS2022)

END.
